{
  "stats": {
    "suites": 1,
    "tests": 1,
    "passes": 1,
    "pending": 0,
    "failures": 0,
    "start": "2024-04-19T08:44:46.525Z",
    "end": "2024-04-19T08:44:56.878Z",
    "duration": 10353,
    "testsRegistered": 1,
    "passPercent": 100,
    "pendingPercent": 0,
    "other": 0,
    "hasOther": false,
    "skipped": 0,
    "hasSkipped": false
  },
  "results": [
    {
      "uuid": "64c57d29-c519-4695-9eda-3c30de24412f",
      "title": "",
      "fullFile": "cypress\\e2e\\Sanity\\Login page\\privacypolicy.cy.js",
      "file": "cypress\\e2e\\Sanity\\Login page\\privacypolicy.cy.js",
      "beforeHooks": [],
      "afterHooks": [],
      "tests": [],
      "suites": [
        {
          "uuid": "64fef8e5-3632-4d24-9a3a-471af3ac3f7d",
          "title": "P&P",
          "fullFile": "",
          "file": "",
          "beforeHooks": [],
          "afterHooks": [],
          "tests": [
            {
              "title": "Checking P&P page",
              "fullTitle": "P&P Checking P&P page",
              "timedOut": null,
              "duration": 8466,
              "state": "passed",
              "speed": "medium",
              "pass": true,
              "fail": false,
              "pending": false,
              "context": "{\n  \"title\": \"cypress-mochawesome-reporter-videos-passed\",\n  \"value\": \"cypress\\\\e2e\\\\Sanity\\\\Login page\\\\privacypolicy.cy.js\"\n}",
              "code": "const selectedEnvironments = _urls.default.selectedEnvironment;\nconst selectUrl = _urls.default.environments[selectedEnvironments];\ncy.visit(selectUrl);\ncy.wait(1500);\ncy.contains('Login').click();\ncy.wait(1500);\ncy.contains('Privacy Policy.').invoke('removeAttr', 'target').click();\ncy.wait(1500);\ncy.get('body').contains('THE POLICY').should('exist');",
              "err": {},
              "uuid": "3c41d27e-7296-4291-80e1-e9bb4ab09603",
              "parentUUID": "64fef8e5-3632-4d24-9a3a-471af3ac3f7d",
              "isHook": false,
              "skipped": false
            }
          ],
          "suites": [],
          "passes": [
            "3c41d27e-7296-4291-80e1-e9bb4ab09603"
          ],
          "failures": [],
          "pending": [],
          "skipped": [],
          "duration": 8466,
          "root": false,
          "rootEmpty": false,
          "_timeout": 2000
        }
      ],
      "passes": [],
      "failures": [],
      "pending": [],
      "skipped": [],
      "duration": 0,
      "root": true,
      "rootEmpty": true,
      "_timeout": 2000
    }
  ],
  "meta": {
    "mocha": {
      "version": "7.0.1"
    },
    "mochawesome": {
      "options": {
        "quiet": false,
        "reportFilename": "mochawesome",
        "saveHtml": false,
        "saveJson": true,
        "consoleReporter": "spec",
        "useInlineDiffs": false,
        "code": true
      },
      "version": "7.1.3"
    },
    "marge": {
      "options": {
        "overwrite": false,
        "html": false,
        "json": true,
        "reportDir": "cypress\\reports\\html\\.jsons"
      },
      "version": "6.2.0"
    }
  }
}