{
  "stats": {
    "suites": 1,
    "tests": 1,
    "passes": 1,
    "pending": 0,
    "failures": 0,
    "start": "2024-06-28T11:48:42.763Z",
    "end": "2024-06-28T11:49:09.673Z",
    "duration": 26910,
    "testsRegistered": 1,
    "passPercent": 100,
    "pendingPercent": 0,
    "other": 0,
    "hasOther": false,
    "skipped": 0,
    "hasSkipped": false
  },
  "results": [
    {
      "uuid": "1cc1f77d-93e6-48bc-ac5d-f2c365e09096",
      "title": "",
      "fullFile": "cypress\\e2e\\DataFlow\\Medical Profile\\Mobility Status_2.cy.js",
      "file": "cypress\\e2e\\DataFlow\\Medical Profile\\Mobility Status_2.cy.js",
      "beforeHooks": [],
      "afterHooks": [],
      "tests": [],
      "suites": [
        {
          "uuid": "7cba01ef-3f89-4e5d-b3f1-4b48ebcb2505",
          "title": "BG",
          "fullFile": "",
          "file": "",
          "beforeHooks": [],
          "afterHooks": [],
          "tests": [
            {
              "title": "BG",
              "fullTitle": "BG BG",
              "timedOut": null,
              "duration": 25201,
              "state": "passed",
              "speed": "slow",
              "pass": true,
              "fail": false,
              "pending": false,
              "context": "{\n  \"title\": \"cypress-mochawesome-reporter-videos-passed\",\n  \"value\": \"cypress\\\\e2e\\\\DataFlow\\\\Medical Profile\\\\Mobility Status_2.cy.js\"\n}",
              "code": "const selectedEnvironments = _urls.default.selectedEnvironment;\nconst selectUrl = _urls.default.environments[selectedEnvironments];\ncy.visit(selectUrl);\nconst P1 = new _Elements.default();\ncy.wait(1500);\ncy.contains('Login').click();\ncy.wait(1500);\ncy.get('input[id=\"email\"]').type(_UNPASS.default.Un);\ncy.wait(1500);\ncy.get('button[type=\"submit\"]').click();\ncy.wait(3500);\nP1.PTA();\ncy.wait(1000);\nP1.OTP();\ncy.wait(1000);\ncy.contains('Verify').click();\ncy.wait(1500);\ncy.get('body').then($bodyText => {\n  const bodyText = $bodyText.text();\n  if (bodyText.includes('Edit Profile')) {\n    cy.contains('Edit Profile').click();\n  } else {\n    cy.contains('Complete Profile').eq(0).click();\n  }\n});\ncy.contains('Medical Profile').click();\ncy.wait(1000);\nlet BG = 'select[class=\"chakra-select css-161pkch\"]';\ncy.wait(1000);\ncy.get(BG).eq(1).select('Mobile (Able to move)');\ncy.wait(1000);\ncy.get(BG).eq(1).should('have.value', 'Mobile');",
              "err": {},
              "uuid": "197581b9-2363-494e-8b40-e24608722a4e",
              "parentUUID": "7cba01ef-3f89-4e5d-b3f1-4b48ebcb2505",
              "isHook": false,
              "skipped": false
            }
          ],
          "suites": [],
          "passes": [
            "197581b9-2363-494e-8b40-e24608722a4e"
          ],
          "failures": [],
          "pending": [],
          "skipped": [],
          "duration": 25201,
          "root": false,
          "rootEmpty": false,
          "_timeout": 2000
        }
      ],
      "passes": [],
      "failures": [],
      "pending": [],
      "skipped": [],
      "duration": 0,
      "root": true,
      "rootEmpty": true,
      "_timeout": 2000
    }
  ],
  "meta": {
    "mocha": {
      "version": "7.0.1"
    },
    "mochawesome": {
      "options": {
        "quiet": false,
        "reportFilename": "mochawesome",
        "saveHtml": false,
        "saveJson": true,
        "consoleReporter": "spec",
        "useInlineDiffs": false,
        "code": true
      },
      "version": "7.1.3"
    },
    "marge": {
      "options": {
        "overwrite": false,
        "html": false,
        "json": true,
        "reportDir": "cypress\\reports\\html\\.jsons"
      },
      "version": "6.2.0"
    }
  }
}