{
  "stats": {
    "suites": 1,
    "tests": 1,
    "passes": 1,
    "pending": 0,
    "failures": 0,
    "start": "2024-04-23T10:14:44.753Z",
    "end": "2024-04-23T10:15:30.326Z",
    "duration": 45573,
    "testsRegistered": 1,
    "passPercent": 100,
    "pendingPercent": 0,
    "other": 0,
    "hasOther": false,
    "skipped": 0,
    "hasSkipped": false
  },
  "results": [
    {
      "uuid": "bf3a9e21-c5aa-4ce6-b2e4-63bec09ffdeb",
      "title": "",
      "fullFile": "cypress\\e2e\\Negative\\Adding address\\House No.cy.js",
      "file": "cypress\\e2e\\Negative\\Adding address\\House No.cy.js",
      "beforeHooks": [],
      "afterHooks": [],
      "tests": [],
      "suites": [
        {
          "uuid": "b7639853-e194-4855-9e83-27abac0e27da",
          "title": "Adding address.cy",
          "fullFile": "",
          "file": "",
          "beforeHooks": [],
          "afterHooks": [],
          "tests": [
            {
              "title": "House No",
              "fullTitle": "Adding address.cy House No",
              "timedOut": null,
              "duration": 43894,
              "state": "passed",
              "speed": "slow",
              "pass": true,
              "fail": false,
              "pending": false,
              "context": "{\n  \"title\": \"cypress-mochawesome-reporter-videos-passed\",\n  \"value\": \"cypress\\\\e2e\\\\Negative\\\\Adding address\\\\House No.cy.js\"\n}",
              "code": "cy.parseXlsx('cypress/Excels/Negative/Adding address/House No.xlsx').then(jsonData => {\n  const rowLength = Cypress.$(jsonData[0].data).length;\n  let conditionMet = false;\n  for (let i = 1; i < rowLength; i++) {\n    const value = jsonData[0].data[i];\n    // Adding ben\n    const P1 = new _Elements.default();\n    if (value.length !== 0) {\n      cy.wait(1500);\n      P1.address();\n      cy.wait(1500);\n      P1.addanotheraddress();\n      cy.wait(1500);\n      P1.addnew();\n      cy.wait(1500);\n      if (value[3] !== null && value[3] !== undefined) {\n        P1.label(value[3]);\n        cy.wait(1500);\n      }\n      if (value[4] !== null && value[4] !== undefined) {\n        P1.Houseno(value[4]);\n        cy.wait(1500);\n      }\n      if (value[5] !== null && value[5] !== undefined) {\n        P1.Area(value[5]);\n        cy.wait(1500);\n      }\n      if (value[6] !== null && value[6] !== undefined) {\n        P1.Landmark(value[6]);\n        cy.wait(1500);\n      }\n      if (value[7] !== null && value[7] !== undefined) {\n        P1.Pincode(value[7]);\n        cy.wait(1500);\n      }\n      if (value[8] !== null && value[8] !== undefined) {\n        P1.town(value[8]);\n        cy.wait(1500);\n      }\n      if (value[9] !== null && value[9] !== undefined) {\n        P1.State(value[9]);\n        cy.wait(1500);\n      }\n      if (value[10]) {\n        P1.Ambulance(value[10]);\n        cy.wait(1500);\n      }\n      if (value[11]) {\n        P1.lift(value[11]);\n        cy.wait(1500);\n      }\n      if (value[3] === null || value[3] === undefined || value[4] === null || value[4] === undefined || value[5] === null || value[5] === undefined || value[6] === null || value[6] === undefined || value[7] === null || value[7] === undefined || value[8] === null || value[8] === undefined || value[9] === null || value[9] === undefined) {\n        P1.locate();\n        cy.wait(1500);\n        P1.Errormsgforadd(value[3], value[4], value[5], value[6], value[7], value[8], value[9]);\n        cy.wait(1500);\n        cy.contains('Cancel').click();\n        P1.profilepreview();\n      }\n    }\n  }\n});",
              "err": {},
              "uuid": "26450192-afa9-4d9c-942c-65e6eb788301",
              "parentUUID": "b7639853-e194-4855-9e83-27abac0e27da",
              "isHook": false,
              "skipped": false
            }
          ],
          "suites": [],
          "passes": [
            "26450192-afa9-4d9c-942c-65e6eb788301"
          ],
          "failures": [],
          "pending": [],
          "skipped": [],
          "duration": 43894,
          "root": false,
          "rootEmpty": false,
          "_timeout": 2000
        }
      ],
      "passes": [],
      "failures": [],
      "pending": [],
      "skipped": [],
      "duration": 0,
      "root": true,
      "rootEmpty": true,
      "_timeout": 2000
    }
  ],
  "meta": {
    "mocha": {
      "version": "7.0.1"
    },
    "mochawesome": {
      "options": {
        "quiet": false,
        "reportFilename": "mochawesome",
        "saveHtml": false,
        "saveJson": true,
        "consoleReporter": "spec",
        "useInlineDiffs": false,
        "code": true
      },
      "version": "7.1.3"
    },
    "marge": {
      "options": {
        "overwrite": false,
        "html": false,
        "json": true,
        "reportDir": "cypress\\reports\\html\\.jsons"
      },
      "version": "6.2.0"
    }
  }
}