{
  "stats": {
    "suites": 1,
    "tests": 1,
    "passes": 0,
    "pending": 0,
    "failures": 1,
    "start": "2024-04-19T08:50:30.066Z",
    "end": "2024-04-19T08:51:09.775Z",
    "duration": 39709,
    "testsRegistered": 1,
    "passPercent": 0,
    "pendingPercent": 0,
    "other": 0,
    "hasOther": false,
    "skipped": 0,
    "hasSkipped": false
  },
  "results": [
    {
      "uuid": "ed0b3d78-d88d-4b9f-b3f4-25d9d3f45143",
      "title": "",
      "fullFile": "cypress\\e2e\\Sanity\\Welcome Page\\WP buttons.cy.js",
      "file": "cypress\\e2e\\Sanity\\Welcome Page\\WP buttons.cy.js",
      "beforeHooks": [],
      "afterHooks": [],
      "tests": [],
      "suites": [
        {
          "uuid": "73a0a953-c91e-4613-be0b-1515cce6262a",
          "title": "WP buttons",
          "fullFile": "",
          "file": "",
          "beforeHooks": [],
          "afterHooks": [],
          "tests": [
            {
              "title": "Checking Wp buttons",
              "fullTitle": "WP buttons Checking Wp buttons",
              "timedOut": null,
              "duration": 37849,
              "state": "failed",
              "speed": null,
              "pass": false,
              "fail": true,
              "pending": false,
              "context": "[\n  {\n    \"title\": \"cypress-mochawesome-reporter-videos-failed\",\n    \"value\": \"cypress\\\\e2e\\\\Sanity\\\\Welcome Page\\\\WP buttons.cy.js\"\n  },\n  {\n    \"title\": \"cypress-mochawesome-reporter-screenshots\",\n    \"value\": [\n      [\n        \"\\\\Sanity\\\\Welcome Page\\\\WP buttons.cy.js\\\\WP buttons -- Checking Wp buttons (failed).png\"\n      ]\n    ]\n  }\n]",
              "code": "const selectedEnvironments = _urls.default.selectedEnvironment;\nconst selectUrl = _urls.default.environments[selectedEnvironments];\ncy.visit(selectUrl);\nconst P1 = new _Elements.default();\ncy.wait(1500);\ncy.contains('Login').click();\ncy.wait(1500);\ncy.get('input[id=\"email\"]').type(_UNPASS.default.Un);\ncy.wait(1500);\ncy.get('button[type=\"submit\"]').click();\ncy.wait(3500);\nP1.PTA();\ncy.wait(1000);\nP1.OTP();\ncy.wait(1000);\ncy.contains('Verify').click();\ncy.wait(1500);\ncy.get('body').then($bodyText => {\n  const bodyText = $bodyText.text();\n  if (bodyText.includes('Add Beneficiary ')) {\n    should('exist');\n  } else {\n    cy.get('svg[class=\"DashBoard_floatingbutton__JYFh9\"]').should('exist');\n  }\n});\ncy.contains('SELF').prev().invoke('text').then(self => {\n  const selfname = self.split(' ').map(word => {\n    return word.charAt(0).toUpperCase() + word.slice(1).toLowerCase();\n  }).join(' ');\n  cy.log('selfname', selfname);\n  cy.contains('Welcome').next().prev().invoke('text').then(wl => {\n    cy.log('wl', wl);\n    const wlname = wl.split('Welcome')[1].trim().replace(',', '');\n    expect(selfname.trim()).to.equal(wlname.trim());\n  });\n});\ncy.get('body').then($bodyText => {\n  const bodyText = $bodyText.text();\n  if (bodyText.includes('Edit Profile')) {\n    cy.contains('Edit Profile').then($elments => {\n      const noofele = $elments.length;\n      console.log('noofel', noofele);\n      for (let i = 0; i < noofele; i++) {\n        console.log('noofele', noofele);\n        cy.wrap($elments.eq(i)).should('be.visible').should('not.be.disabled');\n        console.log('i', i);\n      }\n    });\n  } else {}\n});\ncy.wait(1500);\ncy.contains('View Profile').then($elements => {\n  const no = $elements.length;\n  for (let i = 0; i < no; i++) {\n    console.log('no', no);\n    cy.wrap($elements.eq(i)).should('be.visible').should('not.be.disabled');\n    console.log('i', i);\n  }\n});\ncy.wait(1500);\ncy.contains('Complete Profile').then($elements => {\n  const no = $elements.length;\n  for (let i = 0; i < no; i++) {\n    console.log('no', no);\n    cy.wrap($elements.eq(0)).should('be.visible').should('not.be.disabled');\n  }\n});\ncy.get('button[class=\"chakra-button chakra-menu__menu-button css-7pfzb9\"]').should('be.visible').should('not.be.disabled');\ncy.wait(1500);\ncy.get('button[class=\"chakra-button css-cfauig\"]').eq(0).click();\ncy.wait(1500);\ncy.get('body').contains('Please scan if you find me in any Medical Emergency').should('exist');\ncy.wait(1500);\ncy.contains('Download').should('be.visible').should('not.be.disabled');\ncy.wait(1500);\ncy.contains('Close').should('be.visible').should('not.be.disabled').click();\ncy.wait(1500);\ncy.get('button[class=\"chakra-button css-1o5vbmg\"]').eq(0).should('be.visible').should('not.be.disabled').click();\ncy.wait(1500);\ncy.contains('Emergency Call').should('be.visible').should('not.be.disabled');\ncy.wait(1500);\ncy.contains('Make Call').should('be.visible').should('not.be.disabled');\ncy.wait(1500);\ncy.contains('Cancel').should('be.visible').should('not.be.disabled').click();",
              "err": {
                "message": "AssertionError: Timed out retrying after 4000ms: expected '<header#chakra-modal--header-:r1k:.chakra-modal__header.css-1x2vgm7>' to be 'visible'\n\nThis element `<header#chakra-modal--header-:r1k:.chakra-modal__header.css-1x2vgm7>` is not visible because it has CSS property: `position: fixed` and it's being covered by another element:\n\n`<div class=\"Toastify__toast-container Toastify__toast-container--top-center\">...</div>`",
                "estack": "AssertionError: Timed out retrying after 4000ms: expected '<header#chakra-modal--header-:r1k:.chakra-modal__header.css-1x2vgm7>' to be 'visible'\n\nThis element `<header#chakra-modal--header-:r1k:.chakra-modal__header.css-1x2vgm7>` is not visible because it has CSS property: `position: fixed` and it's being covered by another element:\n\n`<div class=\"Toastify__toast-container Toastify__toast-container--top-center\">...</div>`\n    at Context.eval (webpack:///./cypress/e2e/Sanity/Welcome Page/WP buttons.cy.js:90:38)",
                "diff": null
              },
              "uuid": "1ed17a0d-73d8-4dfc-9b9c-873758c949c4",
              "parentUUID": "73a0a953-c91e-4613-be0b-1515cce6262a",
              "isHook": false,
              "skipped": false
            }
          ],
          "suites": [],
          "passes": [],
          "failures": [
            "1ed17a0d-73d8-4dfc-9b9c-873758c949c4"
          ],
          "pending": [],
          "skipped": [],
          "duration": 37849,
          "root": false,
          "rootEmpty": false,
          "_timeout": 2000
        }
      ],
      "passes": [],
      "failures": [],
      "pending": [],
      "skipped": [],
      "duration": 0,
      "root": true,
      "rootEmpty": true,
      "_timeout": 2000
    }
  ],
  "meta": {
    "mocha": {
      "version": "7.0.1"
    },
    "mochawesome": {
      "options": {
        "quiet": false,
        "reportFilename": "mochawesome",
        "saveHtml": false,
        "saveJson": true,
        "consoleReporter": "spec",
        "useInlineDiffs": false,
        "code": true
      },
      "version": "7.1.3"
    },
    "marge": {
      "options": {
        "overwrite": false,
        "html": false,
        "json": true,
        "reportDir": "cypress\\reports\\html\\.jsons"
      },
      "version": "6.2.0"
    }
  }
}