{
  "stats": {
    "suites": 1,
    "tests": 1,
    "passes": 1,
    "pending": 0,
    "failures": 0,
    "start": "2024-06-28T11:31:24.616Z",
    "end": "2024-06-28T11:32:05.903Z",
    "duration": 41287,
    "testsRegistered": 1,
    "passPercent": 100,
    "pendingPercent": 0,
    "other": 0,
    "hasOther": false,
    "skipped": 0,
    "hasSkipped": false
  },
  "results": [
    {
      "uuid": "af73790f-6d83-4ca2-a2c2-9868528ef2d8",
      "title": "",
      "fullFile": "cypress\\e2e\\DataFlow\\Basic Information\\Email.cy.js",
      "file": "cypress\\e2e\\DataFlow\\Basic Information\\Email.cy.js",
      "beforeHooks": [],
      "afterHooks": [],
      "tests": [],
      "suites": [
        {
          "uuid": "2ef1bb0e-de54-4d5e-b9df-dc865d3aa21b",
          "title": "View Profile",
          "fullFile": "",
          "file": "",
          "beforeHooks": [],
          "afterHooks": [],
          "tests": [
            {
              "title": "Email",
              "fullTitle": "View Profile Email",
              "timedOut": null,
              "duration": 39610,
              "state": "passed",
              "speed": "slow",
              "pass": true,
              "fail": false,
              "pending": false,
              "context": "{\n  \"title\": \"cypress-mochawesome-reporter-videos-passed\",\n  \"value\": \"cypress\\\\e2e\\\\DataFlow\\\\Basic Information\\\\Email.cy.js\"\n}",
              "code": "const selectedEnvironments = _urls.default.selectedEnvironment;\nconst selectUrl = _urls.default.environments[selectedEnvironments];\ncy.visit(selectUrl);\nconst P1 = new _Elements.default();\ncy.wait(1500);\ncy.contains('Login').click();\ncy.wait(1500);\ncy.get('input[id=\"email\"]').type(_UNPASS.default.Un);\ncy.wait(1500);\ncy.get('button[type=\"submit\"]').click();\ncy.wait(3500);\nP1.PTA();\ncy.wait(1000);\nP1.OTP();\ncy.wait(1000);\ncy.contains('Verify').click();\ncy.wait(1500);\ncy.get('body').then($bodyText => {\n  const bodyText = $bodyText.text();\n  if (bodyText.includes('Edit Profile')) {\n    cy.contains('Edit Profile').click();\n  } else {\n    cy.contains('Complete Profile').eq(0).click();\n  }\n});\ncy.get('input[placeholder=\"Age\"]').invoke('val').then(textField => {\n  const valueLength = textField.length;\n  console.log('text', textField);\n  console.log('valuele', valueLength);\n  if (valueLength > 0) {\n    P1.Email();\n  } else {\n    cy.get('select[class=\"chakra-select css-161pkch\"]').eq(1).select('Male');\n    cy.wait(1000);\n    cy.get('div[placeholder=\"Age\"]').type(26);\n    cy.wait(1000);\n    cy.get('span[class=\"chakra-switch__track css-p27qcy\"]').click();\n    cy.wait(1000);\n    cy.contains('Save and continue').click();\n    cy.wait(500);\n    cy.get('body').then($bodyText => {\n      const bodyText = $bodyText.text();\n      expect(bodyText).to.contains('Basic Info Updated Successfully');\n      cy.wait(1000);\n      P1.Email();\n    });\n  }\n});",
              "err": {},
              "uuid": "ac8ee209-02ca-4c5d-8171-5f5cae003fc3",
              "parentUUID": "2ef1bb0e-de54-4d5e-b9df-dc865d3aa21b",
              "isHook": false,
              "skipped": false
            }
          ],
          "suites": [],
          "passes": [
            "ac8ee209-02ca-4c5d-8171-5f5cae003fc3"
          ],
          "failures": [],
          "pending": [],
          "skipped": [],
          "duration": 39610,
          "root": false,
          "rootEmpty": false,
          "_timeout": 2000
        }
      ],
      "passes": [],
      "failures": [],
      "pending": [],
      "skipped": [],
      "duration": 0,
      "root": true,
      "rootEmpty": true,
      "_timeout": 2000
    }
  ],
  "meta": {
    "mocha": {
      "version": "7.0.1"
    },
    "mochawesome": {
      "options": {
        "quiet": false,
        "reportFilename": "mochawesome",
        "saveHtml": false,
        "saveJson": true,
        "consoleReporter": "spec",
        "useInlineDiffs": false,
        "code": true
      },
      "version": "7.1.3"
    },
    "marge": {
      "options": {
        "overwrite": false,
        "html": false,
        "json": true,
        "reportDir": "cypress\\reports\\html\\.jsons"
      },
      "version": "6.2.0"
    }
  }
}