{
  "stats": {
    "suites": 1,
    "tests": 1,
    "passes": 1,
    "pending": 0,
    "failures": 0,
    "start": "2024-04-19T08:41:14.694Z",
    "end": "2024-04-19T08:41:50.306Z",
    "duration": 35612,
    "testsRegistered": 1,
    "passPercent": 100,
    "pendingPercent": 0,
    "other": 0,
    "hasOther": false,
    "skipped": 0,
    "hasSkipped": false
  },
  "results": [
    {
      "uuid": "ba1a5d6f-0a81-460d-864e-857e747c3b5f",
      "title": "",
      "fullFile": "cypress\\e2e\\Sanity\\Login page\\Bothemailandmobsendotpbuttons.cy.js",
      "file": "cypress\\e2e\\Sanity\\Login page\\Bothemailandmobsendotpbuttons.cy.js",
      "beforeHooks": [],
      "afterHooks": [],
      "tests": [],
      "suites": [
        {
          "uuid": "a3f83417-b3ca-4a7c-aa00-1fbc05642bd6",
          "title": "Email&Phoneno and send OTP",
          "fullFile": "",
          "file": "",
          "beforeHooks": [],
          "afterHooks": [],
          "tests": [
            {
              "title": "Checking Email&Phonenumber and send OTP",
              "fullTitle": "Email&Phoneno and send OTP Checking Email&Phonenumber and send OTP",
              "timedOut": null,
              "duration": 33622,
              "state": "passed",
              "speed": "slow",
              "pass": true,
              "fail": false,
              "pending": false,
              "context": "{\n  \"title\": \"cypress-mochawesome-reporter-videos-passed\",\n  \"value\": \"cypress\\\\e2e\\\\Sanity\\\\Login page\\\\Bothemailandmobsendotpbuttons.cy.js\"\n}",
              "code": "const selectedEnviroments = _urls.default.selectedEnvironment;\nconst selectUrl = _urls.default.environments[selectedEnviroments];\ncy.visit(selectUrl);\ncy.wait(1500);\ncy.contains('Login').click();\ncy.wait(1500);\ncy.get('button[type=\"submit\"]').should('be.disabled');\ncy.wait(1500);\ncy.get('input[class=\"chakra-checkbox__input\"]').should('be.checked');\ncy.wait(1500);\ncy.get('input[id=\"email\"]').type(_UNPASS.default.Un);\ncy.wait(1500);\ncy.get('button[type=\"submit\"]').should('not.be.disabled');\ncy.wait(1500);\ncy.get('input[placeholder=\"Phone Number\"]').type(_UNPASS.default.PhoneNo);\ncy.wait(1500);\ncy.get('button[type=\"submit\"]').should('not.be.disabled');\ncy.wait(1500);\ncy.get('input[class=\"chakra-checkbox__input\"]').click({\n  force: true\n});\ncy.wait(1500);\ncy.get('button[type=\"submit\"]').should('be.disabled');\ncy.wait(1500);\ncy.get('input[class=\"chakra-checkbox__input\"]').click({\n  force: true\n});\ncy.wait(1500);\ncy.get('button[type=\"submit\"]').should('not.be.disabled');\ncy.wait(1500);\ncy.get('input[placeholder=\"Phone Number\"]').clear();\ncy.wait(1500);\ncy.get('button[type=\"submit\"]').should('not.be.disabled');\ncy.wait(1500);\ncy.get('input[placeholder=\"Phone Number\"]').type(_UNPASS.default.PhoneNo);\ncy.wait(1500);\ncy.get('input[id=\"email\"]').clear();\ncy.wait(1500);\ncy.get('button[type=\"submit\"]').should('not.be.disabled');\ncy.wait(1500);\ncy.get('input[placeholder=\"Phone Number\"]').clear();\ncy.wait(1500);\ncy.get('button[type=\"submit\"]').should('be.disabled');",
              "err": {},
              "uuid": "bcc3050c-4d8d-427c-b6ec-6fce89f34ba1",
              "parentUUID": "a3f83417-b3ca-4a7c-aa00-1fbc05642bd6",
              "isHook": false,
              "skipped": false
            }
          ],
          "suites": [],
          "passes": [
            "bcc3050c-4d8d-427c-b6ec-6fce89f34ba1"
          ],
          "failures": [],
          "pending": [],
          "skipped": [],
          "duration": 33622,
          "root": false,
          "rootEmpty": false,
          "_timeout": 2000
        }
      ],
      "passes": [],
      "failures": [],
      "pending": [],
      "skipped": [],
      "duration": 0,
      "root": true,
      "rootEmpty": true,
      "_timeout": 2000
    }
  ],
  "meta": {
    "mocha": {
      "version": "7.0.1"
    },
    "mochawesome": {
      "options": {
        "quiet": false,
        "reportFilename": "mochawesome",
        "saveHtml": false,
        "saveJson": true,
        "consoleReporter": "spec",
        "useInlineDiffs": false,
        "code": true
      },
      "version": "7.1.3"
    },
    "marge": {
      "options": {
        "overwrite": false,
        "html": false,
        "json": true,
        "reportDir": "cypress\\reports\\html\\.jsons"
      },
      "version": "6.2.0"
    }
  }
}