{
  "stats": {
    "suites": 1,
    "tests": 1,
    "passes": 1,
    "pending": 0,
    "failures": 0,
    "start": "2024-05-06T12:10:21.830Z",
    "end": "2024-05-06T12:10:50.388Z",
    "duration": 28558,
    "testsRegistered": 1,
    "passPercent": 100,
    "pendingPercent": 0,
    "other": 0,
    "hasOther": false,
    "skipped": 0,
    "hasSkipped": false
  },
  "results": [
    {
      "uuid": "3743bea9-fea6-4e50-8c11-5d7e4a7319d8",
      "title": "",
      "fullFile": "cypress\\e2e\\DataFlow\\Emergency Contact\\MobileNumber.cy.js",
      "file": "cypress\\e2e\\DataFlow\\Emergency Contact\\MobileNumber.cy.js",
      "beforeHooks": [],
      "afterHooks": [],
      "tests": [],
      "suites": [
        {
          "uuid": "27414430-8127-45b5-8c3e-7c09d6017593",
          "title": "MobileNumber",
          "fullFile": "",
          "file": "",
          "beforeHooks": [],
          "afterHooks": [],
          "tests": [
            {
              "title": "MobileNumber",
              "fullTitle": "MobileNumber MobileNumber",
              "timedOut": null,
              "duration": 25678,
              "state": "passed",
              "speed": "slow",
              "pass": true,
              "fail": false,
              "pending": false,
              "context": "{\n  \"title\": \"cypress-mochawesome-reporter-videos-passed\",\n  \"value\": \"cypress\\\\e2e\\\\DataFlow\\\\Emergency Contact\\\\MobileNumber.cy.js\"\n}",
              "code": "const selectedEnvironments = _urls.default.selectedEnvironment;\nconst selectUrl = _urls.default.environments[selectedEnvironments];\ncy.visit(selectUrl);\nconst P1 = new _Elements.default();\ncy.wait(1500);\ncy.contains('Login').click();\ncy.wait(1500);\ncy.get('input[id=\"email\"]').type(_UNPASS.default.Un);\ncy.wait(1500);\ncy.get('button[type=\"submit\"]').click();\ncy.wait(3500);\nP1.PTA();\ncy.wait(1000);\nP1.OTP();\ncy.wait(1000);\ncy.contains('Verify').click();\ncy.wait(1500);\ncy.get('body').then($bodyText => {\n  const bodyText = $bodyText.text();\n  if (bodyText.includes('Edit Profile')) {\n    cy.contains('Edit Profile').click();\n  } else {\n    cy.contains('Complete Profile').eq(0).click();\n  }\n});\ncy.contains('Emergency Contact').click();\ncy.wait(1000);\ncy.contains('Add Another Contact').then($button => {\n  if ($button.prop('disabled')) {\n    cy.log('Maximum limit is reached');\n  } else {\n    cy.contains('Add Another Contact').click();\n    cy.wait(1000);\n    let relation = 'input[placeholder=\"Mobile Number\"]';\n    cy.get(relation).type('9019803837');\n    cy.wait(1000);\n    cy.get(relation).should('have.value', '90198-03837');\n    cy.wait(1000);\n    cy.contains('Cancel').click();\n  }\n});",
              "err": {},
              "uuid": "3d67a5b8-fd78-4c69-b1fd-9184430b2fbd",
              "parentUUID": "27414430-8127-45b5-8c3e-7c09d6017593",
              "isHook": false,
              "skipped": false
            }
          ],
          "suites": [],
          "passes": [
            "3d67a5b8-fd78-4c69-b1fd-9184430b2fbd"
          ],
          "failures": [],
          "pending": [],
          "skipped": [],
          "duration": 25678,
          "root": false,
          "rootEmpty": false,
          "_timeout": 2000
        }
      ],
      "passes": [],
      "failures": [],
      "pending": [],
      "skipped": [],
      "duration": 0,
      "root": true,
      "rootEmpty": true,
      "_timeout": 2000
    }
  ],
  "meta": {
    "mocha": {
      "version": "7.0.1"
    },
    "mochawesome": {
      "options": {
        "quiet": false,
        "reportFilename": "mochawesome",
        "saveHtml": false,
        "saveJson": true,
        "consoleReporter": "spec",
        "useInlineDiffs": false,
        "code": true
      },
      "version": "7.1.3"
    },
    "marge": {
      "options": {
        "overwrite": false,
        "html": false,
        "json": true,
        "reportDir": "cypress\\reports\\html\\.jsons"
      },
      "version": "6.2.0"
    }
  }
}