{
  "stats": {
    "suites": 1,
    "tests": 1,
    "passes": 1,
    "pending": 0,
    "failures": 0,
    "start": "2025-05-14T06:50:29.232Z",
    "end": "2025-05-14T06:50:45.997Z",
    "duration": 16765,
    "testsRegistered": 1,
    "passPercent": 100,
    "pendingPercent": 0,
    "other": 0,
    "hasOther": false,
    "skipped": 0,
    "hasSkipped": false
  },
  "results": [
    {
      "uuid": "e4d56cae-352a-4153-988e-569577b8c34e",
      "title": "",
      "fullFile": "cypress\\e2e\\Smoke\\SearchBen\\Calender&dropdown.cy.js",
      "file": "cypress\\e2e\\Smoke\\SearchBen\\Calender&dropdown.cy.js",
      "beforeHooks": [],
      "afterHooks": [],
      "tests": [],
      "suites": [
        {
          "uuid": "5520f0d4-6387-4816-a672-83ca03df2bf0",
          "title": "C&D",
          "fullFile": "",
          "file": "",
          "beforeHooks": [],
          "afterHooks": [],
          "tests": [
            {
              "title": "C&D",
              "fullTitle": "C&D C&D",
              "timedOut": null,
              "duration": 9877,
              "state": "passed",
              "speed": "medium",
              "pass": true,
              "fail": false,
              "pending": false,
              "context": null,
              "code": "cy.get('svg[class=\"chakra-icon css-6ey7w3\"]').eq(1).click();\ncy.wait(500);\ncy.get('input[type=\"date\"]').each(da => {\n  cy.wrap(da).scrollIntoView().should('be.enabled').and('be.visible');\n});\ncy.wait(500);\ncy.get('select[style=\"border: 1px solid black;\"]').scrollIntoView().should('be.enabled').and('be.visible');",
              "err": {},
              "uuid": "d528d134-5a83-4f99-9228-5967cb8ffac8",
              "parentUUID": "5520f0d4-6387-4816-a672-83ca03df2bf0",
              "isHook": false,
              "skipped": false
            }
          ],
          "suites": [],
          "passes": [
            "d528d134-5a83-4f99-9228-5967cb8ffac8"
          ],
          "failures": [],
          "pending": [],
          "skipped": [],
          "duration": 9877,
          "root": false,
          "rootEmpty": false,
          "_timeout": 2000
        }
      ],
      "passes": [],
      "failures": [],
      "pending": [],
      "skipped": [],
      "duration": 0,
      "root": true,
      "rootEmpty": true,
      "_timeout": 2000
    }
  ],
  "meta": {
    "mocha": {
      "version": "7.0.1"
    },
    "mochawesome": {
      "options": {
        "quiet": false,
        "reportFilename": "mochawesome",
        "saveHtml": true,
        "saveJson": true,
        "consoleReporter": "spec",
        "useInlineDiffs": false,
        "code": true
      },
      "version": "7.1.3"
    },
    "marge": {
      "options": {
        "reportDir": "cypress/reports",
        "overwrite": false,
        "html": true,
        "json": true,
        "timestamp": "mmddyyyy_HHMMss"
      },
      "version": "6.2.0"
    }
  }
}