{
  "stats": {
    "suites": 1,
    "tests": 1,
    "passes": 1,
    "pending": 0,
    "failures": 0,
    "start": "2025-05-11T08:48:54.673Z",
    "end": "2025-05-11T08:49:08.572Z",
    "duration": 13899,
    "testsRegistered": 1,
    "passPercent": 100,
    "pendingPercent": 0,
    "other": 0,
    "hasOther": false,
    "skipped": 0,
    "hasSkipped": false
  },
  "results": [
    {
      "uuid": "2990a73e-9b26-4df7-93cd-727018d7c6d8",
      "title": "",
      "fullFile": "cypress\\e2e\\Smoke\\SearchBen\\Search Ben-Texfields.cy.js",
      "file": "cypress\\e2e\\Smoke\\SearchBen\\Search Ben-Texfields.cy.js",
      "beforeHooks": [],
      "afterHooks": [],
      "tests": [],
      "suites": [
        {
          "uuid": "a7ba9fab-3cea-4b84-ad87-4e7387016bf8",
          "title": "Search Ben-Textfields",
          "fullFile": "",
          "file": "",
          "beforeHooks": [],
          "afterHooks": [],
          "tests": [
            {
              "title": "Search Ben-Textfields",
              "fullTitle": "Search Ben-Textfields Search Ben-Textfields",
              "timedOut": null,
              "duration": 10307,
              "state": "passed",
              "speed": "slow",
              "pass": true,
              "fail": false,
              "pending": false,
              "context": null,
              "code": "cy.get('svg[class=\"chakra-icon css-6ey7w3\"]').eq(1).click();\ncy.wait(500);\ncy.get('input[class=\"custominput_input__AQGtC \"]').each(input => {\n  cy.wrap(input).scrollIntoView().should('be.enabled').and('be.visible');\n});",
              "err": {},
              "uuid": "5809a634-ca8e-4c18-8146-f13b6e8378ec",
              "parentUUID": "a7ba9fab-3cea-4b84-ad87-4e7387016bf8",
              "isHook": false,
              "skipped": false
            }
          ],
          "suites": [],
          "passes": [
            "5809a634-ca8e-4c18-8146-f13b6e8378ec"
          ],
          "failures": [],
          "pending": [],
          "skipped": [],
          "duration": 10307,
          "root": false,
          "rootEmpty": false,
          "_timeout": 2000
        }
      ],
      "passes": [],
      "failures": [],
      "pending": [],
      "skipped": [],
      "duration": 0,
      "root": true,
      "rootEmpty": true,
      "_timeout": 2000
    }
  ],
  "meta": {
    "mocha": {
      "version": "7.0.1"
    },
    "mochawesome": {
      "options": {
        "quiet": false,
        "reportFilename": "mochawesome",
        "saveHtml": true,
        "saveJson": true,
        "consoleReporter": "spec",
        "useInlineDiffs": false,
        "code": true
      },
      "version": "7.1.3"
    },
    "marge": {
      "options": {
        "reportDir": "cypress/reports",
        "overwrite": false,
        "html": true,
        "json": true,
        "timestamp": "mmddyyyy_HHMMss"
      },
      "version": "6.2.0"
    }
  }
}