{
  "stats": {
    "suites": 1,
    "tests": 1,
    "passes": 1,
    "pending": 0,
    "failures": 0,
    "start": "2025-05-04T06:50:27.931Z",
    "end": "2025-05-04T06:50:35.949Z",
    "duration": 8018,
    "testsRegistered": 1,
    "passPercent": 100,
    "pendingPercent": 0,
    "other": 0,
    "hasOther": false,
    "skipped": 0,
    "hasSkipped": false
  },
  "results": [
    {
      "uuid": "a75ee47d-e34b-4da7-a029-539a31959292",
      "title": "",
      "fullFile": "cypress\\e2e\\Smoke\\SearchBen\\Checkbox.cy.js",
      "file": "cypress\\e2e\\Smoke\\SearchBen\\Checkbox.cy.js",
      "beforeHooks": [],
      "afterHooks": [],
      "tests": [],
      "suites": [
        {
          "uuid": "554dd317-8de0-4a64-979b-477ed633dc4b",
          "title": "Checkbox",
          "fullFile": "",
          "file": "",
          "beforeHooks": [],
          "afterHooks": [],
          "tests": [
            {
              "title": "Checkbox",
              "fullTitle": "Checkbox Checkbox",
              "timedOut": null,
              "duration": 6101,
              "state": "passed",
              "speed": "medium",
              "pass": true,
              "fail": false,
              "pending": false,
              "context": null,
              "code": "cy.get('svg[class=\"chakra-icon css-6ey7w3\"]').eq(1).click();\ncy.wait(500);\ncy.get('input[class=\"checkbox_inputStyle__Rjg8M\"]').each(check => {\n  cy.wrap(check).scrollIntoView().should('be.enabled').and('be.visible');\n});",
              "err": {},
              "uuid": "ef559c7e-906a-48bc-b921-7c13b07557c7",
              "parentUUID": "554dd317-8de0-4a64-979b-477ed633dc4b",
              "isHook": false,
              "skipped": false
            }
          ],
          "suites": [],
          "passes": [
            "ef559c7e-906a-48bc-b921-7c13b07557c7"
          ],
          "failures": [],
          "pending": [],
          "skipped": [],
          "duration": 6101,
          "root": false,
          "rootEmpty": false,
          "_timeout": 2000
        }
      ],
      "passes": [],
      "failures": [],
      "pending": [],
      "skipped": [],
      "duration": 0,
      "root": true,
      "rootEmpty": true,
      "_timeout": 2000
    }
  ],
  "meta": {
    "mocha": {
      "version": "7.0.1"
    },
    "mochawesome": {
      "options": {
        "quiet": false,
        "reportFilename": "mochawesome",
        "saveHtml": true,
        "saveJson": true,
        "consoleReporter": "spec",
        "useInlineDiffs": false,
        "code": true
      },
      "version": "7.1.3"
    },
    "marge": {
      "options": {
        "reportDir": "cypress/reports",
        "overwrite": false,
        "html": true,
        "json": true,
        "timestamp": "mmddyyyy_HHMMss"
      },
      "version": "6.2.0"
    }
  }
}