{
  "stats": {
    "suites": 1,
    "tests": 1,
    "passes": 1,
    "pending": 0,
    "failures": 0,
    "start": "2025-04-19T06:50:13.672Z",
    "end": "2025-04-19T06:50:25.613Z",
    "duration": 11941,
    "testsRegistered": 1,
    "passPercent": 100,
    "pendingPercent": 0,
    "other": 0,
    "hasOther": false,
    "skipped": 0,
    "hasSkipped": false
  },
  "results": [
    {
      "uuid": "9be87fa7-baaa-437a-b9ba-f2fcbcb15a4a",
      "title": "",
      "fullFile": "cypress\\e2e\\Smoke\\SearchBen\\Calender&dropdown.cy.js",
      "file": "cypress\\e2e\\Smoke\\SearchBen\\Calender&dropdown.cy.js",
      "beforeHooks": [],
      "afterHooks": [],
      "tests": [],
      "suites": [
        {
          "uuid": "5c61c36f-bb5a-421e-8858-5692bb194ff1",
          "title": "C&D",
          "fullFile": "",
          "file": "",
          "beforeHooks": [],
          "afterHooks": [],
          "tests": [
            {
              "title": "C&D",
              "fullTitle": "C&D C&D",
              "timedOut": null,
              "duration": 9685,
              "state": "passed",
              "speed": "medium",
              "pass": true,
              "fail": false,
              "pending": false,
              "context": null,
              "code": "cy.get('svg[class=\"chakra-icon css-6ey7w3\"]').eq(1).click();\ncy.wait(500);\ncy.get('input[type=\"date\"]').each(da => {\n  cy.wrap(da).scrollIntoView().should('be.enabled').and('be.visible');\n});\ncy.wait(500);\ncy.get('select[style=\"border: 1px solid black;\"]').scrollIntoView().should('be.enabled').and('be.visible');",
              "err": {},
              "uuid": "8d9fbdd1-46d6-411e-ad4f-fd6ab5236c5c",
              "parentUUID": "5c61c36f-bb5a-421e-8858-5692bb194ff1",
              "isHook": false,
              "skipped": false
            }
          ],
          "suites": [],
          "passes": [
            "8d9fbdd1-46d6-411e-ad4f-fd6ab5236c5c"
          ],
          "failures": [],
          "pending": [],
          "skipped": [],
          "duration": 9685,
          "root": false,
          "rootEmpty": false,
          "_timeout": 2000
        }
      ],
      "passes": [],
      "failures": [],
      "pending": [],
      "skipped": [],
      "duration": 0,
      "root": true,
      "rootEmpty": true,
      "_timeout": 2000
    }
  ],
  "meta": {
    "mocha": {
      "version": "7.0.1"
    },
    "mochawesome": {
      "options": {
        "quiet": false,
        "reportFilename": "mochawesome",
        "saveHtml": true,
        "saveJson": true,
        "consoleReporter": "spec",
        "useInlineDiffs": false,
        "code": true
      },
      "version": "7.1.3"
    },
    "marge": {
      "options": {
        "reportDir": "cypress/reports",
        "overwrite": false,
        "html": true,
        "json": true,
        "timestamp": "mmddyyyy_HHMMss"
      },
      "version": "6.2.0"
    }
  }
}