{
  "stats": {
    "suites": 1,
    "tests": 1,
    "passes": 1,
    "pending": 0,
    "failures": 0,
    "start": "2025-04-28T06:50:52.603Z",
    "end": "2025-04-28T06:51:00.018Z",
    "duration": 7415,
    "testsRegistered": 1,
    "passPercent": 100,
    "pendingPercent": 0,
    "other": 0,
    "hasOther": false,
    "skipped": 0,
    "hasSkipped": false
  },
  "results": [
    {
      "uuid": "f18ccf64-c9a3-4c95-9d89-7ca888171e2f",
      "title": "",
      "fullFile": "cypress\\e2e\\Smoke\\SearchBen\\Search Ben-Texfields.cy.js",
      "file": "cypress\\e2e\\Smoke\\SearchBen\\Search Ben-Texfields.cy.js",
      "beforeHooks": [],
      "afterHooks": [],
      "tests": [],
      "suites": [
        {
          "uuid": "ad6a54ed-2444-46ee-bed9-82d694325dc2",
          "title": "Search Ben-Textfields",
          "fullFile": "",
          "file": "",
          "beforeHooks": [],
          "afterHooks": [],
          "tests": [
            {
              "title": "Search Ben-Textfields",
              "fullTitle": "Search Ben-Textfields Search Ben-Textfields",
              "timedOut": null,
              "duration": 5744,
              "state": "passed",
              "speed": "medium",
              "pass": true,
              "fail": false,
              "pending": false,
              "context": null,
              "code": "cy.get('svg[class=\"chakra-icon css-6ey7w3\"]').eq(1).click();\ncy.wait(500);\ncy.get('input[class=\"custominput_input__AQGtC \"]').each(input => {\n  cy.wrap(input).scrollIntoView().should('be.enabled').and('be.visible');\n});",
              "err": {},
              "uuid": "cf80ea65-1576-47ce-975a-fe60c0531b2c",
              "parentUUID": "ad6a54ed-2444-46ee-bed9-82d694325dc2",
              "isHook": false,
              "skipped": false
            }
          ],
          "suites": [],
          "passes": [
            "cf80ea65-1576-47ce-975a-fe60c0531b2c"
          ],
          "failures": [],
          "pending": [],
          "skipped": [],
          "duration": 5744,
          "root": false,
          "rootEmpty": false,
          "_timeout": 2000
        }
      ],
      "passes": [],
      "failures": [],
      "pending": [],
      "skipped": [],
      "duration": 0,
      "root": true,
      "rootEmpty": true,
      "_timeout": 2000
    }
  ],
  "meta": {
    "mocha": {
      "version": "7.0.1"
    },
    "mochawesome": {
      "options": {
        "quiet": false,
        "reportFilename": "mochawesome",
        "saveHtml": true,
        "saveJson": true,
        "consoleReporter": "spec",
        "useInlineDiffs": false,
        "code": true
      },
      "version": "7.1.3"
    },
    "marge": {
      "options": {
        "reportDir": "cypress/reports",
        "overwrite": false,
        "html": true,
        "json": true,
        "timestamp": "mmddyyyy_HHMMss"
      },
      "version": "6.2.0"
    }
  }
}