{
  "stats": {
    "suites": 1,
    "tests": 1,
    "passes": 1,
    "pending": 0,
    "failures": 0,
    "start": "2025-02-18T11:05:58.789Z",
    "end": "2025-02-18T11:06:15.554Z",
    "duration": 16765,
    "testsRegistered": 1,
    "passPercent": 100,
    "pendingPercent": 0,
    "other": 0,
    "hasOther": false,
    "skipped": 0,
    "hasSkipped": false
  },
  "results": [
    {
      "uuid": "56b4a640-097f-4d89-885e-bc61ea19073f",
      "title": "",
      "fullFile": "cypress\\e2e\\Smoke\\Dashboard\\Ticketdashboard.cy.js",
      "file": "cypress\\e2e\\Smoke\\Dashboard\\Ticketdashboard.cy.js",
      "beforeHooks": [],
      "afterHooks": [],
      "tests": [],
      "suites": [
        {
          "uuid": "474893f2-011b-4c75-aafe-0d98d3b4020a",
          "title": "Ticketdashboard",
          "fullFile": "",
          "file": "",
          "beforeHooks": [],
          "afterHooks": [],
          "tests": [
            {
              "title": "Ticket dashboard",
              "fullTitle": "Ticketdashboard Ticket dashboard",
              "timedOut": null,
              "duration": 13374,
              "state": "passed",
              "speed": "slow",
              "pass": true,
              "fail": false,
              "pending": false,
              "context": null,
              "code": "cy.contains('Ticket Dashboard Details').click();\nconst expectedTexts = ['Company Name', 'Ticket Status', 'Count', 'Date Filter'];\ncy.get('body').then($bodyText => {\n  const bodyText = $bodyText.text();\n  expectedTexts.forEach(text => {\n    expect(bodyText).to.contain(text);\n  });\n});",
              "err": {},
              "uuid": "49337dbb-7fa7-4357-a88c-489cd686d705",
              "parentUUID": "474893f2-011b-4c75-aafe-0d98d3b4020a",
              "isHook": false,
              "skipped": false
            }
          ],
          "suites": [],
          "passes": [
            "49337dbb-7fa7-4357-a88c-489cd686d705"
          ],
          "failures": [],
          "pending": [],
          "skipped": [],
          "duration": 13374,
          "root": false,
          "rootEmpty": false,
          "_timeout": 2000
        }
      ],
      "passes": [],
      "failures": [],
      "pending": [],
      "skipped": [],
      "duration": 0,
      "root": true,
      "rootEmpty": true,
      "_timeout": 2000
    }
  ],
  "meta": {
    "mocha": {
      "version": "7.0.1"
    },
    "mochawesome": {
      "options": {
        "quiet": false,
        "reportFilename": "mochawesome",
        "saveHtml": true,
        "saveJson": true,
        "consoleReporter": "spec",
        "useInlineDiffs": false,
        "code": true
      },
      "version": "7.1.3"
    },
    "marge": {
      "options": {
        "reportDir": "cypress/reports",
        "overwrite": false,
        "html": true,
        "json": true,
        "timestamp": "mmddyyyy_HHMMss"
      },
      "version": "6.2.0"
    }
  }
}