{
  "stats": {
    "suites": 1,
    "tests": 1,
    "passes": 1,
    "pending": 0,
    "failures": 0,
    "start": "2025-03-13T10:13:04.922Z",
    "end": "2025-03-13T10:13:15.144Z",
    "duration": 10222,
    "testsRegistered": 1,
    "passPercent": 100,
    "pendingPercent": 0,
    "other": 0,
    "hasOther": false,
    "skipped": 0,
    "hasSkipped": false
  },
  "results": [
    {
      "uuid": "e238f203-d96e-4e86-9681-21ce2f2b0321",
      "title": "",
      "fullFile": "cypress\\e2e\\Integrations\\Searchben-textfields.cy.js",
      "file": "cypress\\e2e\\Integrations\\Searchben-textfields.cy.js",
      "beforeHooks": [],
      "afterHooks": [],
      "tests": [],
      "suites": [
        {
          "uuid": "f776e2d5-8600-43c7-ad02-9b38bb331968",
          "title": "textfields",
          "fullFile": "",
          "file": "",
          "beforeHooks": [],
          "afterHooks": [],
          "tests": [
            {
              "title": "textfields",
              "fullTitle": "textfields textfields",
              "timedOut": null,
              "duration": 8623,
              "state": "passed",
              "speed": "medium",
              "pass": true,
              "fail": false,
              "pending": false,
              "context": null,
              "code": "cy.get('svg[class=\"chakra-icon css-6ey7w3\"]').eq(1).click();\ncy.wait(500);\nconst tf = '.custominput_input__AQGtC ';\ncy.get(tf).then(len => {\n  const le = len.length;\n  cy.log('len', le);\n});\ncy.get(tf).each(tff => {\n  cy.wrap(tff).clear().type('1234').should('have.value', '1234').clear();\n});",
              "err": {},
              "uuid": "bc2e5fba-c8b1-4228-beed-6c13fa4cc61d",
              "parentUUID": "f776e2d5-8600-43c7-ad02-9b38bb331968",
              "isHook": false,
              "skipped": false
            }
          ],
          "suites": [],
          "passes": [
            "bc2e5fba-c8b1-4228-beed-6c13fa4cc61d"
          ],
          "failures": [],
          "pending": [],
          "skipped": [],
          "duration": 8623,
          "root": false,
          "rootEmpty": false,
          "_timeout": 2000
        }
      ],
      "passes": [],
      "failures": [],
      "pending": [],
      "skipped": [],
      "duration": 0,
      "root": true,
      "rootEmpty": true,
      "_timeout": 2000
    }
  ],
  "meta": {
    "mocha": {
      "version": "7.0.1"
    },
    "mochawesome": {
      "options": {
        "quiet": false,
        "reportFilename": "mochawesome",
        "saveHtml": true,
        "saveJson": true,
        "consoleReporter": "spec",
        "useInlineDiffs": false,
        "code": true
      },
      "version": "7.1.3"
    },
    "marge": {
      "options": {
        "reportDir": "cypress/reports",
        "overwrite": false,
        "html": true,
        "json": true,
        "timestamp": "mmddyyyy_HHMMss"
      },
      "version": "6.2.0"
    }
  }
}