{
  "stats": {
    "suites": 1,
    "tests": 1,
    "passes": 1,
    "pending": 0,
    "failures": 0,
    "start": "2025-04-24T06:50:46.975Z",
    "end": "2025-04-24T06:51:08.767Z",
    "duration": 21792,
    "testsRegistered": 1,
    "passPercent": 100,
    "pendingPercent": 0,
    "other": 0,
    "hasOther": false,
    "skipped": 0,
    "hasSkipped": false
  },
  "results": [
    {
      "uuid": "38403b17-f87b-47cc-bb9c-6b42664e4888",
      "title": "",
      "fullFile": "cypress\\e2e\\Smoke\\SearchBen\\Search Ben-Texfields.cy.js",
      "file": "cypress\\e2e\\Smoke\\SearchBen\\Search Ben-Texfields.cy.js",
      "beforeHooks": [],
      "afterHooks": [],
      "tests": [],
      "suites": [
        {
          "uuid": "590bf9e9-3c3c-4302-b638-da27ee605c8a",
          "title": "Search Ben-Textfields",
          "fullFile": "",
          "file": "",
          "beforeHooks": [],
          "afterHooks": [],
          "tests": [
            {
              "title": "Search Ben-Textfields",
              "fullTitle": "Search Ben-Textfields Search Ben-Textfields",
              "timedOut": null,
              "duration": 20016,
              "state": "passed",
              "speed": "slow",
              "pass": true,
              "fail": false,
              "pending": false,
              "context": null,
              "code": "cy.get('svg[class=\"chakra-icon css-6ey7w3\"]').eq(1).click();\ncy.wait(500);\ncy.get('input[class=\"custominput_input__AQGtC \"]').each(input => {\n  cy.wrap(input).scrollIntoView().should('be.enabled').and('be.visible');\n});",
              "err": {},
              "uuid": "f172e11f-2593-46a3-b9a6-780e5ef212c0",
              "parentUUID": "590bf9e9-3c3c-4302-b638-da27ee605c8a",
              "isHook": false,
              "skipped": false
            }
          ],
          "suites": [],
          "passes": [
            "f172e11f-2593-46a3-b9a6-780e5ef212c0"
          ],
          "failures": [],
          "pending": [],
          "skipped": [],
          "duration": 20016,
          "root": false,
          "rootEmpty": false,
          "_timeout": 2000
        }
      ],
      "passes": [],
      "failures": [],
      "pending": [],
      "skipped": [],
      "duration": 0,
      "root": true,
      "rootEmpty": true,
      "_timeout": 2000
    }
  ],
  "meta": {
    "mocha": {
      "version": "7.0.1"
    },
    "mochawesome": {
      "options": {
        "quiet": false,
        "reportFilename": "mochawesome",
        "saveHtml": true,
        "saveJson": true,
        "consoleReporter": "spec",
        "useInlineDiffs": false,
        "code": true
      },
      "version": "7.1.3"
    },
    "marge": {
      "options": {
        "reportDir": "cypress/reports",
        "overwrite": false,
        "html": true,
        "json": true,
        "timestamp": "mmddyyyy_HHMMss"
      },
      "version": "6.2.0"
    }
  }
}