{
  "stats": {
    "suites": 1,
    "tests": 1,
    "passes": 1,
    "pending": 0,
    "failures": 0,
    "start": "2025-04-08T06:50:00.451Z",
    "end": "2025-04-08T06:50:24.803Z",
    "duration": 24352,
    "testsRegistered": 1,
    "passPercent": 100,
    "pendingPercent": 0,
    "other": 0,
    "hasOther": false,
    "skipped": 0,
    "hasSkipped": false
  },
  "results": [
    {
      "uuid": "3d3791a1-9c93-42df-90fb-54bdfdce8b30",
      "title": "",
      "fullFile": "cypress\\e2e\\Smoke\\SearchBen\\Calender&dropdown.cy.js",
      "file": "cypress\\e2e\\Smoke\\SearchBen\\Calender&dropdown.cy.js",
      "beforeHooks": [],
      "afterHooks": [],
      "tests": [],
      "suites": [
        {
          "uuid": "eb98ac94-4ba9-4b57-aea0-09b10df058c7",
          "title": "C&D",
          "fullFile": "",
          "file": "",
          "beforeHooks": [],
          "afterHooks": [],
          "tests": [
            {
              "title": "C&D",
              "fullTitle": "C&D C&D",
              "timedOut": null,
              "duration": 21252,
              "state": "passed",
              "speed": "slow",
              "pass": true,
              "fail": false,
              "pending": false,
              "context": null,
              "code": "cy.get('svg[class=\"chakra-icon css-6ey7w3\"]').eq(1).click();\ncy.wait(500);\ncy.get('input[type=\"date\"]').each(da => {\n  cy.wrap(da).scrollIntoView().should('be.enabled').and('be.visible');\n});\ncy.wait(500);\ncy.get('select[style=\"border: 1px solid black;\"]').scrollIntoView().should('be.enabled').and('be.visible');",
              "err": {},
              "uuid": "2f27043b-0fb0-401b-ba30-e8896b4e78da",
              "parentUUID": "eb98ac94-4ba9-4b57-aea0-09b10df058c7",
              "isHook": false,
              "skipped": false
            }
          ],
          "suites": [],
          "passes": [
            "2f27043b-0fb0-401b-ba30-e8896b4e78da"
          ],
          "failures": [],
          "pending": [],
          "skipped": [],
          "duration": 21252,
          "root": false,
          "rootEmpty": false,
          "_timeout": 2000
        }
      ],
      "passes": [],
      "failures": [],
      "pending": [],
      "skipped": [],
      "duration": 0,
      "root": true,
      "rootEmpty": true,
      "_timeout": 2000
    }
  ],
  "meta": {
    "mocha": {
      "version": "7.0.1"
    },
    "mochawesome": {
      "options": {
        "quiet": false,
        "reportFilename": "mochawesome",
        "saveHtml": true,
        "saveJson": true,
        "consoleReporter": "spec",
        "useInlineDiffs": false,
        "code": true
      },
      "version": "7.1.3"
    },
    "marge": {
      "options": {
        "reportDir": "cypress/reports",
        "overwrite": false,
        "html": true,
        "json": true,
        "timestamp": "mmddyyyy_HHMMss"
      },
      "version": "6.2.0"
    }
  }
}