{
  "stats": {
    "suites": 1,
    "tests": 1,
    "passes": 1,
    "pending": 0,
    "failures": 0,
    "start": "2025-04-21T06:49:32.632Z",
    "end": "2025-04-21T06:49:40.599Z",
    "duration": 7967,
    "testsRegistered": 1,
    "passPercent": 100,
    "pendingPercent": 0,
    "other": 0,
    "hasOther": false,
    "skipped": 0,
    "hasSkipped": false
  },
  "results": [
    {
      "uuid": "01ee719e-2878-4108-a024-d08da0e0e4d3",
      "title": "",
      "fullFile": "cypress\\e2e\\Smoke\\SearchBen\\Checkbox.cy.js",
      "file": "cypress\\e2e\\Smoke\\SearchBen\\Checkbox.cy.js",
      "beforeHooks": [],
      "afterHooks": [],
      "tests": [],
      "suites": [
        {
          "uuid": "f9f708ce-364c-48de-acdc-eca031ee7d12",
          "title": "Checkbox",
          "fullFile": "",
          "file": "",
          "beforeHooks": [],
          "afterHooks": [],
          "tests": [
            {
              "title": "Checkbox",
              "fullTitle": "Checkbox Checkbox",
              "timedOut": null,
              "duration": 6079,
              "state": "passed",
              "speed": "medium",
              "pass": true,
              "fail": false,
              "pending": false,
              "context": null,
              "code": "cy.get('svg[class=\"chakra-icon css-6ey7w3\"]').eq(1).click();\ncy.wait(500);\ncy.get('input[class=\"checkbox_inputStyle__Rjg8M\"]').each(check => {\n  cy.wrap(check).scrollIntoView().should('be.enabled').and('be.visible');\n});",
              "err": {},
              "uuid": "df18726d-bd1e-4f8a-bbe9-bbe724b88079",
              "parentUUID": "f9f708ce-364c-48de-acdc-eca031ee7d12",
              "isHook": false,
              "skipped": false
            }
          ],
          "suites": [],
          "passes": [
            "df18726d-bd1e-4f8a-bbe9-bbe724b88079"
          ],
          "failures": [],
          "pending": [],
          "skipped": [],
          "duration": 6079,
          "root": false,
          "rootEmpty": false,
          "_timeout": 2000
        }
      ],
      "passes": [],
      "failures": [],
      "pending": [],
      "skipped": [],
      "duration": 0,
      "root": true,
      "rootEmpty": true,
      "_timeout": 2000
    }
  ],
  "meta": {
    "mocha": {
      "version": "7.0.1"
    },
    "mochawesome": {
      "options": {
        "quiet": false,
        "reportFilename": "mochawesome",
        "saveHtml": true,
        "saveJson": true,
        "consoleReporter": "spec",
        "useInlineDiffs": false,
        "code": true
      },
      "version": "7.1.3"
    },
    "marge": {
      "options": {
        "reportDir": "cypress/reports",
        "overwrite": false,
        "html": true,
        "json": true,
        "timestamp": "mmddyyyy_HHMMss"
      },
      "version": "6.2.0"
    }
  }
}