{
  "stats": {
    "suites": 1,
    "tests": 1,
    "passes": 1,
    "pending": 0,
    "failures": 0,
    "start": "2025-05-01T06:50:41.935Z",
    "end": "2025-05-01T06:50:49.134Z",
    "duration": 7199,
    "testsRegistered": 1,
    "passPercent": 100,
    "pendingPercent": 0,
    "other": 0,
    "hasOther": false,
    "skipped": 0,
    "hasSkipped": false
  },
  "results": [
    {
      "uuid": "bb714a46-c41d-4fe6-a28b-121186ca4d99",
      "title": "",
      "fullFile": "cypress\\e2e\\Smoke\\SearchBen\\Search Ben-Buttons.cy.js",
      "file": "cypress\\e2e\\Smoke\\SearchBen\\Search Ben-Buttons.cy.js",
      "beforeHooks": [],
      "afterHooks": [],
      "tests": [],
      "suites": [
        {
          "uuid": "444ca3ef-f7db-41c7-ac9d-e6338645f4bb",
          "title": "Search Ben-Buttons",
          "fullFile": "",
          "file": "",
          "beforeHooks": [],
          "afterHooks": [],
          "tests": [
            {
              "title": "Search Ben-Buttons",
              "fullTitle": "Search Ben-Buttons Search Ben-Buttons",
              "timedOut": null,
              "duration": 5662,
              "state": "passed",
              "speed": "medium",
              "pass": true,
              "fail": false,
              "pending": false,
              "context": null,
              "code": "cy.get('svg[class=\"chakra-icon css-6ey7w3\"]').eq(1).click();\ncy.wait(500);\ncy.get('button[class=\"BenAddressData_button__0kXLn\"]').each(button => {\n  cy.wrap(button).scrollIntoView().should('be.enabled').and('be.visible');\n});\n// cy.get('button[class=\"customButton_button__Ol41S BenAddressData_button__0kXLn\"]')\n// .scrollIntoView().should('be.enabled').and('be.visible');",
              "err": {},
              "uuid": "a1634a2f-ced6-49bf-a2d4-b3da26f4cb77",
              "parentUUID": "444ca3ef-f7db-41c7-ac9d-e6338645f4bb",
              "isHook": false,
              "skipped": false
            }
          ],
          "suites": [],
          "passes": [
            "a1634a2f-ced6-49bf-a2d4-b3da26f4cb77"
          ],
          "failures": [],
          "pending": [],
          "skipped": [],
          "duration": 5662,
          "root": false,
          "rootEmpty": false,
          "_timeout": 2000
        }
      ],
      "passes": [],
      "failures": [],
      "pending": [],
      "skipped": [],
      "duration": 0,
      "root": true,
      "rootEmpty": true,
      "_timeout": 2000
    }
  ],
  "meta": {
    "mocha": {
      "version": "7.0.1"
    },
    "mochawesome": {
      "options": {
        "quiet": false,
        "reportFilename": "mochawesome",
        "saveHtml": true,
        "saveJson": true,
        "consoleReporter": "spec",
        "useInlineDiffs": false,
        "code": true
      },
      "version": "7.1.3"
    },
    "marge": {
      "options": {
        "reportDir": "cypress/reports",
        "overwrite": false,
        "html": true,
        "json": true,
        "timestamp": "mmddyyyy_HHMMss"
      },
      "version": "6.2.0"
    }
  }
}