{
  "stats": {
    "suites": 17,
    "tests": 55,
    "passes": 54,
    "pending": 0,
    "failures": 1,
    "testsRegistered": 55,
    "passPercent": 98.18181818181819,
    "pendingPercent": 0,
    "other": 0,
    "hasOther": false,
    "skipped": 0,
    "hasSkipped": false,
    "start": "2026-07-29T11:41:52.557Z",
    "end": "2026-07-29T11:43:33.234Z",
    "duration": 100677
  },
  "results": [
    {
      "uuid": "096360a3-c78f-4cf0-8ee3-77cf92bd1c86",
      "title": "",
      "fullFile": "cypress\\e2e\\UI\\Customer login page\\ACCESSIBILITY.cy.js",
      "file": "cypress\\e2e\\UI\\Customer login page\\ACCESSIBILITY.cy.js",
      "beforeHooks": [],
      "afterHooks": [],
      "tests": [
        {
          "title": "should assert all images have non-empty alt attributes (a11y)",
          "fullTitle": "should assert all images have non-empty alt attributes (a11y)",
          "timedOut": null,
          "duration": 10238,
          "state": "failed",
          "speed": null,
          "pass": false,
          "fail": true,
          "pending": false,
          "context": "{\n  \"title\": \"cypress-mochawesome-reporter-screenshots\",\n  \"value\": [\n    [\n      \"\\\\ACCESSIBILITY.cy.js\\\\should assert all images have non-empty alt attributes (a11y) (failed).png\"\n    ]\n  ]\n}",
          "code": "cy.get('img').each($img => {\n  const alt = $img.attr('alt');\n  expect(alt, 'alt attribute should exist').to.not.be.undefined;\n});",
          "err": {
            "message": "AssertionError: Timed out retrying after 10000ms: Expected to find element: `img`, but never found it.",
            "estack": "AssertionError: Timed out retrying after 10000ms: Expected to find element: `img`, but never found it.\n    at Context.eval (webpack:///./cypress/e2e/UI/Customer login page/ACCESSIBILITY.cy.js:11:7)",
            "diff": null
          },
          "uuid": "02cbaa3f-9517-47c3-b0af-b7920e73d83b",
          "parentUUID": "096360a3-c78f-4cf0-8ee3-77cf92bd1c86",
          "isHook": false,
          "skipped": false
        }
      ],
      "suites": [],
      "passes": [],
      "failures": [
        "02cbaa3f-9517-47c3-b0af-b7920e73d83b"
      ],
      "pending": [],
      "skipped": [],
      "duration": 10238,
      "root": true,
      "rootEmpty": false,
      "_timeout": 2000
    },
    {
      "uuid": "cc04b5be-6d98-4d69-a17f-f6b4f1f7974d",
      "title": "",
      "fullFile": "cypress\\e2e\\UI\\Customer login page\\appdownloadimages.cy.js",
      "file": "cypress\\e2e\\UI\\Customer login page\\appdownloadimages.cy.js",
      "beforeHooks": [],
      "afterHooks": [],
      "tests": [],
      "suites": [
        {
          "uuid": "5191b993-b5fa-413f-b22f-cb02e1a3b8e0",
          "title": "Pococare Page - Links Assertions (Corrected)",
          "fullFile": "",
          "file": "",
          "beforeHooks": [],
          "afterHooks": [],
          "tests": [
            {
              "title": "should verify app store badges are wrapped in clickable links (or flag if not)",
              "fullTitle": "Pococare Page - Links Assertions (Corrected) should verify app store badges are wrapped in clickable links (or flag if not)",
              "timedOut": null,
              "duration": 932,
              "state": "passed",
              "speed": "fast",
              "pass": true,
              "fail": false,
              "pending": false,
              "context": null,
              "code": "cy.get('img[alt=\"App Store\"]').then($img => {\n  const parentLink = $img.closest('a');\n  if (parentLink.length) {\n    cy.wrap(parentLink).should('have.attr', 'href').and('include', 'play.google.com');\n  } else {\n    cy.log('WARNING: \"App Store\" image is not wrapped in an <a> tag - not navigable');\n  }\n});\ncy.get('img[alt=\"Ios Store\"]').then($img => {\n  const parentLink = $img.closest('a');\n  if (parentLink.length) {\n    cy.wrap(parentLink).should('have.attr', 'href').and('include', 'apps.apple.com');\n  } else {\n    cy.log('WARNING: \"Ios Store\" image is not wrapped in an <a> tag - not navigable');\n  }\n});",
              "err": {},
              "uuid": "1365aa41-8a71-4d72-b575-abe9ec838117",
              "parentUUID": "5191b993-b5fa-413f-b22f-cb02e1a3b8e0",
              "isHook": false,
              "skipped": false
            }
          ],
          "suites": [],
          "passes": [
            "1365aa41-8a71-4d72-b575-abe9ec838117"
          ],
          "failures": [],
          "pending": [],
          "skipped": [],
          "duration": 932,
          "root": false,
          "rootEmpty": false,
          "_timeout": 2000
        }
      ],
      "passes": [],
      "failures": [],
      "pending": [],
      "skipped": [],
      "duration": 0,
      "root": true,
      "rootEmpty": true,
      "_timeout": 2000
    },
    {
      "uuid": "6574b0e7-42c1-437d-8db0-252c45c4184c",
      "title": "",
      "fullFile": "cypress\\e2e\\UI\\Customer login page\\Buttons.cy.js",
      "file": "cypress\\e2e\\UI\\Customer login page\\Buttons.cy.js",
      "beforeHooks": [],
      "afterHooks": [],
      "tests": [],
      "suites": [
        {
          "uuid": "5bd60a03-77cc-48f8-81e6-3af7518444b6",
          "title": "Pococare Homepage - Button Assertions",
          "fullFile": "",
          "file": "",
          "beforeHooks": [],
          "afterHooks": [],
          "tests": [],
          "suites": [
            {
              "uuid": "9f583cf3-cc79-4d92-ba36-ec5d95a29581",
              "title": "Login Button",
              "fullFile": "",
              "file": "",
              "beforeHooks": [],
              "afterHooks": [],
              "tests": [
                {
                  "title": "should be present and visible",
                  "fullTitle": "Pococare Homepage - Button Assertions Login Button should be present and visible",
                  "timedOut": null,
                  "duration": 1061,
                  "state": "passed",
                  "speed": "fast",
                  "pass": true,
                  "fail": false,
                  "pending": false,
                  "context": null,
                  "code": "cy.contains('Login').should('exist').and('be.visible');",
                  "err": {},
                  "uuid": "202652e5-a9e4-4516-be61-aae5290db1a3",
                  "parentUUID": "9f583cf3-cc79-4d92-ba36-ec5d95a29581",
                  "isHook": false,
                  "skipped": false
                },
                {
                  "title": "should have correct background color",
                  "fullTitle": "Pococare Homepage - Button Assertions Login Button should have correct background color",
                  "timedOut": null,
                  "duration": 313,
                  "state": "passed",
                  "speed": "fast",
                  "pass": true,
                  "fail": false,
                  "pending": false,
                  "context": null,
                  "code": "cy.contains('Login').closest('[id^=\"popover-trigger\"]').should('be.visible').and('have.css', 'background-color').and('match', /rgb\\(2\\d{2},\\s?\\d{1,3},\\s?1\\d{2}\\)/);",
                  "err": {},
                  "uuid": "d63e7262-06de-43d6-b22f-193e073f6ee3",
                  "parentUUID": "9f583cf3-cc79-4d92-ba36-ec5d95a29581",
                  "isHook": false,
                  "skipped": false
                },
                {
                  "title": "should have expected size (width/height)",
                  "fullTitle": "Pococare Homepage - Button Assertions Login Button should have expected size (width/height)",
                  "timedOut": null,
                  "duration": 319,
                  "state": "passed",
                  "speed": "fast",
                  "pass": true,
                  "fail": false,
                  "pending": false,
                  "context": null,
                  "code": "cy.contains('Login').closest('[id^=\"popover-trigger\"]').then($el => {\n  const {\n    width,\n    height\n  } = $el[0].getBoundingClientRect();\n  expect(width).to.be.greaterThan(80);\n  expect(height).to.be.greaterThan(30);\n});",
                  "err": {},
                  "uuid": "7bf71ec4-1592-4ba5-9925-e010de6027c1",
                  "parentUUID": "9f583cf3-cc79-4d92-ba36-ec5d95a29581",
                  "isHook": false,
                  "skipped": false
                },
                {
                  "title": "should be positioned in the top-right nav area",
                  "fullTitle": "Pococare Homepage - Button Assertions Login Button should be positioned in the top-right nav area",
                  "timedOut": null,
                  "duration": 245,
                  "state": "passed",
                  "speed": "fast",
                  "pass": true,
                  "fail": false,
                  "pending": false,
                  "context": null,
                  "code": "cy.contains('Login').closest('[id^=\"popover-trigger\"]').then($el => {\n  const rect = $el[0].getBoundingClientRect();\n  expect(rect.top).to.be.lessThan(100);\n  expect(rect.left).to.be.greaterThan(700);\n});",
                  "err": {},
                  "uuid": "dbe987d4-636b-4368-9fea-61f57bf2c4d1",
                  "parentUUID": "9f583cf3-cc79-4d92-ba36-ec5d95a29581",
                  "isHook": false,
                  "skipped": false
                }
              ],
              "suites": [],
              "passes": [
                "202652e5-a9e4-4516-be61-aae5290db1a3",
                "d63e7262-06de-43d6-b22f-193e073f6ee3",
                "7bf71ec4-1592-4ba5-9925-e010de6027c1",
                "dbe987d4-636b-4368-9fea-61f57bf2c4d1"
              ],
              "failures": [],
              "pending": [],
              "skipped": [],
              "duration": 1938,
              "root": false,
              "rootEmpty": false,
              "_timeout": 2000
            },
            {
              "uuid": "f33f3ead-5923-422d-970f-1a78ec616299",
              "title": "Get OTP Button - Position",
              "fullFile": "",
              "file": "",
              "beforeHooks": [],
              "afterHooks": [],
              "tests": [
                {
                  "title": "should be positioned below the phone number input",
                  "fullTitle": "Pococare Homepage - Button Assertions Get OTP Button - Position should be positioned below the phone number input",
                  "timedOut": null,
                  "duration": 200,
                  "state": "passed",
                  "speed": "fast",
                  "pass": true,
                  "fail": false,
                  "pending": false,
                  "context": null,
                  "code": "cy.get('input[placeholder=\"Phone number\"]').then($input => {\n  const inputTop = $input[0].getBoundingClientRect().top;\n  cy.contains('button', 'Get OTP').then($btn => {\n    const btnTop = $btn[0].getBoundingClientRect().top;\n    expect(btnTop).to.be.greaterThan(inputTop);\n  });\n});",
                  "err": {},
                  "uuid": "38e6325c-1325-4edb-a9df-bd310e320f9e",
                  "parentUUID": "f33f3ead-5923-422d-970f-1a78ec616299",
                  "isHook": false,
                  "skipped": false
                },
                {
                  "title": "should be positioned below the email input",
                  "fullTitle": "Pococare Homepage - Button Assertions Get OTP Button - Position should be positioned below the email input",
                  "timedOut": null,
                  "duration": 246,
                  "state": "passed",
                  "speed": "fast",
                  "pass": true,
                  "fail": false,
                  "pending": false,
                  "context": null,
                  "code": "cy.get('input[placeholder=\"Email\"]').then($input => {\n  const inputTop = $input[0].getBoundingClientRect().top;\n  cy.contains('button', 'Get OTP').then($btn => {\n    const btnTop = $btn[0].getBoundingClientRect().top;\n    expect(btnTop).to.be.greaterThan(inputTop);\n  });\n});",
                  "err": {},
                  "uuid": "e7fb28f2-2e73-43eb-8532-bca8ee6cb42f",
                  "parentUUID": "f33f3ead-5923-422d-970f-1a78ec616299",
                  "isHook": false,
                  "skipped": false
                },
                {
                  "title": "should be positioned in the lower half of the viewport",
                  "fullTitle": "Pococare Homepage - Button Assertions Get OTP Button - Position should be positioned in the lower half of the viewport",
                  "timedOut": null,
                  "duration": 225,
                  "state": "passed",
                  "speed": "fast",
                  "pass": true,
                  "fail": false,
                  "pending": false,
                  "context": null,
                  "code": "cy.window().then(win => {\n  const viewportHeight = win.innerHeight;\n  cy.contains('button', 'Get OTP').then($btn => {\n    const rect = $btn[0].getBoundingClientRect();\n    expect(rect.top).to.be.greaterThan(viewportHeight * 0.4);\n  });\n});",
                  "err": {},
                  "uuid": "a7f9420c-332c-4902-9479-d1842b5a63fd",
                  "parentUUID": "f33f3ead-5923-422d-970f-1a78ec616299",
                  "isHook": false,
                  "skipped": false
                }
              ],
              "suites": [],
              "passes": [
                "38e6325c-1325-4edb-a9df-bd310e320f9e",
                "e7fb28f2-2e73-43eb-8532-bca8ee6cb42f",
                "a7f9420c-332c-4902-9479-d1842b5a63fd"
              ],
              "failures": [],
              "pending": [],
              "skipped": [],
              "duration": 671,
              "root": false,
              "rootEmpty": false,
              "_timeout": 2000
            },
            {
              "uuid": "84da9bdd-d646-4591-9465-73df3236560c",
              "title": "Generic reusable button assertions",
              "fullFile": "",
              "file": "",
              "beforeHooks": [],
              "afterHooks": [],
              "tests": [
                {
                  "title": "should verify all visible buttons have a valid bounding box",
                  "fullTitle": "Pococare Homepage - Button Assertions Generic reusable button assertions should verify all visible buttons have a valid bounding box",
                  "timedOut": null,
                  "duration": 264,
                  "state": "passed",
                  "speed": "fast",
                  "pass": true,
                  "fail": false,
                  "pending": false,
                  "context": null,
                  "code": "cy.get('button').each($btn => {\n  cy.wrap($btn).should('be.visible');\n  cy.wrap($btn).then($el => {\n    const rect = $el[0].getBoundingClientRect();\n    expect(rect.width).to.be.greaterThan(0);\n    expect(rect.height).to.be.greaterThan(0);\n  });\n});",
                  "err": {},
                  "uuid": "6463342f-088f-48c9-98ce-40c69f112977",
                  "parentUUID": "84da9bdd-d646-4591-9465-73df3236560c",
                  "isHook": false,
                  "skipped": false
                },
                {
                  "title": "should log background color of each button (informational only)",
                  "fullTitle": "Pococare Homepage - Button Assertions Generic reusable button assertions should log background color of each button (informational only)",
                  "timedOut": null,
                  "duration": 252,
                  "state": "passed",
                  "speed": "fast",
                  "pass": true,
                  "fail": false,
                  "pending": false,
                  "context": null,
                  "code": "cy.get('button').each(($btn, index) => {\n  cy.wrap($btn).then($el => {\n    const bgColor = window.getComputedStyle($el[0]).backgroundColor;\n    cy.log(`Button ${index}: \"${$el.text().trim()}\" → background-color: ${bgColor}`);\n  });\n});",
                  "err": {},
                  "uuid": "bc9122fc-c911-40a7-a798-fd6b98c5e66e",
                  "parentUUID": "84da9bdd-d646-4591-9465-73df3236560c",
                  "isHook": false,
                  "skipped": false
                },
                {
                  "title": "should verify KNOWN primary CTA elements specifically have a filled background",
                  "fullTitle": "Pococare Homepage - Button Assertions Generic reusable button assertions should verify KNOWN primary CTA elements specifically have a filled background",
                  "timedOut": null,
                  "duration": 286,
                  "state": "passed",
                  "speed": "fast",
                  "pass": true,
                  "fail": false,
                  "pending": false,
                  "context": null,
                  "code": "// Login is a div-based popover trigger; Get OTP is a real <button>\ncy.contains('Login').closest('[id^=\"popover-trigger\"]').should('be.visible').and('have.css', 'background-color').and('not.eq', 'rgba(0, 0, 0, 0)');\ncy.contains('button', 'Get OTP').should('be.visible').and('have.css', 'background-color').and('not.eq', 'rgba(0, 0, 0, 0)');",
                  "err": {},
                  "uuid": "b59f12e2-6584-43fe-88c3-9427cd50f8c8",
                  "parentUUID": "84da9bdd-d646-4591-9465-73df3236560c",
                  "isHook": false,
                  "skipped": false
                }
              ],
              "suites": [],
              "passes": [
                "6463342f-088f-48c9-98ce-40c69f112977",
                "bc9122fc-c911-40a7-a798-fd6b98c5e66e",
                "b59f12e2-6584-43fe-88c3-9427cd50f8c8"
              ],
              "failures": [],
              "pending": [],
              "skipped": [],
              "duration": 802,
              "root": false,
              "rootEmpty": false,
              "_timeout": 2000
            }
          ],
          "passes": [],
          "failures": [],
          "pending": [],
          "skipped": [],
          "duration": 0,
          "root": false,
          "rootEmpty": false,
          "_timeout": 2000
        }
      ],
      "passes": [],
      "failures": [],
      "pending": [],
      "skipped": [],
      "duration": 0,
      "root": true,
      "rootEmpty": true,
      "_timeout": 2000
    },
    {
      "uuid": "42cb7bf7-d9d5-4702-8ea6-9ac3fbd211d3",
      "title": "",
      "fullFile": "cypress\\e2e\\UI\\Customer login page\\checkboxes.cy.js",
      "file": "cypress\\e2e\\UI\\Customer login page\\checkboxes.cy.js",
      "beforeHooks": [],
      "afterHooks": [],
      "tests": [],
      "suites": [
        {
          "uuid": "37719c2e-97c3-4cf9-ad4e-33a2fde5c4a0",
          "title": "Checkboxes",
          "fullFile": "",
          "file": "",
          "beforeHooks": [],
          "afterHooks": [],
          "tests": [
            {
              "title": "should assert the terms checkbox exists and toggles correctly",
              "fullTitle": "Checkboxes should assert the terms checkbox exists and toggles correctly",
              "timedOut": null,
              "duration": 1739,
              "state": "passed",
              "speed": "fast",
              "pass": true,
              "fail": false,
              "pending": false,
              "context": null,
              "code": "cy.get('input[type=\"checkbox\"], [role=\"checkbox\"]').first().should('exist').and('be.visible').and('have.attr', 'checked'); // default checked state\ncy.get('input[type=\"checkbox\"], [role=\"checkbox\"]').first().click({\n  force: true\n}).should('not.have.attr', 'not.be.checked');",
              "err": {},
              "uuid": "2e36c108-c70a-4959-b92b-59e34471e1a4",
              "parentUUID": "37719c2e-97c3-4cf9-ad4e-33a2fde5c4a0",
              "isHook": false,
              "skipped": false
            }
          ],
          "suites": [],
          "passes": [
            "2e36c108-c70a-4959-b92b-59e34471e1a4"
          ],
          "failures": [],
          "pending": [],
          "skipped": [],
          "duration": 1739,
          "root": false,
          "rootEmpty": false,
          "_timeout": 2000
        }
      ],
      "passes": [],
      "failures": [],
      "pending": [],
      "skipped": [],
      "duration": 0,
      "root": true,
      "rootEmpty": true,
      "_timeout": 2000
    },
    {
      "uuid": "6c3493f6-c174-43f2-ad81-af43ad16db41",
      "title": "",
      "fullFile": "cypress\\e2e\\UI\\Customer login page\\COUNTRYCODEDROPDOWN.cy.js",
      "file": "cypress\\e2e\\UI\\Customer login page\\COUNTRYCODEDROPDOWN.cy.js",
      "beforeHooks": [],
      "afterHooks": [],
      "tests": [],
      "suites": [
        {
          "uuid": "93d644d2-fb42-43e2-841b-068a47d498ee",
          "title": "COUNTRYCODEDROPDOWN",
          "fullFile": "",
          "file": "",
          "beforeHooks": [],
          "afterHooks": [],
          "tests": [
            {
              "title": "should assert country dropdown opens with India as default",
              "fullTitle": "COUNTRYCODEDROPDOWN should assert country dropdown opens with India as default",
              "timedOut": null,
              "duration": 1061,
              "state": "passed",
              "speed": "fast",
              "pass": true,
              "fail": false,
              "pending": false,
              "context": null,
              "code": "cy.get('[aria-haspopup=\"menu\"]').first().click();\ncy.contains('IN').should('be.visible');\ncy.contains('+91').should('be.visible');\ncy.get('body').type('{esc}');",
              "err": {},
              "uuid": "e6175aec-3a26-4cc1-94bf-7f9b264bbb92",
              "parentUUID": "93d644d2-fb42-43e2-841b-068a47d498ee",
              "isHook": false,
              "skipped": false
            }
          ],
          "suites": [],
          "passes": [
            "e6175aec-3a26-4cc1-94bf-7f9b264bbb92"
          ],
          "failures": [],
          "pending": [],
          "skipped": [],
          "duration": 1061,
          "root": false,
          "rootEmpty": false,
          "_timeout": 2000
        }
      ],
      "passes": [],
      "failures": [],
      "pending": [],
      "skipped": [],
      "duration": 0,
      "root": true,
      "rootEmpty": true,
      "_timeout": 2000
    },
    {
      "uuid": "eaa18125-6602-4aea-9040-3ef1fa21044c",
      "title": "",
      "fullFile": "cypress\\e2e\\UI\\Customer login page\\FOOTER COPYRIGHT TEXT.cy.js",
      "file": "cypress\\e2e\\UI\\Customer login page\\FOOTER COPYRIGHT TEXT.cy.js",
      "beforeHooks": [],
      "afterHooks": [],
      "tests": [],
      "suites": [
        {
          "uuid": "7b811bbb-411f-4e7c-92fa-a0eb587e4b0d",
          "title": "FOOTER COPYRIGHT TEXT",
          "fullFile": "",
          "file": "",
          "beforeHooks": [],
          "afterHooks": [],
          "tests": [
            {
              "title": "should assert footer copyright text is present and correct",
              "fullTitle": "FOOTER COPYRIGHT TEXT should assert footer copyright text is present and correct",
              "timedOut": null,
              "duration": 1003,
              "state": "passed",
              "speed": "fast",
              "pass": true,
              "fail": false,
              "pending": false,
              "context": null,
              "code": "cy.contains('© 2025 Copyright POCOCARE. All Rights Reserved').should('be.visible');",
              "err": {},
              "uuid": "b80213fe-67ae-419d-81fb-8df050aed2ac",
              "parentUUID": "7b811bbb-411f-4e7c-92fa-a0eb587e4b0d",
              "isHook": false,
              "skipped": false
            }
          ],
          "suites": [],
          "passes": [
            "b80213fe-67ae-419d-81fb-8df050aed2ac"
          ],
          "failures": [],
          "pending": [],
          "skipped": [],
          "duration": 1003,
          "root": false,
          "rootEmpty": false,
          "_timeout": 2000
        }
      ],
      "passes": [],
      "failures": [],
      "pending": [],
      "skipped": [],
      "duration": 0,
      "root": true,
      "rootEmpty": true,
      "_timeout": 2000
    },
    {
      "uuid": "68d23dbf-0e82-4cf1-807e-3e49644cdad2",
      "title": "",
      "fullFile": "cypress\\e2e\\UI\\Customer login page\\formvalidation.cy.js",
      "file": "cypress\\e2e\\UI\\Customer login page\\formvalidation.cy.js",
      "beforeHooks": [],
      "afterHooks": [],
      "tests": [],
      "suites": [
        {
          "uuid": "b86473d9-4558-4271-b238-fbda93313411",
          "title": "formvalidation",
          "fullFile": "",
          "file": "",
          "beforeHooks": [],
          "afterHooks": [],
          "tests": [
            {
              "title": "should assert Get OTP button is disabled by default and enables on valid phone entry",
              "fullTitle": "formvalidation should assert Get OTP button is disabled by default and enables on valid phone entry",
              "timedOut": null,
              "duration": 1416,
              "state": "passed",
              "speed": "fast",
              "pass": true,
              "fail": false,
              "pending": false,
              "context": null,
              "code": "cy.contains('button', 'Get OTP').should('be.disabled');\ncy.get('input[placeholder=\"Phone number\"]').type('9876543210');\ncy.contains('button', 'Get OTP').should('not.be.disabled');",
              "err": {},
              "uuid": "0518d8a9-9b5c-4459-a7cd-818cd8ae8e03",
              "parentUUID": "b86473d9-4558-4271-b238-fbda93313411",
              "isHook": false,
              "skipped": false
            }
          ],
          "suites": [],
          "passes": [
            "0518d8a9-9b5c-4459-a7cd-818cd8ae8e03"
          ],
          "failures": [],
          "pending": [],
          "skipped": [],
          "duration": 1416,
          "root": false,
          "rootEmpty": false,
          "_timeout": 2000
        }
      ],
      "passes": [],
      "failures": [],
      "pending": [],
      "skipped": [],
      "duration": 0,
      "root": true,
      "rootEmpty": true,
      "_timeout": 2000
    },
    {
      "uuid": "52bfd6c1-8034-49e8-a2dc-5b79c0d1cb05",
      "title": "",
      "fullFile": "cypress\\e2e\\UI\\Customer login page\\HEADINGS&TYPOGRAPHY.cy.js",
      "file": "cypress\\e2e\\UI\\Customer login page\\HEADINGS&TYPOGRAPHY.cy.js",
      "beforeHooks": [],
      "afterHooks": [],
      "tests": [],
      "suites": [
        {
          "uuid": "a939c229-d201-43b3-bcee-98df7fa38b7d",
          "title": "HEADINGS&TYPOGRAPHY",
          "fullFile": "",
          "file": "",
          "beforeHooks": [],
          "afterHooks": [],
          "tests": [
            {
              "title": "should assert heading hierarchy and text content",
              "fullTitle": "HEADINGS&TYPOGRAPHY should assert heading hierarchy and text content",
              "timedOut": null,
              "duration": 944,
              "state": "passed",
              "speed": "fast",
              "pass": true,
              "fail": false,
              "pending": false,
              "context": null,
              "code": "cy.contains('Medical Emergency').should('be.visible');\ncy.contains('\"Incident to Hospital Admission\"').should('be.visible');\ncy.contains('Service Anywhere').should('be.visible');\ncy.contains(`“Peace of Mind for you and your family”`).should('be.visible');",
              "err": {},
              "uuid": "a70845e9-2a5c-43db-a0c3-28734c2041e9",
              "parentUUID": "a939c229-d201-43b3-bcee-98df7fa38b7d",
              "isHook": false,
              "skipped": false
            }
          ],
          "suites": [],
          "passes": [
            "a70845e9-2a5c-43db-a0c3-28734c2041e9"
          ],
          "failures": [],
          "pending": [],
          "skipped": [],
          "duration": 944,
          "root": false,
          "rootEmpty": false,
          "_timeout": 2000
        }
      ],
      "passes": [],
      "failures": [],
      "pending": [],
      "skipped": [],
      "duration": 0,
      "root": true,
      "rootEmpty": true,
      "_timeout": 2000
    },
    {
      "uuid": "ead449c3-1828-434f-ab26-624606acbf9b",
      "title": "",
      "fullFile": "cypress\\e2e\\UI\\Customer login page\\image.cy.js",
      "file": "cypress\\e2e\\UI\\Customer login page\\image.cy.js",
      "beforeHooks": [],
      "afterHooks": [],
      "tests": [],
      "suites": [
        {
          "uuid": "593384dd-123e-453e-96ed-00b2d72e1022",
          "title": "Pococare Page - All Images Assertions",
          "fullFile": "",
          "file": "",
          "beforeHooks": [],
          "afterHooks": [],
          "tests": [
            {
              "title": "should assert the company logo size, position, and brand color",
              "fullTitle": "Pococare Page - All Images Assertions should assert the company logo size, position, and brand color",
              "timedOut": null,
              "duration": 1347,
              "state": "passed",
              "speed": "fast",
              "pass": true,
              "fail": false,
              "pending": false,
              "context": null,
              "code": "const logoSelector = 'img[alt=\"Company Logo\"]';\ncy.get(logoSelector).first().as('mainLogo').should('be.visible').and($img => {\n  expect($img[0].naturalWidth).to.be.greaterThan(0);\n});\n// Natural (intrinsic) image dimensions\ncy.get('@mainLogo').should($img => {\n  expect($img[0].naturalWidth).to.eq(234);\n  expect($img[0].naturalHeight).to.eq(94);\n});\n// Rendered size & screen position\ncy.get('@mainLogo').then($logo => {\n  const rect = $logo[0].getBoundingClientRect();\n  cy.log(`Logo rendered: ${rect.width.toFixed(1)}x${rect.height.toFixed(1)} at top=${rect.top.toFixed(1)}, left=${rect.left.toFixed(1)}`);\n  expect(rect.width).to.be.closeTo(110.5, 2);\n  expect(rect.height).to.be.greaterThan(0);\n  expect(rect.top).to.be.closeTo(41.36, 5);\n});\n// Brand color check via canvas pixel sampling\ncy.get('@mainLogo').then($img => {\n  const imgEl = $img[0];\n  const canvas = document.createElement('canvas');\n  canvas.width = imgEl.naturalWidth;\n  canvas.height = imgEl.naturalHeight;\n  const ctx = canvas.getContext('2d');\n  ctx.drawImage(imgEl, 0, 0);\n  // Confirmed brand pink at center of \"care\" text\n  const pinkPixel = ctx.getImageData(117, 47, 1, 1).data;\n  expect(pinkPixel[0]).to.be.closeTo(255, 5);\n  expect(pinkPixel[1]).to.be.closeTo(41, 10);\n  expect(pinkPixel[2]).to.be.closeTo(151, 10);\n  expect(pinkPixel[3]).to.eq(255);\n  // Corner should be white/transparent background\n  const bgPixel = ctx.getImageData(5, 5, 1, 1).data;\n  expect(bgPixel[0]).to.eq(255);\n  expect(bgPixel[1]).to.eq(255);\n  expect(bgPixel[2]).to.eq(255);\n});",
              "err": {},
              "uuid": "44857a8e-762f-4245-b3d1-63e703e30d5d",
              "parentUUID": "593384dd-123e-453e-96ed-00b2d72e1022",
              "isHook": false,
              "skipped": false
            },
            {
              "title": "should assert every <img> element exists in DOM and loads correctly",
              "fullTitle": "Pococare Page - All Images Assertions should assert every <img> element exists in DOM and loads correctly",
              "timedOut": null,
              "duration": 667,
              "state": "passed",
              "speed": "fast",
              "pass": true,
              "fail": false,
              "pending": false,
              "context": null,
              "code": "cy.get('img').should('have.length.greaterThan', 0);\ncy.get('img').each(($img, index) => {\n  const el = $img[0];\n  const alt = el.getAttribute('alt') || `(no alt) #${index}`;\n  cy.wrap($img).should('exist');\n  cy.wrap($img).should($el => {\n    expect($el[0].naturalWidth, `${alt} - naturalWidth`).to.be.greaterThan(0);\n  });\n});",
              "err": {},
              "uuid": "a54537f4-6e87-4fd4-acfc-d966ce457c0a",
              "parentUUID": "593384dd-123e-453e-96ed-00b2d72e1022",
              "isHook": false,
              "skipped": false
            },
            {
              "title": "should log and validate size/position of only visible images",
              "fullTitle": "Pococare Page - All Images Assertions should log and validate size/position of only visible images",
              "timedOut": null,
              "duration": 240,
              "state": "passed",
              "speed": "fast",
              "pass": true,
              "fail": false,
              "pending": false,
              "context": null,
              "code": "cy.get('img').then($images => {\n  $images.each((index, el) => {\n    const alt = el.getAttribute('alt') || `(no alt) #${index}`;\n    const isVisible = !!(el.offsetWidth || el.offsetHeight || el.getClientRects().length);\n    if (isVisible) {\n      const rect = el.getBoundingClientRect();\n      cy.log(`VISIBLE: \"${alt}\" -> ${rect.width.toFixed(1)}x${rect.height.toFixed(1)} at top=${rect.top.toFixed(1)}, left=${rect.left.toFixed(1)}`);\n      expect(rect.width, `${alt} width`).to.be.greaterThan(0);\n      expect(rect.height, `${alt} height`).to.be.greaterThan(0);\n    } else {\n      cy.log(`HIDDEN (skipped): \"${alt}\"`);\n    }\n  });\n});",
              "err": {},
              "uuid": "7a0988b6-4aed-4564-9d4c-37167c936bc3",
              "parentUUID": "593384dd-123e-453e-96ed-00b2d72e1022",
              "isHook": false,
              "skipped": false
            },
            {
              "title": "should assert known always-visible images individually",
              "fullTitle": "Pococare Page - All Images Assertions should assert known always-visible images individually",
              "timedOut": null,
              "duration": 223,
              "state": "passed",
              "speed": "fast",
              "pass": true,
              "fail": false,
              "pending": false,
              "context": null,
              "code": "const expectedVisibleImages = ['Company Logo', 'emergency lifecycle'];\nexpectedVisibleImages.forEach(alt => {\n  cy.get(`img[alt=\"${alt}\"]`).should('exist').and('be.visible');\n});",
              "err": {},
              "uuid": "fca7806c-bcad-4dc0-9e16-398a59f498fe",
              "parentUUID": "593384dd-123e-453e-96ed-00b2d72e1022",
              "isHook": false,
              "skipped": false
            },
            {
              "title": "should assert conditional images exist but may be hidden depending on viewport",
              "fullTitle": "Pococare Page - All Images Assertions should assert conditional images exist but may be hidden depending on viewport",
              "timedOut": null,
              "duration": 239,
              "state": "passed",
              "speed": "fast",
              "pass": true,
              "fail": false,
              "pending": false,
              "context": null,
              "code": "const conditionalImages = ['App Store', 'Ios Store'];\nconditionalImages.forEach(alt => {\n  cy.get(`img[alt=\"${alt}\"]`).should('exist').then($img => {\n    const isVisible = $img.is(':visible');\n    cy.log(`\"${alt}\" visible on this viewport: ${isVisible}`);\n  });\n});",
              "err": {},
              "uuid": "571c8d99-2a20-4b3c-be44-ae0ff80f9e00",
              "parentUUID": "593384dd-123e-453e-96ed-00b2d72e1022",
              "isHook": false,
              "skipped": false
            },
            {
              "title": "should assert the country flag dropdown trigger is present and functional",
              "fullTitle": "Pococare Page - All Images Assertions should assert the country flag dropdown trigger is present and functional",
              "timedOut": null,
              "duration": 256,
              "state": "passed",
              "speed": "fast",
              "pass": true,
              "fail": false,
              "pending": false,
              "context": null,
              "code": "cy.get('[aria-haspopup=\"menu\"]').first().as('flagButton');\ncy.get('@flagButton').should('exist').and('be.visible');\n// Verify whatever icon type is rendered inside (svg/img/span)\ncy.get('@flagButton').within(() => {\n  cy.get('svg, img, span[role=\"img\"]').should('exist');\n});\n// Size & position of the flag trigger\ncy.get('@flagButton').then($el => {\n  const rect = $el[0].getBoundingClientRect();\n  cy.log(`Flag button -> ${rect.width.toFixed(1)}x${rect.height.toFixed(1)} at top=${rect.top.toFixed(1)}, left=${rect.left.toFixed(1)}`);\n  expect(rect.width).to.be.greaterThan(0);\n  expect(rect.height).to.be.greaterThan(0);\n});",
              "err": {},
              "uuid": "34464856-1c7d-436e-8925-c2532c62d14a",
              "parentUUID": "593384dd-123e-453e-96ed-00b2d72e1022",
              "isHook": false,
              "skipped": false
            },
            {
              "title": "should open the country dropdown and verify default selection is India (+91)",
              "fullTitle": "Pococare Page - All Images Assertions should open the country dropdown and verify default selection is India (+91)",
              "timedOut": null,
              "duration": 463,
              "state": "passed",
              "speed": "fast",
              "pass": true,
              "fail": false,
              "pending": false,
              "context": null,
              "code": "cy.get('[aria-haspopup=\"menu\"]').first().click();\ncy.contains('IN').should('be.visible');\ncy.contains('+91').should('be.visible');\ncy.get('body').type('{esc}');",
              "err": {},
              "uuid": "61b8316d-da16-460a-98f1-ea42b3d029ae",
              "parentUUID": "593384dd-123e-453e-96ed-00b2d72e1022",
              "isHook": false,
              "skipped": false
            }
          ],
          "suites": [],
          "passes": [
            "44857a8e-762f-4245-b3d1-63e703e30d5d",
            "a54537f4-6e87-4fd4-acfc-d966ce457c0a",
            "7a0988b6-4aed-4564-9d4c-37167c936bc3",
            "fca7806c-bcad-4dc0-9e16-398a59f498fe",
            "571c8d99-2a20-4b3c-be44-ae0ff80f9e00",
            "34464856-1c7d-436e-8925-c2532c62d14a",
            "61b8316d-da16-460a-98f1-ea42b3d029ae"
          ],
          "failures": [],
          "pending": [],
          "skipped": [],
          "duration": 3435,
          "root": false,
          "rootEmpty": false,
          "_timeout": 2000
        }
      ],
      "passes": [],
      "failures": [],
      "pending": [],
      "skipped": [],
      "duration": 0,
      "root": true,
      "rootEmpty": true,
      "_timeout": 2000
    },
    {
      "uuid": "3b373e1c-e393-45fe-9be2-1e38f5b2787a",
      "title": "",
      "fullFile": "cypress\\e2e\\UI\\Customer login page\\Links.cy.js",
      "file": "cypress\\e2e\\UI\\Customer login page\\Links.cy.js",
      "beforeHooks": [],
      "afterHooks": [],
      "tests": [],
      "suites": [
        {
          "uuid": "ce00b1eb-3b9e-4022-b744-8e135674f32c",
          "title": "Pococare Page - Links Assertions",
          "fullFile": "",
          "file": "",
          "beforeHooks": [],
          "afterHooks": [],
          "tests": [
            {
              "title": "should assert header navigation links exist, are visible, and have valid hrefs",
              "fullTitle": "Pococare Page - Links Assertions should assert header navigation links exist, are visible, and have valid hrefs",
              "timedOut": null,
              "duration": 1527,
              "state": "passed",
              "speed": "fast",
              "pass": true,
              "fail": false,
              "pending": false,
              "context": null,
              "code": "const headerLinks = ['About Us', 'Request a demo', 'Buy Subscription', 'Career', 'Blog'];\nheaderLinks.forEach(text => {\n  cy.contains('a', text).should('exist').and('be.visible').and('have.attr', 'href').and('not.be.empty');\n});",
              "err": {},
              "uuid": "09ecec1c-b93e-4923-91b5-d6c8de8ed366",
              "parentUUID": "ce00b1eb-3b9e-4022-b744-8e135674f32c",
              "isHook": false,
              "skipped": false
            },
            {
              "title": "should assert inline Terms & Privacy links near the signup form",
              "fullTitle": "Pococare Page - Links Assertions should assert inline Terms & Privacy links near the signup form",
              "timedOut": null,
              "duration": 329,
              "state": "passed",
              "speed": "fast",
              "pass": true,
              "fail": false,
              "pending": false,
              "context": null,
              "code": "cy.contains('a', 'Terms & Conditions').should('exist').and('be.visible').and('have.attr', 'href');\ncy.contains('a', 'Privacy Policy').should('exist').and('be.visible').and('have.attr', 'href');",
              "err": {},
              "uuid": "691067b5-57fe-4b48-b728-2d7671af6999",
              "parentUUID": "ce00b1eb-3b9e-4022-b744-8e135674f32c",
              "isHook": false,
              "skipped": false
            },
            {
              "title": "should assert footer links exist, are visible, and have valid hrefs",
              "fullTitle": "Pococare Page - Links Assertions should assert footer links exist, are visible, and have valid hrefs",
              "timedOut": null,
              "duration": 292,
              "state": "passed",
              "speed": "fast",
              "pass": true,
              "fail": false,
              "pending": false,
              "context": null,
              "code": "const footerLinks = ['Contact Us', 'Terms & Conditions', 'Privacy Policy', 'Refund Policy'];\nfooterLinks.forEach(text => {\n  cy.contains('footer a, a', text).last() // in case both inline and footer versions match, target footer instance\n  .should('exist').and('be.visible').and('have.attr', 'href').and('not.be.empty');\n});",
              "err": {},
              "uuid": "e106f3c7-8a02-4c41-a86b-76c66f2b4150",
              "parentUUID": "ce00b1eb-3b9e-4022-b744-8e135674f32c",
              "isHook": false,
              "skipped": false
            },
            {
              "title": "should assert contact links use correct tel: and mailto: protocols",
              "fullTitle": "Pococare Page - Links Assertions should assert contact links use correct tel: and mailto: protocols",
              "timedOut": null,
              "duration": 226,
              "state": "passed",
              "speed": "fast",
              "pass": true,
              "fail": false,
              "pending": false,
              "context": null,
              "code": "cy.contains('a', '+91 8056066766').should('exist').and('be.visible').and('have.attr', 'href').and('match', /^tel:/);\ncy.contains('a', 'info@pococare.com').should('exist').and('be.visible').and('have.attr', 'href').and('match', /^mailto:/);",
              "err": {},
              "uuid": "857912b1-1eb8-419b-b420-063274d9cf8c",
              "parentUUID": "ce00b1eb-3b9e-4022-b744-8e135674f32c",
              "isHook": false,
              "skipped": false
            },
            {
              "title": "should assert every link on the page has a non-empty, valid href",
              "fullTitle": "Pococare Page - Links Assertions should assert every link on the page has a non-empty, valid href",
              "timedOut": null,
              "duration": 262,
              "state": "passed",
              "speed": "fast",
              "pass": true,
              "fail": false,
              "pending": false,
              "context": null,
              "code": "cy.get('a').should('have.length.greaterThan', 0);\ncy.get('a').each($link => {\n  const href = $link.attr('href');\n  const text = $link.text().trim() || '(no text)';\n  // Skip links with no href (e.g., JS-only buttons styled as <a>)\n  if (href === undefined) {\n    cy.log(`SKIPPED (no href): \"${text}\"`);\n    return;\n  }\n  expect(href, `href for \"${text}\"`).to.not.be.empty;\n  cy.log(`Link \"${text}\" -> ${href}`);\n});",
              "err": {},
              "uuid": "461adea7-f1a3-41a0-8770-d7122a8a4cc0",
              "parentUUID": "ce00b1eb-3b9e-4022-b744-8e135674f32c",
              "isHook": false,
              "skipped": false
            },
            {
              "title": "should assert internal links do not return broken HTTP status codes",
              "fullTitle": "Pococare Page - Links Assertions should assert internal links do not return broken HTTP status codes",
              "timedOut": null,
              "duration": 870,
              "state": "passed",
              "speed": "fast",
              "pass": true,
              "fail": false,
              "pending": false,
              "context": null,
              "code": "cy.get('a').then($links => {\n  const hrefs = [...new Set($links.map((i, el) => Cypress.$(el).attr('href')).get().filter(href => href && href.startsWith('http') && !href.startsWith('mailto:') && !href.startsWith('tel:')))];\n  hrefs.forEach(href => {\n    cy.request({\n      url: href,\n      failOnStatusCode: false\n    }).then(resp => {\n      cy.log(`${href} -> status ${resp.status}`);\n      expect(resp.status, `Status for ${href}`).to.be.lessThan(400);\n    });\n  });\n});",
              "err": {},
              "uuid": "66135863-e3aa-4393-855f-b054214deb4f",
              "parentUUID": "ce00b1eb-3b9e-4022-b744-8e135674f32c",
              "isHook": false,
              "skipped": false
            }
          ],
          "suites": [],
          "passes": [
            "09ecec1c-b93e-4923-91b5-d6c8de8ed366",
            "691067b5-57fe-4b48-b728-2d7671af6999",
            "e106f3c7-8a02-4c41-a86b-76c66f2b4150",
            "857912b1-1eb8-419b-b420-063274d9cf8c",
            "461adea7-f1a3-41a0-8770-d7122a8a4cc0",
            "66135863-e3aa-4393-855f-b054214deb4f"
          ],
          "failures": [],
          "pending": [],
          "skipped": [],
          "duration": 3506,
          "root": false,
          "rootEmpty": false,
          "_timeout": 2000
        }
      ],
      "passes": [],
      "failures": [],
      "pending": [],
      "skipped": [],
      "duration": 0,
      "root": true,
      "rootEmpty": true,
      "_timeout": 2000
    },
    {
      "uuid": "b2799d14-cb5d-429c-befd-4b0e2b765330",
      "title": "",
      "fullFile": "cypress\\e2e\\UI\\Customer login page\\logo.cy.js",
      "file": "cypress\\e2e\\UI\\Customer login page\\logo.cy.js",
      "beforeHooks": [],
      "afterHooks": [],
      "tests": [],
      "suites": [
        {
          "uuid": "5f05279d-6492-455b-af86-ead87c63d4fa",
          "title": "Pococare Header Logo Assertions",
          "fullFile": "",
          "file": "",
          "beforeHooks": [],
          "afterHooks": [],
          "tests": [
            {
              "title": "should assert logo presence, size, and position",
              "fullTitle": "Pococare Header Logo Assertions should assert logo presence, size, and position",
              "timedOut": null,
              "duration": 11019,
              "state": "passed",
              "speed": "slow",
              "pass": true,
              "fail": false,
              "pending": false,
              "context": null,
              "code": "const logoSelector = 'img[alt=\"Company Logo\"]';\ncy.get(logoSelector).first().as('mainLogo');\n// 1. Presence & visibility\ncy.get('@mainLogo').should('exist').and('be.visible');\n// 2. Size\ncy.get('@mainLogo').invoke('width').should('be.closeTo', 110.5, 2);\ncy.get('@mainLogo').invoke('height').then(h => {\n  cy.log(`Actual logo height: ${h}px`); // capture real value first run\n});\n// 3. Position - using actual measured top value\ncy.get('@mainLogo').then($logo => {\n  const rect = $logo[0].getBoundingClientRect();\n  cy.log(`top: ${rect.top}, left: ${rect.left}`);\n  expect(rect.top).to.be.closeTo(41.36, 5);\n  expect(rect.left).to.be.closeTo(41, 10); // update once you confirm actual left value\n});",
              "err": {},
              "uuid": "32fe719b-8095-4347-bacf-c89d03d946d5",
              "parentUUID": "5f05279d-6492-455b-af86-ead87c63d4fa",
              "isHook": false,
              "skipped": false
            },
            {
              "title": "should assert logo presence, size, position, and brand color",
              "fullTitle": "Pococare Header Logo Assertions should assert logo presence, size, position, and brand color",
              "timedOut": null,
              "duration": 392,
              "state": "passed",
              "speed": "fast",
              "pass": true,
              "fail": false,
              "pending": false,
              "context": null,
              "code": "const logoSelector = 'img[alt=\"Company Logo\"]';\ncy.get(logoSelector).first().as('mainLogo').should('be.visible').and($img => {\n  expect($img[0].naturalWidth).to.be.greaterThan(0);\n});\n// 1. Natural image dimensions (intrinsic size)\ncy.get('@mainLogo').should($img => {\n  expect($img[0].naturalWidth).to.eq(234);\n  expect($img[0].naturalHeight).to.eq(94);\n});\n// 2. Rendered size and position on screen\ncy.get('@mainLogo').then($logo => {\n  const rect = $logo[0].getBoundingClientRect();\n  cy.log(`Rendered size: ${rect.width}x${rect.height}, position: top=${rect.top}, left=${rect.left}`);\n  expect(rect.width).to.be.closeTo(110.5, 2);\n  expect(rect.height).to.be.greaterThan(0);\n  expect(rect.top).to.be.closeTo(41.36, 5);\n});\n// 3. Brand color assertion via canvas pixel sampling\ncy.get('@mainLogo').then($img => {\n  const imgEl = $img[0];\n  const canvas = document.createElement('canvas');\n  canvas.width = imgEl.naturalWidth;\n  canvas.height = imgEl.naturalHeight;\n  const ctx = canvas.getContext('2d');\n  ctx.drawImage(imgEl, 0, 0);\n  // Confirmed brand pink at center point of the \"care\" text\n  const pinkPixel = ctx.getImageData(117, 47, 1, 1).data;\n  expect(pinkPixel[0]).to.be.closeTo(255, 5); // R\n  expect(pinkPixel[1]).to.be.closeTo(41, 10); // G\n  expect(pinkPixel[2]).to.be.closeTo(151, 10); // B\n  expect(pinkPixel[3]).to.eq(255); // fully opaque\n  // Background/corner should be white\n  const bgPixel = ctx.getImageData(5, 5, 1, 1).data;\n  expect(bgPixel[0]).to.eq(255);\n  expect(bgPixel[1]).to.eq(255);\n  expect(bgPixel[2]).to.eq(255);\n});",
              "err": {},
              "uuid": "25c6ce98-914c-4614-a86f-64b1e7329c28",
              "parentUUID": "5f05279d-6492-455b-af86-ead87c63d4fa",
              "isHook": false,
              "skipped": false
            }
          ],
          "suites": [],
          "passes": [
            "32fe719b-8095-4347-bacf-c89d03d946d5",
            "25c6ce98-914c-4614-a86f-64b1e7329c28"
          ],
          "failures": [],
          "pending": [],
          "skipped": [],
          "duration": 11411,
          "root": false,
          "rootEmpty": false,
          "_timeout": 2000
        }
      ],
      "passes": [],
      "failures": [],
      "pending": [],
      "skipped": [],
      "duration": 0,
      "root": true,
      "rootEmpty": true,
      "_timeout": 2000
    },
    {
      "uuid": "e017f1a5-9771-4867-afe4-44d2dc3dab4c",
      "title": "",
      "fullFile": "cypress\\e2e\\UI\\Customer login page\\PAGEMETADATA.cy.js",
      "file": "cypress\\e2e\\UI\\Customer login page\\PAGEMETADATA.cy.js",
      "beforeHooks": [],
      "afterHooks": [],
      "tests": [],
      "suites": [
        {
          "uuid": "e288af43-5360-4e92-b215-59e78e9ef054",
          "title": "PAGEMETADATA",
          "fullFile": "",
          "file": "",
          "beforeHooks": [],
          "afterHooks": [],
          "tests": [
            {
              "title": "should assert page title and favicon",
              "fullTitle": "PAGEMETADATA should assert page title and favicon",
              "timedOut": null,
              "duration": 748,
              "state": "passed",
              "speed": "fast",
              "pass": true,
              "fail": false,
              "pending": false,
              "context": null,
              "code": "cy.title().should('eq', 'Pococare Subscriber');\ncy.get('link[rel=\"icon\"], link[rel=\"shortcut icon\"]').should('have.attr', 'href');",
              "err": {},
              "uuid": "c5925811-6ca0-4a7e-8433-7a1f5279ecf4",
              "parentUUID": "e288af43-5360-4e92-b215-59e78e9ef054",
              "isHook": false,
              "skipped": false
            }
          ],
          "suites": [],
          "passes": [
            "c5925811-6ca0-4a7e-8433-7a1f5279ecf4"
          ],
          "failures": [],
          "pending": [],
          "skipped": [],
          "duration": 748,
          "root": false,
          "rootEmpty": false,
          "_timeout": 2000
        }
      ],
      "passes": [],
      "failures": [],
      "pending": [],
      "skipped": [],
      "duration": 0,
      "root": true,
      "rootEmpty": true,
      "_timeout": 2000
    },
    {
      "uuid": "cb726afb-2768-4a75-9b2b-a22ea7f9f6dd",
      "title": "",
      "fullFile": "cypress\\e2e\\UI\\Customer login page\\RESPONSIVE LAYOUT CHECK.cy.js",
      "file": "cypress\\e2e\\UI\\Customer login page\\RESPONSIVE LAYOUT CHECK.cy.js",
      "beforeHooks": [],
      "afterHooks": [],
      "tests": [],
      "suites": [
        {
          "uuid": "92c78e16-21d2-4a12-a33c-dd21d06eda8e",
          "title": "RESPONSIVE LAYOUT CHECK",
          "fullFile": "",
          "file": "",
          "beforeHooks": [],
          "afterHooks": [],
          "tests": [
            {
              "title": "should assert layout adapts correctly on mobile viewport",
              "fullTitle": "RESPONSIVE LAYOUT CHECK should assert layout adapts correctly on mobile viewport",
              "timedOut": null,
              "duration": 940,
              "state": "passed",
              "speed": "fast",
              "pass": true,
              "fail": false,
              "pending": false,
              "context": null,
              "code": "cy.viewport('iphone-x');\ncy.contains('Medical Emergency').should('be.visible');\ncy.get('input[placeholder=\"Phone number\"]').should('be.visible');",
              "err": {},
              "uuid": "2d29e42f-2fe9-42b2-a8aa-58fa1e2a89bc",
              "parentUUID": "92c78e16-21d2-4a12-a33c-dd21d06eda8e",
              "isHook": false,
              "skipped": false
            }
          ],
          "suites": [],
          "passes": [
            "2d29e42f-2fe9-42b2-a8aa-58fa1e2a89bc"
          ],
          "failures": [],
          "pending": [],
          "skipped": [],
          "duration": 940,
          "root": false,
          "rootEmpty": false,
          "_timeout": 2000
        }
      ],
      "passes": [],
      "failures": [],
      "pending": [],
      "skipped": [],
      "duration": 0,
      "root": true,
      "rootEmpty": true,
      "_timeout": 2000
    },
    {
      "uuid": "6eaad613-dd52-4ed2-bed3-f932ca090ea9",
      "title": "",
      "fullFile": "cypress\\e2e\\UI\\Customer login page\\socialmedialinks.cy.js",
      "file": "cypress\\e2e\\UI\\Customer login page\\socialmedialinks.cy.js",
      "beforeHooks": [],
      "afterHooks": [],
      "tests": [],
      "suites": [
        {
          "uuid": "9f15bf14-f28f-4494-b1a6-3b7dae1727f6",
          "title": "Pococare Page - Links Assertions",
          "fullFile": "",
          "file": "",
          "beforeHooks": [],
          "afterHooks": [],
          "tests": [
            {
              "title": "should identify social media icon buttons (currently non-navigable)",
              "fullTitle": "Pococare Page - Links Assertions should identify social media icon buttons (currently non-navigable)",
              "timedOut": null,
              "duration": 979,
              "state": "passed",
              "speed": "fast",
              "pass": true,
              "fail": false,
              "pending": false,
              "context": null,
              "code": "// These render as clickable buttons without hrefs in the current DOM\ncy.get('button').then($buttons => {\n  const socialLikeButtons = $buttons.filter((i, el) => {\n    const rect = el.getBoundingClientRect();\n    return rect.width < 50 && rect.width > 0; // small icon-sized buttons\n  });\n  cy.log(`Found ${socialLikeButtons.length} small icon-style buttons (likely social icons)`);\n});\ncy.log('NOTE: Social icons (Facebook/Twitter/Instagram/LinkedIn) are <button> elements with no href attribute - they do not navigate to external profiles. This may be an accessibility/functional gap worth flagging to the dev team.');",
              "err": {},
              "uuid": "7cc051a0-9059-4a3f-a40a-d2cefa55d224",
              "parentUUID": "9f15bf14-f28f-4494-b1a6-3b7dae1727f6",
              "isHook": false,
              "skipped": false
            }
          ],
          "suites": [],
          "passes": [
            "7cc051a0-9059-4a3f-a40a-d2cefa55d224"
          ],
          "failures": [],
          "pending": [],
          "skipped": [],
          "duration": 979,
          "root": false,
          "rootEmpty": false,
          "_timeout": 2000
        }
      ],
      "passes": [],
      "failures": [],
      "pending": [],
      "skipped": [],
      "duration": 0,
      "root": true,
      "rootEmpty": true,
      "_timeout": 2000
    },
    {
      "uuid": "6a39edfc-c3f8-4ada-9098-f244249215d5",
      "title": "",
      "fullFile": "cypress\\e2e\\UI\\Customer login page\\TEXTFIELDPLACEHOLDER&ATTRIBUTES.cy.js",
      "file": "cypress\\e2e\\UI\\Customer login page\\TEXTFIELDPLACEHOLDER&ATTRIBUTES.cy.js",
      "beforeHooks": [],
      "afterHooks": [],
      "tests": [],
      "suites": [
        {
          "uuid": "cc24a711-05ca-44cf-a810-995ee4373704",
          "title": "TEXTFIELDPLACEHOLDER&ATTRIBUTES",
          "fullFile": "",
          "file": "",
          "beforeHooks": [],
          "afterHooks": [],
          "tests": [
            {
              "title": "should assert input field placeholders and types",
              "fullTitle": "TEXTFIELDPLACEHOLDER&ATTRIBUTES should assert input field placeholders and types",
              "timedOut": null,
              "duration": 850,
              "state": "passed",
              "speed": "fast",
              "pass": true,
              "fail": false,
              "pending": false,
              "context": null,
              "code": "cy.get('input[placeholder=\"Phone number\"]').should('exist').and('be.visible');\ncy.get('input[placeholder=\"Email\"]').should('exist'); // may be disabled until phone OR email flow chosen",
              "err": {},
              "uuid": "7e1a60f7-d969-451a-982b-250a83500c2c",
              "parentUUID": "cc24a711-05ca-44cf-a810-995ee4373704",
              "isHook": false,
              "skipped": false
            }
          ],
          "suites": [],
          "passes": [
            "7e1a60f7-d969-451a-982b-250a83500c2c"
          ],
          "failures": [],
          "pending": [],
          "skipped": [],
          "duration": 850,
          "root": false,
          "rootEmpty": false,
          "_timeout": 2000
        }
      ],
      "passes": [],
      "failures": [],
      "pending": [],
      "skipped": [],
      "duration": 0,
      "root": true,
      "rootEmpty": true,
      "_timeout": 2000
    },
    {
      "uuid": "12e870a3-219d-4d38-af8a-bc5448b6021e",
      "title": "",
      "fullFile": "cypress\\e2e\\UI\\Customer login page\\textFields.cy.js",
      "file": "cypress\\e2e\\UI\\Customer login page\\textFields.cy.js",
      "beforeHooks": [],
      "afterHooks": [],
      "tests": [],
      "suites": [
        {
          "uuid": "6103dffa-1a16-4469-a8d3-db1119624646",
          "title": "Pococare Homepage - Text Field Assertions",
          "fullFile": "",
          "file": "",
          "beforeHooks": [],
          "afterHooks": [],
          "tests": [],
          "suites": [
            {
              "uuid": "f62ba2a6-e794-4e40-89da-2115c3c5f261",
              "title": "Phone Number Field",
              "fullFile": "",
              "file": "",
              "beforeHooks": [],
              "afterHooks": [],
              "tests": [
                {
                  "title": "should be present and visible",
                  "fullTitle": "Pococare Homepage - Text Field Assertions Phone Number Field should be present and visible",
                  "timedOut": null,
                  "duration": 845,
                  "state": "passed",
                  "speed": "fast",
                  "pass": true,
                  "fail": false,
                  "pending": false,
                  "context": null,
                  "code": "cy.get('input[placeholder=\"Phone number\"]').should('exist').and('be.visible');",
                  "err": {},
                  "uuid": "316abf83-6ea1-43ec-9a32-43b50df67677",
                  "parentUUID": "f62ba2a6-e794-4e40-89da-2115c3c5f261",
                  "isHook": false,
                  "skipped": false
                },
                {
                  "title": "should have correct placeholder text",
                  "fullTitle": "Pococare Homepage - Text Field Assertions Phone Number Field should have correct placeholder text",
                  "timedOut": null,
                  "duration": 240,
                  "state": "passed",
                  "speed": "fast",
                  "pass": true,
                  "fail": false,
                  "pending": false,
                  "context": null,
                  "code": "cy.get('input[placeholder=\"Phone number\"]').should('have.attr', 'placeholder', 'Phone number');",
                  "err": {},
                  "uuid": "09b0b760-d57a-4f4f-9760-d18320fe1e1a",
                  "parentUUID": "f62ba2a6-e794-4e40-89da-2115c3c5f261",
                  "isHook": false,
                  "skipped": false
                },
                {
                  "title": "should have expected width and height",
                  "fullTitle": "Pococare Homepage - Text Field Assertions Phone Number Field should have expected width and height",
                  "timedOut": null,
                  "duration": 218,
                  "state": "passed",
                  "speed": "fast",
                  "pass": true,
                  "fail": false,
                  "pending": false,
                  "context": null,
                  "code": "cy.get('input[placeholder=\"Phone number\"]').then($el => {\n  const {\n    width,\n    height\n  } = $el[0].getBoundingClientRect();\n  expect(width).to.be.greaterThan(200);\n  expect(height).to.be.greaterThan(30);\n});",
                  "err": {},
                  "uuid": "186c7a4d-8b78-4363-b7e4-ae516bb59658",
                  "parentUUID": "f62ba2a6-e794-4e40-89da-2115c3c5f261",
                  "isHook": false,
                  "skipped": false
                },
                {
                  "title": "should have correct border and background styling",
                  "fullTitle": "Pococare Homepage - Text Field Assertions Phone Number Field should have correct border and background styling",
                  "timedOut": null,
                  "duration": 186,
                  "state": "passed",
                  "speed": "fast",
                  "pass": true,
                  "fail": false,
                  "pending": false,
                  "context": null,
                  "code": "cy.get('input[placeholder=\"Phone number\"]').should('have.css', 'border-style').and('not.eq', 'none');",
                  "err": {},
                  "uuid": "9c6746fb-a461-44bf-823f-e1b9f5c924f8",
                  "parentUUID": "f62ba2a6-e794-4e40-89da-2115c3c5f261",
                  "isHook": false,
                  "skipped": false
                },
                {
                  "title": "should be positioned below the nav bar",
                  "fullTitle": "Pococare Homepage - Text Field Assertions Phone Number Field should be positioned below the nav bar",
                  "timedOut": null,
                  "duration": 192,
                  "state": "passed",
                  "speed": "fast",
                  "pass": true,
                  "fail": false,
                  "pending": false,
                  "context": null,
                  "code": "cy.get('input[placeholder=\"Phone number\"]').then($el => {\n  const rect = $el[0].getBoundingClientRect();\n  expect(rect.top).to.be.greaterThan(100);\n});",
                  "err": {},
                  "uuid": "cac1a120-fee1-491d-908c-04c6e7f820c0",
                  "parentUUID": "f62ba2a6-e794-4e40-89da-2115c3c5f261",
                  "isHook": false,
                  "skipped": false
                },
                {
                  "title": "should be positioned to the right of the country code dropdown",
                  "fullTitle": "Pococare Homepage - Text Field Assertions Phone Number Field should be positioned to the right of the country code dropdown",
                  "timedOut": null,
                  "duration": 201,
                  "state": "passed",
                  "speed": "fast",
                  "pass": true,
                  "fail": false,
                  "pending": false,
                  "context": null,
                  "code": "cy.get('input[placeholder=\"Phone number\"]').then($input => {\n  const inputRect = $input[0].getBoundingClientRect();\n  cy.get('[id^=\"menu-button\"]').then($dropdown => {\n    const dropdownRect = $dropdown[0].getBoundingClientRect();\n    expect(dropdownRect.left).to.be.greaterThan(inputRect.left);\n  });\n});",
                  "err": {},
                  "uuid": "1e6405db-d0aa-4d9b-9b03-fbe1c9571883",
                  "parentUUID": "f62ba2a6-e794-4e40-89da-2115c3c5f261",
                  "isHook": false,
                  "skipped": false
                },
                {
                  "title": "should accept numeric input",
                  "fullTitle": "Pococare Homepage - Text Field Assertions Phone Number Field should accept numeric input",
                  "timedOut": null,
                  "duration": 582,
                  "state": "passed",
                  "speed": "fast",
                  "pass": true,
                  "fail": false,
                  "pending": false,
                  "context": null,
                  "code": "cy.get('input[placeholder=\"Phone number\"]').type('9876543210').should('have.value', '9876543210');",
                  "err": {},
                  "uuid": "bf66186e-ce03-4eab-b53a-79513bf98c8e",
                  "parentUUID": "f62ba2a6-e794-4e40-89da-2115c3c5f261",
                  "isHook": false,
                  "skipped": false
                },
                {
                  "title": "should be positioned above the Email field",
                  "fullTitle": "Pococare Homepage - Text Field Assertions Phone Number Field should be positioned above the Email field",
                  "timedOut": null,
                  "duration": 242,
                  "state": "passed",
                  "speed": "fast",
                  "pass": true,
                  "fail": false,
                  "pending": false,
                  "context": null,
                  "code": "cy.get('input[placeholder=\"Phone number\"]').then($phone => {\n  const phoneRect = $phone[0].getBoundingClientRect();\n  cy.get('input[placeholder=\"Email\"]').then($email => {\n    const emailRect = $email[0].getBoundingClientRect();\n    expect(phoneRect.top).to.be.lessThan(emailRect.top);\n  });\n});",
                  "err": {},
                  "uuid": "65a94955-8ad2-4c98-97de-fb6cf1a36614",
                  "parentUUID": "f62ba2a6-e794-4e40-89da-2115c3c5f261",
                  "isHook": false,
                  "skipped": false
                }
              ],
              "suites": [],
              "passes": [
                "316abf83-6ea1-43ec-9a32-43b50df67677",
                "09b0b760-d57a-4f4f-9760-d18320fe1e1a",
                "186c7a4d-8b78-4363-b7e4-ae516bb59658",
                "9c6746fb-a461-44bf-823f-e1b9f5c924f8",
                "cac1a120-fee1-491d-908c-04c6e7f820c0",
                "1e6405db-d0aa-4d9b-9b03-fbe1c9571883",
                "bf66186e-ce03-4eab-b53a-79513bf98c8e",
                "65a94955-8ad2-4c98-97de-fb6cf1a36614"
              ],
              "failures": [],
              "pending": [],
              "skipped": [],
              "duration": 2706,
              "root": false,
              "rootEmpty": false,
              "_timeout": 2000
            },
            {
              "uuid": "c7f4ab82-ec8d-4f95-abba-00eb6a04aad8",
              "title": "Email Field",
              "fullFile": "",
              "file": "",
              "beforeHooks": [],
              "afterHooks": [],
              "tests": [
                {
                  "title": "should be present and visible",
                  "fullTitle": "Pococare Homepage - Text Field Assertions Email Field should be present and visible",
                  "timedOut": null,
                  "duration": 234,
                  "state": "passed",
                  "speed": "fast",
                  "pass": true,
                  "fail": false,
                  "pending": false,
                  "context": null,
                  "code": "cy.get('input[placeholder=\"Email\"]').should('exist').and('be.visible');",
                  "err": {},
                  "uuid": "e526508b-9c85-4d9d-a378-7bb4308d4b5d",
                  "parentUUID": "c7f4ab82-ec8d-4f95-abba-00eb6a04aad8",
                  "isHook": false,
                  "skipped": false
                },
                {
                  "title": "should have correct placeholder text",
                  "fullTitle": "Pococare Homepage - Text Field Assertions Email Field should have correct placeholder text",
                  "timedOut": null,
                  "duration": 178,
                  "state": "passed",
                  "speed": "fast",
                  "pass": true,
                  "fail": false,
                  "pending": false,
                  "context": null,
                  "code": "cy.get('input[placeholder=\"Email\"]').should('have.attr', 'placeholder', 'Email');",
                  "err": {},
                  "uuid": "d21f8da6-9d6f-4704-949c-36cdfa348105",
                  "parentUUID": "c7f4ab82-ec8d-4f95-abba-00eb6a04aad8",
                  "isHook": false,
                  "skipped": false
                },
                {
                  "title": "should have expected width and height",
                  "fullTitle": "Pococare Homepage - Text Field Assertions Email Field should have expected width and height",
                  "timedOut": null,
                  "duration": 186,
                  "state": "passed",
                  "speed": "fast",
                  "pass": true,
                  "fail": false,
                  "pending": false,
                  "context": null,
                  "code": "cy.get('input[placeholder=\"Email\"]').then($el => {\n  const {\n    width,\n    height\n  } = $el[0].getBoundingClientRect();\n  expect(width).to.be.greaterThan(200);\n  expect(height).to.be.greaterThan(30);\n});",
                  "err": {},
                  "uuid": "eb09a525-078d-47d3-b643-e43b3e8fe63a",
                  "parentUUID": "c7f4ab82-ec8d-4f95-abba-00eb6a04aad8",
                  "isHook": false,
                  "skipped": false
                },
                {
                  "title": "should have correct border styling",
                  "fullTitle": "Pococare Homepage - Text Field Assertions Email Field should have correct border styling",
                  "timedOut": null,
                  "duration": 249,
                  "state": "passed",
                  "speed": "fast",
                  "pass": true,
                  "fail": false,
                  "pending": false,
                  "context": null,
                  "code": "cy.get('input[placeholder=\"Email\"]').should('have.css', 'border-style').and('not.eq', 'none');",
                  "err": {},
                  "uuid": "ad83f179-2ef4-4b39-89c2-322362a80bba",
                  "parentUUID": "c7f4ab82-ec8d-4f95-abba-00eb6a04aad8",
                  "isHook": false,
                  "skipped": false
                },
                {
                  "title": "should be positioned below the Phone number field",
                  "fullTitle": "Pococare Homepage - Text Field Assertions Email Field should be positioned below the Phone number field",
                  "timedOut": null,
                  "duration": 185,
                  "state": "passed",
                  "speed": "fast",
                  "pass": true,
                  "fail": false,
                  "pending": false,
                  "context": null,
                  "code": "cy.get('input[placeholder=\"Phone number\"]').then($phone => {\n  const phoneRect = $phone[0].getBoundingClientRect();\n  cy.get('input[placeholder=\"Email\"]').then($email => {\n    const emailRect = $email[0].getBoundingClientRect();\n    expect(emailRect.top).to.be.greaterThan(phoneRect.top);\n  });\n});",
                  "err": {},
                  "uuid": "52401acb-773b-4098-8bd4-35a82b21c65e",
                  "parentUUID": "c7f4ab82-ec8d-4f95-abba-00eb6a04aad8",
                  "isHook": false,
                  "skipped": false
                },
                {
                  "title": "should accept a valid email input",
                  "fullTitle": "Pococare Homepage - Text Field Assertions Email Field should accept a valid email input",
                  "timedOut": null,
                  "duration": 741,
                  "state": "passed",
                  "speed": "fast",
                  "pass": true,
                  "fail": false,
                  "pending": false,
                  "context": null,
                  "code": "cy.get('input[placeholder=\"Email\"]').type('testuser@example.com').should('have.value', 'testuser@example.com');",
                  "err": {},
                  "uuid": "e904712c-fbec-42a7-9df9-bce032642be4",
                  "parentUUID": "c7f4ab82-ec8d-4f95-abba-00eb6a04aad8",
                  "isHook": false,
                  "skipped": false
                },
                {
                  "title": "should have type=\"email\" or text input (validate expected input type)",
                  "fullTitle": "Pococare Homepage - Text Field Assertions Email Field should have type=\"email\" or text input (validate expected input type)",
                  "timedOut": null,
                  "duration": 215,
                  "state": "passed",
                  "speed": "fast",
                  "pass": true,
                  "fail": false,
                  "pending": false,
                  "context": null,
                  "code": "cy.get('input[placeholder=\"Email\"]').then($el => {\n  const type = $el.attr('type');\n  expect(['email', 'text']).to.include(type);\n});",
                  "err": {},
                  "uuid": "c7e36ca8-5b33-4dd8-8f70-f052f1aa1ca4",
                  "parentUUID": "c7f4ab82-ec8d-4f95-abba-00eb6a04aad8",
                  "isHook": false,
                  "skipped": false
                }
              ],
              "suites": [],
              "passes": [
                "e526508b-9c85-4d9d-a378-7bb4308d4b5d",
                "d21f8da6-9d6f-4704-949c-36cdfa348105",
                "eb09a525-078d-47d3-b643-e43b3e8fe63a",
                "ad83f179-2ef4-4b39-89c2-322362a80bba",
                "52401acb-773b-4098-8bd4-35a82b21c65e",
                "e904712c-fbec-42a7-9df9-bce032642be4",
                "c7e36ca8-5b33-4dd8-8f70-f052f1aa1ca4"
              ],
              "failures": [],
              "pending": [],
              "skipped": [],
              "duration": 1988,
              "root": false,
              "rootEmpty": false,
              "_timeout": 2000
            },
            {
              "uuid": "17c63f06-ea35-4595-a248-ed3be0309302",
              "title": "Generic reusable text field assertions",
              "fullFile": "",
              "file": "",
              "beforeHooks": [],
              "afterHooks": [],
              "tests": [
                {
                  "title": "should verify all visible text inputs have a valid bounding box",
                  "fullTitle": "Pococare Homepage - Text Field Assertions Generic reusable text field assertions should verify all visible text inputs have a valid bounding box",
                  "timedOut": null,
                  "duration": 253,
                  "state": "passed",
                  "speed": "fast",
                  "pass": true,
                  "fail": false,
                  "pending": false,
                  "context": null,
                  "code": "cy.get('input[type=\"text\"], input[type=\"email\"], input:not([type])').each($input => {\n  cy.wrap($input).should('be.visible');\n  cy.wrap($input).then($el => {\n    const rect = $el[0].getBoundingClientRect();\n    expect(rect.width).to.be.greaterThan(0);\n    expect(rect.height).to.be.greaterThan(0);\n  });\n});",
                  "err": {},
                  "uuid": "acc558ee-9b2d-4165-88a2-f528c66d4d97",
                  "parentUUID": "17c63f06-ea35-4595-a248-ed3be0309302",
                  "isHook": false,
                  "skipped": false
                },
                {
                  "title": "should log placeholder, width, height, and position of each text field",
                  "fullTitle": "Pococare Homepage - Text Field Assertions Generic reusable text field assertions should log placeholder, width, height, and position of each text field",
                  "timedOut": null,
                  "duration": 188,
                  "state": "passed",
                  "speed": "fast",
                  "pass": true,
                  "fail": false,
                  "pending": false,
                  "context": null,
                  "code": "cy.get('input[type=\"text\"], input[type=\"email\"], input:not([type])').each(($input, index) => {\n  cy.wrap($input).then($el => {\n    const rect = $el[0].getBoundingClientRect();\n    const placeholder = $el.attr('placeholder') || '(no placeholder)';\n    cy.log(`Field ${index}: \"${placeholder}\" → width:${Math.round(rect.width)}px, height:${Math.round(rect.height)}px, top:${Math.round(rect.top)}, left:${Math.round(rect.left)}`);\n  });\n});",
                  "err": {},
                  "uuid": "f97eedf4-1efd-4106-b8d1-5aab847cc6cb",
                  "parentUUID": "17c63f06-ea35-4595-a248-ed3be0309302",
                  "isHook": false,
                  "skipped": false
                },
                {
                  "title": "should verify no text field has a transparent border/background unexpectedly",
                  "fullTitle": "Pococare Homepage - Text Field Assertions Generic reusable text field assertions should verify no text field has a transparent border/background unexpectedly",
                  "timedOut": null,
                  "duration": 184,
                  "state": "passed",
                  "speed": "fast",
                  "pass": true,
                  "fail": false,
                  "pending": false,
                  "context": null,
                  "code": "cy.get('input[type=\"text\"], input[type=\"email\"], input:not([type])').each($input => {\n  cy.wrap($input).then($el => {\n    const bg = window.getComputedStyle($el[0]).backgroundColor;\n    cy.log(`Field background: ${bg}`);\n    // Informational log only — not a hard assertion, since some fields may legitimately be transparent\n  });\n});",
                  "err": {},
                  "uuid": "0f450f60-9ffd-4597-808e-6f72383350f0",
                  "parentUUID": "17c63f06-ea35-4595-a248-ed3be0309302",
                  "isHook": false,
                  "skipped": false
                }
              ],
              "suites": [],
              "passes": [
                "acc558ee-9b2d-4165-88a2-f528c66d4d97",
                "f97eedf4-1efd-4106-b8d1-5aab847cc6cb",
                "0f450f60-9ffd-4597-808e-6f72383350f0"
              ],
              "failures": [],
              "pending": [],
              "skipped": [],
              "duration": 625,
              "root": false,
              "rootEmpty": false,
              "_timeout": 2000
            }
          ],
          "passes": [],
          "failures": [],
          "pending": [],
          "skipped": [],
          "duration": 0,
          "root": false,
          "rootEmpty": false,
          "_timeout": 2000
        }
      ],
      "passes": [],
      "failures": [],
      "pending": [],
      "skipped": [],
      "duration": 0,
      "root": true,
      "rootEmpty": true,
      "_timeout": 2000
    },
    {
      "uuid": "b7470dfa-b27f-4301-ac36-7a478cafaaaa",
      "title": "",
      "fullFile": "cypress\\e2e\\UI\\Customer login page\\4. DROPDOWN-POPOVER.cy.js",
      "file": "cypress\\e2e\\UI\\Customer login page\\4. DROPDOWN-POPOVER.cy.js",
      "beforeHooks": [],
      "afterHooks": [],
      "tests": [],
      "suites": [
        {
          "uuid": "76d2fcef-051a-4478-8ddf-b7b2b1f3278a",
          "title": "DROPDOWN/POPOVER",
          "fullFile": "",
          "file": "",
          "beforeHooks": [],
          "afterHooks": [],
          "tests": [
            {
              "title": "should assert Login popover opens and closes correctly",
              "fullTitle": "DROPDOWN/POPOVER should assert Login popover opens and closes correctly",
              "timedOut": null,
              "duration": 1938,
              "state": "passed",
              "speed": "fast",
              "pass": true,
              "fail": false,
              "pending": false,
              "context": null,
              "code": "cy.contains('Login').click();\ncy.get('[role=\"dialog\"], [id*=\"popover\"]').should('be.visible');\ncy.get('body').type('{esc}');",
              "err": {},
              "uuid": "992bbd7e-8525-43d2-b467-4e648a77166d",
              "parentUUID": "76d2fcef-051a-4478-8ddf-b7b2b1f3278a",
              "isHook": false,
              "skipped": false
            }
          ],
          "suites": [],
          "passes": [
            "992bbd7e-8525-43d2-b467-4e648a77166d"
          ],
          "failures": [],
          "pending": [],
          "skipped": [],
          "duration": 1938,
          "root": false,
          "rootEmpty": false,
          "_timeout": 2000
        }
      ],
      "passes": [],
      "failures": [],
      "pending": [],
      "skipped": [],
      "duration": 0,
      "root": true,
      "rootEmpty": true,
      "_timeout": 2000
    }
  ],
  "meta": {
    "mocha": {
      "version": "7.0.1"
    },
    "mochawesome": {
      "options": {
        "quiet": false,
        "reportFilename": "mochawesome",
        "saveHtml": false,
        "saveJson": true,
        "consoleReporter": "spec",
        "useInlineDiffs": false,
        "code": true
      },
      "version": "7.1.3"
    },
    "marge": {
      "options": {
        "reportDir": "cypress/reports/json",
        "overwrite": false,
        "html": false,
        "json": true
      },
      "version": "6.2.0"
    }
  }
}