{
  "stats": {
    "suites": 1,
    "tests": 1,
    "passes": 1,
    "pending": 0,
    "failures": 0,
    "start": "2026-07-07T06:34:27.011Z",
    "end": "2026-07-07T06:35:02.350Z",
    "duration": 35339,
    "testsRegistered": 1,
    "passPercent": 100,
    "pendingPercent": 0,
    "other": 0,
    "hasOther": false,
    "skipped": 0,
    "hasSkipped": false
  },
  "results": [
    {
      "uuid": "9b251513-9d9c-45c2-9566-15a67ffeba9b",
      "title": "",
      "fullFile": "cypress\\e2e\\Sanity\\Welcome Page\\Edit  Profile\\Insuranceinformation.cy.js",
      "file": "cypress\\e2e\\Sanity\\Welcome Page\\Edit  Profile\\Insuranceinformation.cy.js",
      "beforeHooks": [],
      "afterHooks": [],
      "tests": [],
      "suites": [
        {
          "uuid": "899af6b1-263f-4195-b962-5d9d33ede38b",
          "title": "Basic information",
          "fullFile": "",
          "file": "",
          "beforeHooks": [],
          "afterHooks": [],
          "tests": [
            {
              "title": "Checking Basic information page",
              "fullTitle": "Basic information Checking Basic information page",
              "timedOut": null,
              "duration": 33795,
              "state": "passed",
              "speed": "slow",
              "pass": true,
              "fail": false,
              "pending": false,
              "context": null,
              "code": "const selectedEnvironment = _urls.default.selectedEnvironment;\nconst selectUrl = _urls.default.environments[selectedEnvironment];\ncy.visit(selectUrl);\nconst P1 = new _Elements.default();\ncy.wait(1500);\ncy.get('input[placeholder=\"Email\"]').type(_UNPASS.default.Un);\ncy.wait(1500);\ncy.contains('Get OTP').click();\ncy.wait(3500);\nP1.PTA();\ncy.wait(1000);\nP1.OTP();\ncy.wait(1000);\ncy.contains('Verify').click();\ncy.wait(1500);\ncy.get('body').then($bodyText => {\n  const bodyText = $bodyText.text();\n  if (bodyText.includes('Edit Profile')) {\n    cy.contains('Edit Profile').click();\n  } else {\n    cy.contains('Complete Profile').eq(0).click();\n  }\n});\ncy.contains('Insurance Information').click();\ncy.wait(2000);\ncy.get('body').then($bodyText => {\n  const bodyText = $bodyText.text();\n  cy.log(bodyText);\n  if (bodyText.includes('Add Insurance')) {\n    cy.get('input[placeholder=\"Policy Id / E-Card Number\"]').should('be.visible').should('not.be.disabled');\n    cy.wait(1000);\n    cy.get('input[placeholder=\"TPA (Third Party Administrator) Name\"]').should('be.visible').should('not.be.disabled');\n    cy.wait(1000);\n    cy.get('select[class=\"chakra-select css-161pkch\"]').then(dropdown => {\n      const previosly = dropdown.val();\n      cy.get('select[class=\"chakra-select css-161pkch\"]').find('option').then(Options => {\n        const actual = [...Options].map(o => o.value);\n        for (let i = 0; i < actual.length; i++) {\n          cy.get('select[class=\"chakra-select css-161pkch\"]').select(actual[i]);\n          cy.wait(500);\n        }\n      });\n      cy.get('select[class=\"chakra-select css-161pkch\"]').select(previosly);\n    });\n    cy.contains('Upload Document').should('be.visible').should('not.be.disabled');\n    cy.wait(1000);\n    cy.contains('Add Insurance').should('be.visible').should('not.be.disabled');\n    cy.wait(1000);\n    cy.get('svg[class=\"InsuranceInfo_controllerIcon__6F6ca\"]').should('be.visible').should('not.be.disabled');\n  } else {\n    cy.contains('Add Another Insurance').should('be.visible').click();\n    cy.wait(1000);\n    cy.get('input[placeholder=\"Policy Id / E-Card Number\"]').should('be.visible').should('not.be.disabled');\n    cy.wait(1000);\n    cy.get('input[placeholder=\"TPA (Third Party Administrator) Name\"]').should('be.visible').should('not.be.disabled');\n    cy.wait(1000);\n    cy.get('select[class=\"chakra-select css-161pkch\"]').then(dropdown => {\n      const previouslySelected = dropdown.val();\n      cy.get('select[class=\"chakra-select css-161pkch\"] option').then(options => {\n        const actual = [...options].map(option => option.value);\n        for (let i = 0; i < actual.length; i++) {\n          cy.get('select[class=\"chakra-select css-161pkch\"]').select(actual[i]);\n          cy.wait(500);\n        }\n      });\n      cy.get('select[class=\"chakra-select css-161pkch\"]').select(previouslySelected);\n    });\n    cy.get('input[placeholder=\"Name of insurer\"]').should('be.visible').should('not.be.disabled');\n    cy.wait(1000);\n    cy.contains('Upload Document').should('be.visible').should('not.be.disabled');\n    cy.wait(1000);\n    cy.contains('Add').should('be.visible').should('not.be.disabled');\n    cy.wait(1000);\n    cy.contains('Cancel').should('be.visible').should('not.be.disabled');\n    cy.wait(1000);\n    cy.get('button[class=\"chakra-modal__close-btn css-1ik4h6n\"]').should('be.visible').should('not.be.disabled').click();\n    cy.wait(1000);\n    cy.get('svg[class=\"InsuranceInfo_controllerIcon__6F6ca\"]').eq(0).should('be.visible').should('not.be.disabled');\n    cy.wait(1000);\n    cy.get('svg[class=\"InsuranceInfo_controllerIcon__6F6ca\"]').eq(1).should('be.visible').should('not.be.disabled');\n    cy.wait(1000);\n  }\n});",
              "err": {},
              "uuid": "0d38a96d-5646-4e7e-aa91-78c3b3cb6929",
              "parentUUID": "899af6b1-263f-4195-b962-5d9d33ede38b",
              "isHook": false,
              "skipped": false
            }
          ],
          "suites": [],
          "passes": [
            "0d38a96d-5646-4e7e-aa91-78c3b3cb6929"
          ],
          "failures": [],
          "pending": [],
          "skipped": [],
          "duration": 33795,
          "root": false,
          "rootEmpty": false,
          "_timeout": 2000
        }
      ],
      "passes": [],
      "failures": [],
      "pending": [],
      "skipped": [],
      "duration": 0,
      "root": true,
      "rootEmpty": true,
      "_timeout": 2000
    }
  ],
  "meta": {
    "mocha": {
      "version": "7.0.1"
    },
    "mochawesome": {
      "options": {
        "quiet": false,
        "reportFilename": "mochawesome",
        "saveHtml": false,
        "saveJson": true,
        "consoleReporter": "spec",
        "useInlineDiffs": false,
        "code": true
      },
      "version": "7.1.3"
    },
    "marge": {
      "options": {
        "reportDir": "cypress/reports/json",
        "overwrite": false,
        "html": false,
        "json": true
      },
      "version": "6.2.0"
    }
  }
}