{
  "stats": {
    "suites": 1,
    "tests": 1,
    "passes": 1,
    "pending": 0,
    "failures": 0,
    "start": "2026-06-12T05:30:20.885Z",
    "end": "2026-06-12T05:30:49.682Z",
    "duration": 28797,
    "testsRegistered": 1,
    "passPercent": 100,
    "pendingPercent": 0,
    "other": 0,
    "hasOther": false,
    "skipped": 0,
    "hasSkipped": false
  },
  "results": [
    {
      "uuid": "93b35a90-3926-431f-9caa-1f1d8b3b05e5",
      "title": "",
      "fullFile": "cypress\\e2e\\DataFlow\\Basic Information\\Age.cy.js",
      "file": "cypress\\e2e\\DataFlow\\Basic Information\\Age.cy.js",
      "beforeHooks": [],
      "afterHooks": [],
      "tests": [],
      "suites": [
        {
          "uuid": "29e06515-cf85-46b2-aadd-57ce5732269e",
          "title": "View Profile",
          "fullFile": "",
          "file": "",
          "beforeHooks": [],
          "afterHooks": [],
          "tests": [
            {
              "title": "Age",
              "fullTitle": "View Profile Age",
              "timedOut": null,
              "duration": 27241,
              "state": "passed",
              "speed": "slow",
              "pass": true,
              "fail": false,
              "pending": false,
              "context": null,
              "code": "const selectedEnvironments = _urls.default.selectedEnvironment;\nconst selectUrl = _urls.default.environments[selectedEnvironments];\ncy.visit(selectUrl);\nconst P1 = new _Elements.default();\n// cy.wait(1500);\n// cy.contains('Login').click();\n// cy.wait(1500);\ncy.get('input[placeholder=\"Email\"]').type(_UNPASS.default.Un);\ncy.wait(1500);\ncy.contains('Get OTP').click();\ncy.wait(3500);\nP1.PTA();\ncy.wait(1000);\nP1.OTP();\ncy.wait(1000);\ncy.contains('Verify').click();\ncy.wait(1500);\ncy.get('body').then($bodyText => {\n  const bodyText = $bodyText.text();\n  if (bodyText.includes('Edit Profile')) {\n    cy.contains('Edit Profile').click();\n  } else {\n    cy.contains('Complete Profile').eq(0).click();\n  }\n});\ncy.get('input[placeholder=\"Age\"]').invoke('val').then(textField => {\n  const valueLength = textField.length;\n  console.log('text', textField);\n  console.log('valuele', valueLength);\n  if (valueLength > 0) {\n    P1.Age();\n  } else {\n    cy.get('select[class=\"chakra-select css-161pkch\"]').eq(1).select('Male');\n    cy.wait(1000);\n    cy.get('div[placeholder=\"Age\"]').type(26);\n    cy.wait(1000);\n    cy.get('span[class=\"chakra-switch__track css-p27qcy\"]').click();\n    cy.wait(1000);\n    cy.contains('Save and continue').click();\n    cy.wait(500);\n    cy.get('body').then($bodyText => {\n      const bodyText = $bodyText.text();\n      expect(bodyText).to.contains('Basic Info Updated Successfully');\n      cy.wait(1000);\n      P1.Age();\n    });\n  }\n});",
              "err": {},
              "uuid": "0a50a1b3-7e96-4e2a-a826-79b03f4a5e80",
              "parentUUID": "29e06515-cf85-46b2-aadd-57ce5732269e",
              "isHook": false,
              "skipped": false
            }
          ],
          "suites": [],
          "passes": [
            "0a50a1b3-7e96-4e2a-a826-79b03f4a5e80"
          ],
          "failures": [],
          "pending": [],
          "skipped": [],
          "duration": 27241,
          "root": false,
          "rootEmpty": false,
          "_timeout": 2000
        }
      ],
      "passes": [],
      "failures": [],
      "pending": [],
      "skipped": [],
      "duration": 0,
      "root": true,
      "rootEmpty": true,
      "_timeout": 2000
    }
  ],
  "meta": {
    "mocha": {
      "version": "7.0.1"
    },
    "mochawesome": {
      "options": {
        "quiet": false,
        "reportFilename": "mochawesome",
        "saveHtml": false,
        "saveJson": true,
        "consoleReporter": "spec",
        "useInlineDiffs": false,
        "code": true
      },
      "version": "7.1.3"
    },
    "marge": {
      "options": {
        "reportDir": "cypress/reports/json",
        "overwrite": false,
        "html": false,
        "json": true
      },
      "version": "6.2.0"
    }
  }
}