{
  "stats": {
    "suites": 1,
    "tests": 1,
    "passes": 1,
    "pending": 0,
    "failures": 0,
    "start": "2026-07-07T06:35:04.423Z",
    "end": "2026-07-07T06:36:48.581Z",
    "duration": 104158,
    "testsRegistered": 1,
    "passPercent": 100,
    "pendingPercent": 0,
    "other": 0,
    "hasOther": false,
    "skipped": 0,
    "hasSkipped": false
  },
  "results": [
    {
      "uuid": "6d3d608b-cd3b-47a9-b13b-92be9e35a997",
      "title": "",
      "fullFile": "cypress\\e2e\\Sanity\\Welcome Page\\Edit  Profile\\Medical Profile.cy.js",
      "file": "cypress\\e2e\\Sanity\\Welcome Page\\Edit  Profile\\Medical Profile.cy.js",
      "beforeHooks": [],
      "afterHooks": [],
      "tests": [],
      "suites": [
        {
          "uuid": "6f4f9bd0-1829-4dd3-8170-774583b12eb1",
          "title": "Basic information",
          "fullFile": "",
          "file": "",
          "beforeHooks": [],
          "afterHooks": [],
          "tests": [
            {
              "title": "Checking Basic information page",
              "fullTitle": "Basic information Checking Basic information page",
              "timedOut": null,
              "duration": 102321,
              "state": "passed",
              "speed": "slow",
              "pass": true,
              "fail": false,
              "pending": false,
              "context": null,
              "code": "const selectedEnvironment = _urls.default.selectedEnvironment;\nconst selectUrl = _urls.default.environments[selectedEnvironment];\ncy.visit(selectUrl);\nconst P1 = new _Elements.default();\ncy.wait(1500);\ncy.get('input[placeholder=\"Email\"]').type(_UNPASS.default.Un);\ncy.wait(1500);\ncy.contains('Get OTP').click();\ncy.wait(3500);\nP1.PTA();\ncy.wait(1000);\nP1.OTP();\ncy.wait(1000);\ncy.contains('Verify').click();\ncy.wait(1500);\ncy.get('body').then($bodyText => {\n  const bodyText = $bodyText.text();\n  if (bodyText.includes('Edit Profile')) {\n    cy.contains('Edit Profile').click();\n  } else {\n    cy.contains('Complete Profile').eq(0).click();\n  }\n});\ncy.contains('Medical Profile').click();\ncy.wait(1500);\ncy.get('div[class=\"dropdown-heading-value\"]').click();\ncy.wait(1500);\nconst cronic = [\"Type 2 Diabetics Mellitus\", \"HyperTension\", \"Heart Disease\", \"Cancer\", \"Chronic Kidney Disease\", \"Asthma\", \"Hyperlipidemia\", \"Dialysis\", \"Others\"];\ncy.get('.dropdown-heading-value > span').invoke('text').then(text => {\n  const childtext = text.trim();\n  cy.log('childtext', childtext);\n  if (childtext === 'Select...') {\n    cronic.forEach(condition => {\n      cy.contains(condition).scrollIntoView().should('be.visible').should('not.be.disabled').click();\n      cy.wait(500);\n      cy.get('div[class=\"dropdown-heading-value\"]').click();\n      cy.wait(500);\n      cy.get('button[class=\"clear-selected-button\"]').click();\n      cy.wait(500);\n      if (cronic[8] !== condition) {\n        cy.get('div[class=\"dropdown-heading-value\"]').click();\n      }\n    });\n  } else {\n    cy.get('button[class=\"clear-selected-button\"]').click();\n    cy.wait(500);\n    cy.get('div[class=\"dropdown-heading-value\"]').scrollIntoView().click();\n    cronic.forEach(condition => {\n      cy.contains(condition).scrollIntoView().should('be.visible').should('not.be.disabled').click();\n      cy.wait(500);\n      cy.get('div[class=\"dropdown-heading-value\"]').scrollIntoView().click();\n      cy.wait(500);\n      cy.get('button[class=\"clear-selected-button\"]').scrollIntoView().click();\n      cy.wait(500);\n      if (cronic[8] !== condition) {\n        cy.get('div[class=\"dropdown-heading-value\"]').click();\n      }\n    });\n  }\n  cy.wait(1000);\n  cy.get('div[class=\"dropdown-heading-value\"]').click();\n  cronic.forEach(condition => {\n    cy.contains(condition).scrollIntoView().click();\n    cy.wait(500);\n  });\n  cy.get('button[class=\"clear-selected-button\"]').click();\n  if (childtext !== 'Select...') {\n    const conditions = childtext.split(','); // Splitting by comma if present\n    conditions.forEach(condition => {\n      const trimmedCondition = condition.trim(); // Trim any leading or trailing whitespace\n      console.log('trimmedcond', trimmedCondition);\n      if (trimmedCondition) {\n        // Check if condition is not empty after trimming\n        cy.get('div[class=\"dropdown-heading-value\"]').scrollIntoView().click();\n        cy.contains(trimmedCondition, {\n          matchCase: false\n        }).scrollIntoView().click();\n        cy.get('div[class=\"dropdown-heading-value\"]').scrollIntoView().click();\n      }\n    });\n  }\n});\nconst bloddgrp = 'select[class=\"chakra-select css-161pkch\"]';\ncy.get(bloddgrp).eq(0).then(dropdown => {\n  const previouslySelectedOption = dropdown.val();\n  cy.get(bloddgrp).eq(0).find('option').then(Options => {\n    const actual = [...Options].map(o => o.value);\n    for (let i = 0; i < actual.length; i++) {\n      cy.get(bloddgrp).eq(0).select(actual[i]).should('have.value', actual[i]).should('be.visible').should('not.be.disabled');\n      cy.wait(500);\n    }\n  });\n  cy.get(bloddgrp).eq(0).select(previouslySelectedOption);\n});\nconst Yes = '';\ncy.get('div[class=\"chakra-radio-group css-0\"]').eq(0).find('input[type=\"radio\"]').each($radioButton => {\n  if ($radioButton.prop('checked')) {\n    // This radio button is already checked\n    const radioButtonValue = $radioButton.val(); // Assuming value attribute stores the value of the radio button\n    cy.log(`Radio button with value ${radioButtonValue} is already checked.`);\n    cy.log('radioButtonValue', radioButtonValue);\n    if (radioButtonValue === 'Yes') {\n      cy.get('textarea[placeholder=\"Provide Description of Medicines\"]').should('be.visible').should('not.be.disabled');\n      cy.wait(1000);\n      cy.get('span[class=\"chakra-radio__control css-8o2sux\"]').eq(0).should('be.visible').should('not.be.disabled');\n      cy.get('body').then($bodyText => {\n        const bodyText = $bodyText.text();\n        if (bodyText.includes('Upload Document')) {\n          cy.contains('Upload Document').should('be.visible').should('not.be.disabled');\n        } else {\n          cy.contains('View Document').should('be.visible').should('not.be.disabled');\n        }\n      });\n    } else {\n      cy.get('span[class=\"chakra-radio__control css-8o2sux\"]').eq(0).should('be.visible').should('not.be.disabled');\n      cy.wait(1000);\n      cy.get('span[class=\"chakra-radio__control css-134kubt\"]').eq(0).should('be.visible').should('not.be.disabled').click();\n      cy.wait(1000);\n      cy.get('textarea[placeholder=\"Provide Description of Medicines\"]').should('be.visible').should('not.be.disabled').click();\n      cy.wait(1500);\n      cy.contains('Upload Document').should('be.visible').should('not.be.disabled');\n      cy.wait(1500);\n      cy.get('span[class=\"chakra-radio__control css-8o2sux\"]').eq(0).scrollIntoView().should('be.visible').should('not.be.disabled').click();\n    }\n  } else {\n    cy.get('span[class=\"chakra-radio__control css-8o2sux\"]').eq(0).should('be.visible').should('not.be.disabled');\n    cy.wait(1500);\n    cy.get('span[class=\"chakra-radio__control css-134kubt\"]').eq(0).should('be.visible').should('not.be.disabled');\n    cy.get('body').then(bodyElement => {\n      const bodyText = bodyElement.text();\n      cy.get('span[class=\"chakra-radio__control css-8o2sux\"]').eq(0).next().invoke('text').then(tex => {\n        cy.log('tex', tex);\n        expect(bodyText).to.contain(tex);\n      });\n      cy.get('span[class=\"chakra-radio__control css-134kubt\"]').eq(0).next().invoke('text').then(tex => {\n        cy.log('tex', tex);\n        expect(bodyText).to.contain(tex);\n      });\n    });\n  }\n});\ncy.get('div[class=\"chakra-radio-group css-0\"]').eq(1).find('input[type=\"radio\"]').each($radioButton => {\n  if ($radioButton.prop('checked')) {\n    // This radio button is already checked\n    const radioButtonValue = $radioButton.val(); // Assuming value attribute stores the value of the radio button\n    cy.log(`Radio button with value ${radioButtonValue} is already checked.`);\n    cy.log('radioButtonValue', radioButtonValue);\n    if (radioButtonValue === 'Yes') {\n      cy.get('textarea[placeholder=\"Provide details of Medicines Allergies\"]').should('be.visible').should('not.be.disabled');\n      cy.wait(1000);\n      cy.get('span[class=\"chakra-radio__control css-8o2sux\"]').eq(1).should('be.visible').should('not.be.disabled');\n    } else {\n      cy.get('span[class=\"chakra-radio__control css-8o2sux\"]').eq(1).should('be.visible').should('not.be.disabled');\n      cy.wait(1000);\n      cy.get('span[class=\"chakra-radio__control css-134kubt\"]').eq(1).should('be.visible').should('not.be.disabled').click();\n      cy.wait(1000);\n      cy.get('textarea[placeholder=\"Provide details of Medicines Allergies\"]').should('be.visible').should('not.be.disabled').click();\n      cy.wait(1500);\n      cy.get('span[class=\"chakra-radio__control css-8o2sux\"]').eq(1).should('be.visible').should('not.be.disabled').click();\n    }\n  } else {\n    cy.get('span[class=\"chakra-radio__control css-8o2sux\"]').eq(1).should('be.visible').should('not.be.disabled');\n    cy.wait(1500);\n    cy.get('span[class=\"chakra-radio__control css-134kubt\"]').eq(1).should('be.visible').should('not.be.disabled');\n    cy.get('body').then(bodyElement => {\n      const bodyText = bodyElement.text();\n      cy.get('span[class=\"chakra-radio__control css-8o2sux\"]').eq(1).next().invoke('text').then(tex => {\n        cy.log('tex', tex);\n        expect(bodyText).to.contain(tex);\n      });\n      cy.get('span[class=\"chakra-radio__control css-134kubt\"]').eq(1).next().invoke('text').then(tex => {\n        cy.log('tex', tex);\n        expect(bodyText).to.contain(tex);\n      });\n    });\n  }\n});\ncy.get('div[class=\"chakra-radio-group css-0\"]').eq(2).find('input[type=\"radio\"]').each($radioButton => {\n  if ($radioButton.prop('checked')) {\n    // This radio button is already checked\n    const radioButtonValue = $radioButton.val(); // Assuming value attribute stores the value of the radio button\n    cy.log(`Radio button with value ${radioButtonValue} is already checked.`);\n    cy.log('radioButtonValue', radioButtonValue);\n    if (radioButtonValue === 'Yes') {\n      cy.get('textarea[placeholder=\"Provide Description of Medical and Surgical History\"]').should('be.visible').should('not.be.disabled');\n      cy.wait(1000);\n      cy.get('span[class=\"chakra-radio__control css-8o2sux\"]').eq(2).should('be.visible').should('not.be.disabled');\n      cy.get('body').then($bodyText => {\n        const bodyText = $bodyText.text();\n        if (bodyText.includes('Upload Document')) {\n          cy.contains('Upload Document').should('be.visible').should('not.be.disabled');\n        } else {\n          cy.contains('View Document').should('be.visible').should('not.be.disabled');\n        }\n      });\n    } else {\n      cy.get('span[class=\"chakra-radio__control css-8o2sux\"]').eq(2).should('be.visible').should('not.be.disabled');\n      cy.wait(1000);\n      cy.get('span[class=\"chakra-radio__control css-134kubt\"]').eq(2).should('be.visible').should('not.be.disabled').click();\n      cy.wait(1000);\n      cy.get('textarea[placeholder=\"Provide Description of Medical and Surgical History\"]').should('be.visible').should('not.be.disabled').click();\n      cy.wait(1500);\n      cy.contains('Upload Document').should('be.visible').should('not.be.disabled');\n      cy.wait(1500);\n      cy.get('span[class=\"chakra-radio__control css-8o2sux\"]').eq(2).scrollIntoView().should('be.visible').should('not.be.disabled').click();\n    }\n  } else {\n    cy.get('span[class=\"chakra-radio__control css-8o2sux\"]').eq(2).should('be.visible').should('not.be.disabled');\n    cy.wait(1500);\n    cy.get('span[class=\"chakra-radio__control css-134kubt\"]').eq(2).should('be.visible').should('not.be.disabled');\n    cy.get('body').then(bodyElement => {\n      const bodyText = bodyElement.text();\n      cy.get('span[class=\"chakra-radio__control css-8o2sux\"]').eq(2).next().invoke('text').then(tex => {\n        cy.log('tex', tex);\n        expect(bodyText).to.contain(tex);\n      });\n      cy.get('span[class=\"chakra-radio__control css-134kubt\"]').eq(2).next().invoke('text').then(tex => {\n        cy.log('tex', tex);\n        expect(bodyText).to.contain(tex);\n      });\n    });\n  }\n});\ncy.get('div[class=\"chakra-radio-group css-0\"]').eq(3).find('input[type=\"radio\"]').each($radioButton => {\n  if ($radioButton.prop('checked')) {\n    // This radio button is already checked\n    const radioButtonValue = $radioButton.val(); // Assuming value attribute stores the value of the radio button\n    cy.log(`Radio button with value ${radioButtonValue} is already checked.`);\n    cy.log('radioButtonValue', radioButtonValue);\n    if (radioButtonValue === 'Yes') {\n      cy.get('textarea[placeholder=\"Provide Description of Recent Hospitalization Description\"]').scrollIntoView().should('be.visible').should('not.be.disabled');\n      cy.wait(1000);\n      cy.get('span[class=\"chakra-radio__control css-8o2sux\"]').eq(3).should('be.visible').should('not.be.disabled');\n      cy.get('body').then($bodyText => {\n        const bodyText = $bodyText.text();\n        if (bodyText.includes('Upload Document')) {\n          cy.contains('Upload Document').scrollIntoView().should('be.visible').should('not.be.disabled');\n        } else {\n          cy.contains('View Document').scrollIntoView().should('be.visible').should('not.be.disabled');\n        }\n      });\n    } else {\n      cy.get('span[class=\"chakra-radio__control css-8o2sux\"]').eq(3).should('be.visible').should('not.be.disabled');\n      cy.wait(1000);\n      cy.get('span[class=\"chakra-radio__control css-134kubt\"]').eq(3).should('be.visible').should('not.be.disabled').click();\n      cy.wait(1000);\n      cy.get('textarea[placeholder=\"Provide Description of Recent Hospitalization Description\"]').should('be.visible').should('not.be.disabled').click();\n      cy.wait(1500);\n      cy.contains('Upload Document').should('be.visible').should('not.be.disabled');\n      cy.wait(1500);\n      cy.get('span[class=\"chakra-radio__control css-8o2sux\"]').eq(3).scrollIntoView().should('be.visible').should('not.be.disabled').click();\n    }\n  } else {\n    cy.get('span[class=\"chakra-radio__control css-8o2sux\"]').eq(3).should('be.visible').should('not.be.disabled');\n    cy.wait(1500);\n    cy.get('span[class=\"chakra-radio__control css-134kubt\"]').eq(3).should('be.visible').should('not.be.disabled');\n    cy.get('body').then(bodyElement => {\n      const bodyText = bodyElement.text();\n      cy.get('span[class=\"chakra-radio__control css-8o2sux\"]').eq(3).next().invoke('text').then(tex => {\n        cy.log('tex', tex);\n        expect(bodyText).to.contain(tex);\n      });\n      cy.get('span[class=\"chakra-radio__control css-134kubt\"]').eq(3).next().invoke('text').then(tex => {\n        cy.log('tex', tex);\n        expect(bodyText).to.contain(tex);\n      });\n    });\n  }\n});\ncy.get('div[class=\"chakra-radio-group css-0\"]').eq(4).find('input[type=\"radio\"]').each($radioButton => {\n  if ($radioButton.prop('checked')) {\n    // This radio button is already checked\n    const radioButtonValue = $radioButton.val(); // Assuming value attribute stores the value of the radio button\n    cy.log(`Radio button with value ${radioButtonValue} is already checked.`);\n    cy.log('radioButtonValue', radioButtonValue);\n    if (radioButtonValue === 'Yes') {\n      cy.get('textarea[placeholder=\"Provide Description\"]').should('be.visible').should('not.be.disabled');\n      cy.wait(1000);\n      cy.get('span[class=\"chakra-radio__control css-8o2sux\"]').eq(4).should('be.visible').should('not.be.disabled');\n    } else {\n      cy.get('span[class=\"chakra-radio__control css-8o2sux\"]').eq(4).should('be.visible').should('not.be.disabled');\n      cy.wait(1000);\n      cy.get('span[class=\"chakra-radio__control css-134kubt\"]').eq(4).should('be.visible').should('not.be.disabled').click();\n      cy.wait(1000);\n      cy.get('textarea[placeholder=\"Provide Description\"]').scrollIntoView().should('be.visible').should('not.be.disabled').click();\n      cy.wait(1500);\n      cy.get('span[class=\"chakra-radio__control css-8o2sux\"]').eq(4).scrollIntoView().should('be.visible').should('not.be.disabled').click();\n    }\n  } else {\n    cy.get('span[class=\"chakra-radio__control css-8o2sux\"]').eq(4).scrollIntoView().should('be.visible').should('not.be.disabled');\n    cy.wait(1500);\n    cy.get('span[class=\"chakra-radio__control css-134kubt\"]').eq(4).should('be.visible').should('not.be.disabled');\n    cy.get('body').then(bodyElement => {\n      const bodyText = bodyElement.text();\n      cy.get('span[class=\"chakra-radio__control css-8o2sux\"]').eq(4).next().invoke('text').then(tex => {\n        cy.log('tex', tex);\n        expect(bodyText).to.contain(tex);\n      });\n      cy.get('span[class=\"chakra-radio__control css-134kubt\"]').eq(4).next().invoke('text').then(tex => {\n        cy.log('tex', tex);\n        expect(bodyText).to.contain(tex);\n      });\n    });\n  }\n});\ncy.get('select[class=\"chakra-select css-161pkch\"]').eq(1).then(dropdown => {\n  const previouslySelectedOption = dropdown.val();\n  cy.get('select[class=\"chakra-select css-161pkch\"]').eq(1).find('option').then(options => {\n    const actual = [...options].map(o => o.value);\n    for (let i = 0; i < actual.length; i++) {\n      cy.get('select[class=\"chakra-select css-161pkch\"]').eq(1).select(actual[i]);\n      cy.wait(500);\n    }\n  });\n  cy.get('select[class=\"chakra-select css-161pkch\"]').eq(1).select(previouslySelectedOption);\n});\ncy.contains('Save and continue').should('be.visible').should('not.be.disabled');\ncy.wait(1000);\ncy.get('svg[class=\"MedicalProfile_redIcon__GSJnh\"]').eq(0).should('be.visible').should('not.be.disabled');\ncy.wait(1000);\n// cy.get('svg[class=\"MedicalProfile_redIcon__GSJnh\"]').eq(1).should('be.visible').should('not.be.disabled');",
              "err": {},
              "uuid": "a091a7fa-7bbd-4bdc-a41f-246ddf9b5d82",
              "parentUUID": "6f4f9bd0-1829-4dd3-8170-774583b12eb1",
              "isHook": false,
              "skipped": false
            }
          ],
          "suites": [],
          "passes": [
            "a091a7fa-7bbd-4bdc-a41f-246ddf9b5d82"
          ],
          "failures": [],
          "pending": [],
          "skipped": [],
          "duration": 102321,
          "root": false,
          "rootEmpty": false,
          "_timeout": 2000
        }
      ],
      "passes": [],
      "failures": [],
      "pending": [],
      "skipped": [],
      "duration": 0,
      "root": true,
      "rootEmpty": true,
      "_timeout": 2000
    }
  ],
  "meta": {
    "mocha": {
      "version": "7.0.1"
    },
    "mochawesome": {
      "options": {
        "quiet": false,
        "reportFilename": "mochawesome",
        "saveHtml": false,
        "saveJson": true,
        "consoleReporter": "spec",
        "useInlineDiffs": false,
        "code": true
      },
      "version": "7.1.3"
    },
    "marge": {
      "options": {
        "reportDir": "cypress/reports/json",
        "overwrite": false,
        "html": false,
        "json": true
      },
      "version": "6.2.0"
    }
  }
}