{
  "stats": {
    "suites": 1,
    "tests": 1,
    "passes": 0,
    "pending": 0,
    "failures": 1,
    "start": "2026-06-12T05:30:03.617Z",
    "end": "2026-06-12T05:30:19.108Z",
    "duration": 15491,
    "testsRegistered": 1,
    "passPercent": 0,
    "pendingPercent": 0,
    "other": 0,
    "hasOther": false,
    "skipped": 0,
    "hasSkipped": false
  },
  "results": [
    {
      "uuid": "770f976e-19e6-4bb6-8595-84bd5a3a41f1",
      "title": "",
      "fullFile": "cypress\\e2e\\DataFlow\\Emergency Contact\\Whatsppnumber.cy.js",
      "file": "cypress\\e2e\\DataFlow\\Emergency Contact\\Whatsppnumber.cy.js",
      "beforeHooks": [],
      "afterHooks": [],
      "tests": [],
      "suites": [
        {
          "uuid": "ffe8f560-aab3-4751-a6ce-2be2b6112f17",
          "title": "MobileNumber",
          "fullFile": "",
          "file": "",
          "beforeHooks": [],
          "afterHooks": [],
          "tests": [
            {
              "title": "MobileNumber",
              "fullTitle": "MobileNumber MobileNumber",
              "timedOut": null,
              "duration": 14151,
              "state": "failed",
              "speed": null,
              "pass": false,
              "fail": true,
              "pending": false,
              "context": "{\n  \"title\": \"cypress-mochawesome-reporter-screenshots\",\n  \"value\": [\n    [\n      \"\\\\DataFlow\\\\Emergency Contact\\\\Whatsppnumber.cy.js\\\\MobileNumber -- MobileNumber (failed).png\"\n    ]\n  ]\n}",
              "code": "const selectedEnvironments = _urls.default.selectedEnvironment;\nconst selectUrl = _urls.default.environments[selectedEnvironments];\ncy.visit(selectUrl);\nconst P1 = new _Elements.default();\ncy.wait(1500);\ncy.contains('Login').click();\ncy.wait(1500);\ncy.get('input[id=\"email\"]').type(_UNPASS.default.Un);\ncy.wait(1500);\ncy.get('button[type=\"submit\"]').click();\ncy.wait(3500);\nP1.PTA();\ncy.wait(1000);\nP1.OTP();\ncy.wait(1000);\ncy.contains('Verify').click();\ncy.wait(1500);\ncy.get('body').then($bodyText => {\n  const bodyText = $bodyText.text();\n  if (bodyText.includes('Edit Profile')) {\n    cy.contains('Edit Profile').click();\n  } else {\n    cy.contains('Complete Profile').eq(0).click();\n  }\n});\ncy.contains('Emergency Contact').click();\ncy.wait(1000);\ncy.contains('Add Another Contact').then($button => {\n  if ($button.prop('disabled')) {\n    cy.log('Maximum limit is reached');\n  } else {\n    cy.contains('Add Another Contact').click();\n    cy.wait(1000);\n    let relation = 'input[placeholder=\"Whatsapp Number\"]';\n    cy.get(relation).type('9019803837');\n    cy.wait(1000);\n    cy.get(relation).should('have.value', '90198-03837');\n    cy.wait(1000);\n    cy.contains('Cancel').click();\n  }\n});",
              "err": {
                "message": "AssertionError: Timed out retrying after 10000ms: Expected to find element: `input[id=\"email\"]`, but never found it.",
                "estack": "AssertionError: Timed out retrying after 10000ms: Expected to find element: `input[id=\"email\"]`, but never found it.\n    at Context.eval (webpack:///./cypress/e2e/DataFlow/Emergency Contact/Whatsppnumber.cy.js:14:11)",
                "diff": null
              },
              "uuid": "d282db4d-11ef-4e88-9af0-475eeed9dc77",
              "parentUUID": "ffe8f560-aab3-4751-a6ce-2be2b6112f17",
              "isHook": false,
              "skipped": false
            }
          ],
          "suites": [],
          "passes": [],
          "failures": [
            "d282db4d-11ef-4e88-9af0-475eeed9dc77"
          ],
          "pending": [],
          "skipped": [],
          "duration": 14151,
          "root": false,
          "rootEmpty": false,
          "_timeout": 2000
        }
      ],
      "passes": [],
      "failures": [],
      "pending": [],
      "skipped": [],
      "duration": 0,
      "root": true,
      "rootEmpty": true,
      "_timeout": 2000
    }
  ],
  "meta": {
    "mocha": {
      "version": "7.0.1"
    },
    "mochawesome": {
      "options": {
        "quiet": false,
        "reportFilename": "mochawesome",
        "saveHtml": false,
        "saveJson": true,
        "consoleReporter": "spec",
        "useInlineDiffs": false,
        "code": true
      },
      "version": "7.1.3"
    },
    "marge": {
      "options": {
        "reportDir": "cypress/reports/json",
        "overwrite": false,
        "html": false,
        "json": true
      },
      "version": "6.2.0"
    }
  }
}