{
  "stats": {
    "suites": 1,
    "tests": 1,
    "passes": 1,
    "pending": 0,
    "failures": 0,
    "start": "2026-09-08T10:05:15.461Z",
    "end": "2026-09-08T10:05:38.451Z",
    "duration": 22990,
    "testsRegistered": 1,
    "passPercent": 100,
    "pendingPercent": 0,
    "other": 0,
    "hasOther": false,
    "skipped": 0,
    "hasSkipped": false
  },
  "results": [
    {
      "uuid": "b2ce3af4-2a5c-4169-87cc-30054a9dac92",
      "title": "",
      "fullFile": "cypress\\e2e\\E2E\\Adding address.cy.js",
      "file": "cypress\\e2e\\E2E\\Adding address.cy.js",
      "beforeHooks": [],
      "afterHooks": [],
      "tests": [],
      "suites": [
        {
          "uuid": "29824844-0d14-4625-9d07-8fb3267c9900",
          "title": "Adding address.cy",
          "fullFile": "",
          "file": "",
          "beforeHooks": [],
          "afterHooks": [],
          "tests": [
            {
              "title": "Adding address",
              "fullTitle": "Adding address.cy Adding address",
              "timedOut": null,
              "duration": 21223,
              "state": "passed",
              "speed": "slow",
              "pass": true,
              "fail": false,
              "pending": false,
              "context": null,
              "code": "cy.parseXlsx('cypress/Excels/Adding address.xlsx').then(jsonData => {\n  let rowLength = Cypress.$(jsonData[0].data).length;\n  cy.log('5');\n  let conditionMet = false;\n  for (let i = 1; i < rowLength; i++) {\n    const value = jsonData[0].data[i];\n    cy.log('1', conditionMet);\n    if (conditionMet) {\n      break;\n    }\n    // Adding ben\n    const P1 = new _Elements.default();\n    cy.wait(1500);\n    cy.log('2');\n    P1.address();\n    cy.wait(1500);\n    cy.contains('Add Another Address').then($button => {\n      if ($button.prop('disabled')) {\n        cy.log('Maximum limit is reached');\n        cy.log('2', conditionMet);\n        conditionMet = true;\n        cy.log('3', conditionMet);\n        P1.profilepreview();\n      } else {\n        P1.addanotheraddress();\n        cy.wait(1500);\n        if (value[2]) {\n          cy.contains('Select From Existing Addresses').click();\n          cy.wait(5000);\n          cy.contains('Save Address').click();\n          P1.profilepreview();\n          conditionMet = true;\n        } else {\n          P1.addnew();\n          cy.wait(1500);\n          if (value[3] !== null && value[3] !== undefined) {\n            P1.label(value[3]);\n            cy.wait(1500);\n          }\n          if (value[4] !== null && value[4] !== undefined) {\n            P1.Houseno(value[4]);\n            cy.wait(1500);\n          }\n          if (value[5] !== null && value[5] !== undefined) {\n            P1.Area(value[5]);\n            cy.wait(1500);\n          }\n          if (value[6] !== null && value[6] !== undefined) {\n            P1.Landmark(value[6]);\n            cy.wait(1500);\n          }\n          if (value[7] !== null && value[7] !== undefined) {\n            P1.Pincode(value[7]);\n            cy.wait(1500);\n          }\n          if (value[8] !== null && value[8] !== undefined) {\n            P1.town(value[8]);\n            cy.wait(1500);\n          }\n          if (value[9] !== null && value[9] !== undefined) {\n            P1.State(value[9]);\n            cy.wait(1500);\n          }\n          if (value[10]) {\n            P1.Ambulance(value[10]);\n            cy.wait(1500);\n          }\n          if (value[11]) {\n            P1.lift(value[11]);\n            cy.wait(1500);\n          }\n        }\n        if (value[3] === null || value[3] === undefined || value[4] === null || value[4] === undefined || value[5] === null || value[5] === undefined || value[6] === null || value[6] === undefined || value[7] === null || value[7] === undefined || value[8] === null || value[8] === undefined || value[9] === null || value[9] === undefined) {\n          P1.locate();\n          cy.wait(1500);\n          P1.Errormsgforadd(value[3], value[4], value[5], value[6], value[7], value[8], value[9]);\n          cy.wait(1500);\n          cy.contains('Cancel').click();\n          P1.profilepreview();\n        } else {\n          if (value[2] === null || value[2] === undefined) {\n            P1.locate();\n            cy.wait(15000);\n            P1.saveaddress();\n            cy.wait(1500);\n            P1.profilepreview();\n          }\n        }\n        //Validation\n        for (let i = 1; i < rowLength; i++) {\n          const value = jsonData[0].data[i];\n          const P1 = new _Elements.default();\n          if (value[3] !== null && value[3] !== undefined && value[4] !== null && value[4] !== undefined && value[5] !== null && value[5] !== undefined && value[6] !== null && value[6] !== undefined && value[7] !== null && value[7] !== undefined && value[8] !== null && value[8] !== undefined && value[9] !== null && value[9] !== undefined) {\n            if (value[2]) {} else {\n              cy.wait(1500);\n              cy.log('1');\n              P1.address();\n              cy.wait(1500);\n              cy.contains(value[4]).should('exist');\n              cy.wait(1500);\n              P1.profilepreview();\n            }\n          }\n        }\n      }\n    });\n  }\n});",
              "err": {},
              "uuid": "9cacc8b2-47d5-4ef5-b009-0a488f80e649",
              "parentUUID": "29824844-0d14-4625-9d07-8fb3267c9900",
              "isHook": false,
              "skipped": false
            }
          ],
          "suites": [],
          "passes": [
            "9cacc8b2-47d5-4ef5-b009-0a488f80e649"
          ],
          "failures": [],
          "pending": [],
          "skipped": [],
          "duration": 21223,
          "root": false,
          "rootEmpty": false,
          "_timeout": 2000
        }
      ],
      "passes": [],
      "failures": [],
      "pending": [],
      "skipped": [],
      "duration": 0,
      "root": true,
      "rootEmpty": true,
      "_timeout": 2000
    }
  ],
  "meta": {
    "mocha": {
      "version": "7.0.1"
    },
    "mochawesome": {
      "options": {
        "quiet": false,
        "reportFilename": "mochawesome",
        "saveHtml": false,
        "saveJson": true,
        "consoleReporter": "spec",
        "useInlineDiffs": false,
        "code": true
      },
      "version": "7.1.3"
    },
    "marge": {
      "options": {
        "reportDir": "cypress/reports/json",
        "overwrite": false,
        "html": false,
        "json": true
      },
      "version": "6.2.0"
    }
  }
}