{
  "stats": {
    "suites": 1,
    "tests": 1,
    "passes": 1,
    "pending": 0,
    "failures": 0,
    "start": "2026-08-20T10:46:57.806Z",
    "end": "2026-08-20T10:47:00.036Z",
    "duration": 2230,
    "testsRegistered": 1,
    "passPercent": 100,
    "pendingPercent": 0,
    "other": 0,
    "hasOther": false,
    "skipped": 0,
    "hasSkipped": false
  },
  "results": [
    {
      "uuid": "ab608a20-9c32-4637-b15d-5f2d70c4697e",
      "title": "",
      "fullFile": "cypress\\e2e\\UI\\Customer login page\\TEXTFIELDPLACEHOLDER&ATTRIBUTES.cy.js",
      "file": "cypress\\e2e\\UI\\Customer login page\\TEXTFIELDPLACEHOLDER&ATTRIBUTES.cy.js",
      "beforeHooks": [],
      "afterHooks": [],
      "tests": [],
      "suites": [
        {
          "uuid": "2ee27dd4-ae31-492b-84e3-81b8168374c2",
          "title": "TEXTFIELDPLACEHOLDER&ATTRIBUTES",
          "fullFile": "",
          "file": "",
          "beforeHooks": [],
          "afterHooks": [],
          "tests": [
            {
              "title": "should assert input field placeholders and types",
              "fullTitle": "TEXTFIELDPLACEHOLDER&ATTRIBUTES should assert input field placeholders and types",
              "timedOut": null,
              "duration": 851,
              "state": "passed",
              "speed": "fast",
              "pass": true,
              "fail": false,
              "pending": false,
              "context": null,
              "code": "cy.get('input[placeholder=\"Phone number\"]').should('exist').and('be.visible');\ncy.get('input[placeholder=\"Email\"]').should('exist'); // may be disabled until phone OR email flow chosen",
              "err": {},
              "uuid": "0a4a0cae-b711-4e91-9a79-64d2ce443906",
              "parentUUID": "2ee27dd4-ae31-492b-84e3-81b8168374c2",
              "isHook": false,
              "skipped": false
            }
          ],
          "suites": [],
          "passes": [
            "0a4a0cae-b711-4e91-9a79-64d2ce443906"
          ],
          "failures": [],
          "pending": [],
          "skipped": [],
          "duration": 851,
          "root": false,
          "rootEmpty": false,
          "_timeout": 2000
        }
      ],
      "passes": [],
      "failures": [],
      "pending": [],
      "skipped": [],
      "duration": 0,
      "root": true,
      "rootEmpty": true,
      "_timeout": 2000
    }
  ],
  "meta": {
    "mocha": {
      "version": "7.0.1"
    },
    "mochawesome": {
      "options": {
        "quiet": false,
        "reportFilename": "mochawesome",
        "saveHtml": false,
        "saveJson": true,
        "consoleReporter": "spec",
        "useInlineDiffs": false,
        "code": true
      },
      "version": "7.1.3"
    },
    "marge": {
      "options": {
        "reportDir": "cypress/reports/json",
        "overwrite": false,
        "html": false,
        "json": true
      },
      "version": "6.2.0"
    }
  }
}