{
  "stats": {
    "suites": 1,
    "tests": 1,
    "passes": 0,
    "pending": 0,
    "failures": 1,
    "start": "2026-06-12T05:33:27.670Z",
    "end": "2026-06-12T05:33:43.384Z",
    "duration": 15714,
    "testsRegistered": 1,
    "passPercent": 0,
    "pendingPercent": 0,
    "other": 0,
    "hasOther": false,
    "skipped": 0,
    "hasSkipped": false
  },
  "results": [
    {
      "uuid": "5e7aecc7-8264-4ed8-a6bd-237e349d092f",
      "title": "",
      "fullFile": "cypress\\e2e\\DataFlow\\Insuranceinformation\\Nameof insurer.cy.js",
      "file": "cypress\\e2e\\DataFlow\\Insuranceinformation\\Nameof insurer.cy.js",
      "beforeHooks": [],
      "afterHooks": [],
      "tests": [],
      "suites": [
        {
          "uuid": "0b8a8d65-48b6-441e-a00b-463e9dc7fbe9",
          "title": "Insuranceype",
          "fullFile": "",
          "file": "",
          "beforeHooks": [],
          "afterHooks": [],
          "tests": [
            {
              "title": "Insuranceype",
              "fullTitle": "Insuranceype Insuranceype",
              "timedOut": null,
              "duration": 14295,
              "state": "failed",
              "speed": null,
              "pass": false,
              "fail": true,
              "pending": false,
              "context": "{\n  \"title\": \"cypress-mochawesome-reporter-screenshots\",\n  \"value\": [\n    [\n      \"\\\\DataFlow\\\\Insuranceinformation\\\\Nameof insurer.cy.js\\\\Insuranceype -- Insuranceype (failed).png\"\n    ]\n  ]\n}",
              "code": "const selectedEnvironments = _urls.default.selectedEnvironment;\nconst selectUrl = _urls.default.environments[selectedEnvironments];\ncy.visit(selectUrl);\nconst P1 = new _Elements.default();\ncy.wait(1500);\ncy.contains('Login').click();\ncy.wait(1500);\ncy.get('input[id=\"email\"]').type(_UNPASS.default.Un);\ncy.wait(1500);\ncy.get('button[type=\"submit\"]').click();\ncy.wait(3500);\nP1.PTA();\ncy.wait(1000);\nP1.OTP();\ncy.wait(1000);\ncy.contains('Verify').click();\ncy.wait(1500);\ncy.get('body').then($bodyText => {\n  const bodyText = $bodyText.text();\n  if (bodyText.includes('Edit Profile')) {\n    cy.contains('Edit Profile').click();\n  } else {\n    cy.contains('Complete Profile').eq(0).click();\n  }\n});\ncy.contains('Insurance Information').click();\ncy.wait(1000);\ncy.get('body').then($bodyText => {\n  const bodyText = $bodyText.text();\n  if (bodyText.includes('Add Insurance')) {\n    let Insurance = 'input[placeholder=\"Name of Insurance Company\"]';\n    cy.get(Insurance).type('Others');\n    cy.wait(1000);\n    cy.get(Insurance).should('have.value', 'Others');\n    cy.wait(1000);\n  } else {\n    cy.contains('Add Another Insurance').then($button => {\n      if ($button.prop('disabled')) {\n        cy.log('Maximum limit is reached');\n      } else {\n        cy.contains('Add Another Insurance').click();\n        cy.wait(1000);\n        let Insurance = 'input[placeholder=\"Name of insurer\"]';\n        cy.get(Insurance).type('Others');\n        cy.wait(1000);\n        cy.get(Insurance).should('have.value', 'Others');\n        cy.wait(1000);\n        cy.contains('Cancel').click();\n      }\n    });\n  }\n});",
              "err": {
                "message": "AssertionError: Timed out retrying after 10000ms: Expected to find element: `input[id=\"email\"]`, but never found it.",
                "estack": "AssertionError: Timed out retrying after 10000ms: Expected to find element: `input[id=\"email\"]`, but never found it.\n    at Context.eval (webpack:///./cypress/e2e/DataFlow/Insuranceinformation/Nameof insurer.cy.js:14:11)",
                "diff": null
              },
              "uuid": "2397bc4b-9fe0-44f9-ab70-944db2017c83",
              "parentUUID": "0b8a8d65-48b6-441e-a00b-463e9dc7fbe9",
              "isHook": false,
              "skipped": false
            }
          ],
          "suites": [],
          "passes": [],
          "failures": [
            "2397bc4b-9fe0-44f9-ab70-944db2017c83"
          ],
          "pending": [],
          "skipped": [],
          "duration": 14295,
          "root": false,
          "rootEmpty": false,
          "_timeout": 2000
        }
      ],
      "passes": [],
      "failures": [],
      "pending": [],
      "skipped": [],
      "duration": 0,
      "root": true,
      "rootEmpty": true,
      "_timeout": 2000
    }
  ],
  "meta": {
    "mocha": {
      "version": "7.0.1"
    },
    "mochawesome": {
      "options": {
        "quiet": false,
        "reportFilename": "mochawesome",
        "saveHtml": false,
        "saveJson": true,
        "consoleReporter": "spec",
        "useInlineDiffs": false,
        "code": true
      },
      "version": "7.1.3"
    },
    "marge": {
      "options": {
        "reportDir": "cypress/reports/json",
        "overwrite": false,
        "html": false,
        "json": true
      },
      "version": "6.2.0"
    }
  }
}