{
  "stats": {
    "suites": 1,
    "tests": 1,
    "passes": 0,
    "pending": 0,
    "failures": 1,
    "start": "2026-06-11T09:46:00.634Z",
    "end": "2026-06-11T09:46:17.155Z",
    "duration": 16521,
    "testsRegistered": 1,
    "passPercent": 0,
    "pendingPercent": 0,
    "other": 0,
    "hasOther": false,
    "skipped": 0,
    "hasSkipped": false
  },
  "results": [
    {
      "uuid": "0f1b859b-c353-42cf-966c-5f888f8199db",
      "title": "",
      "fullFile": "cypress\\e2e\\e2e\\Searchradius.cy.js",
      "file": "cypress\\e2e\\e2e\\Searchradius.cy.js",
      "beforeHooks": [],
      "afterHooks": [],
      "tests": [],
      "suites": [
        {
          "uuid": "4cdafefb-123b-4761-86e1-cbd0cc8b7d70",
          "title": "Searchradius",
          "fullFile": "",
          "file": "",
          "beforeHooks": [],
          "afterHooks": [],
          "tests": [
            {
              "title": "Searchradius",
              "fullTitle": "Searchradius Searchradius",
              "timedOut": null,
              "duration": 14955,
              "state": "failed",
              "speed": null,
              "pass": false,
              "fail": true,
              "pending": false,
              "context": null,
              "code": "cy.get('[class=\"chakra-icon css-6ey7w3\"]').eq(6).scrollIntoView().click();\ncy.get('body').should('contain', 'Beneficiary Having No Hospital Dashboard Details').scrollIntoView();\ncy.get('select[id=\"hospital-select\"]').select('Pococare');\ncy.get('input[type=\"number\"]').type('5');\ncy.contains('Search').click();\nfunction BenID() {\n  cy.get('body').then($bodyText => {\n    const bodyText = $bodyText.text();\n    if (bodyText.includes('BenID')) {\n      expect(bodyText).to.include('BenID');\n    } else {\n      cy.wait(1000);\n      BenID();\n    }\n  });\n}\nBenID();",
              "err": {
                "message": "AssertionError: Timed out retrying after 10000ms: Expected to find element: `select[id=\"hospital-select\"]`, but never found it.",
                "estack": "AssertionError: Timed out retrying after 10000ms: Expected to find element: `select[id=\"hospital-select\"]`, but never found it.\n    at Context.eval (webpack:///./cypress/e2e/e2e/Searchradius.cy.js:14:11)",
                "diff": null
              },
              "uuid": "ee12cb6b-7e64-45f7-bd1b-bd76c15d2ada",
              "parentUUID": "4cdafefb-123b-4761-86e1-cbd0cc8b7d70",
              "isHook": false,
              "skipped": false
            }
          ],
          "suites": [],
          "passes": [],
          "failures": [
            "ee12cb6b-7e64-45f7-bd1b-bd76c15d2ada"
          ],
          "pending": [],
          "skipped": [],
          "duration": 14955,
          "root": false,
          "rootEmpty": false,
          "_timeout": 2000
        }
      ],
      "passes": [],
      "failures": [],
      "pending": [],
      "skipped": [],
      "duration": 0,
      "root": true,
      "rootEmpty": true,
      "_timeout": 2000
    }
  ],
  "meta": {
    "mocha": {
      "version": "7.0.1"
    },
    "mochawesome": {
      "options": {
        "quiet": false,
        "reportFilename": "mochawesome",
        "saveHtml": false,
        "saveJson": true,
        "consoleReporter": "spec",
        "useInlineDiffs": false,
        "code": true
      },
      "version": "7.1.4"
    },
    "marge": {
      "options": {
        "reportDir": "cypress/reports/json",
        "overwrite": false,
        "html": false,
        "json": true,
        "timestamp": "yyyy-mm-dd_HH-MM-ss"
      },
      "version": "6.3.2"
    }
  }
}