{
  "stats": {
    "suites": 1,
    "tests": 1,
    "passes": 1,
    "pending": 0,
    "failures": 0,
    "start": "2026-07-07T06:26:44.175Z",
    "end": "2026-07-07T06:27:29.097Z",
    "duration": 44922,
    "testsRegistered": 1,
    "passPercent": 100,
    "pendingPercent": 0,
    "other": 0,
    "hasOther": false,
    "skipped": 0,
    "hasSkipped": false
  },
  "results": [
    {
      "uuid": "d754a0ad-de32-4d91-b885-cfa34dee0277",
      "title": "",
      "fullFile": "cypress\\e2e\\Sanity\\Login page\\emailandotppage.cy.js",
      "file": "cypress\\e2e\\Sanity\\Login page\\emailandotppage.cy.js",
      "beforeHooks": [],
      "afterHooks": [],
      "tests": [],
      "suites": [
        {
          "uuid": "9b7b0b9a-e6be-460c-b927-520f98f79616",
          "title": "Email and otp page",
          "fullFile": "",
          "file": "",
          "beforeHooks": [],
          "afterHooks": [],
          "tests": [
            {
              "title": "Email and otp page",
              "fullTitle": "Email and otp page Email and otp page",
              "timedOut": null,
              "duration": 43492,
              "state": "passed",
              "speed": "slow",
              "pass": true,
              "fail": false,
              "pending": false,
              "context": null,
              "code": "const selectedEnvironment = _urls.default.selectedEnvironment;\nconst selectUrl = _urls.default.environments[selectedEnvironment];\ncy.visit(selectUrl);\ncy.wait(1500);\ncy.get('input[placeholder=\"Email\"]').type(_UNPASS.default.Un);\ncy.wait(1500);\ncy.contains('Get OTP').click();\ncy.wait(1500);\ncy.get('body').contains('Enter OTP').should('exist');\ncy.wait(1500);\ncy.get('body').contains(\"We've sent the OTP to your email.\").should('exist');\ncy.wait(1500);\ncy.contains('Verify').should('not.be.disabled');\ncy.wait(30000);\ncy.contains('Resend OTP').click();\ncy.wait(1500);\ncy.contains('Not received OTP?').should('not.exist');\ncy.wait(1500);\ncy.get('body').contains(\"We've sent the OTP to your phone or email!\").should('exist');",
              "err": {},
              "uuid": "3413ba99-8f56-4f6a-8c92-81338f54e7d7",
              "parentUUID": "9b7b0b9a-e6be-460c-b927-520f98f79616",
              "isHook": false,
              "skipped": false
            }
          ],
          "suites": [],
          "passes": [
            "3413ba99-8f56-4f6a-8c92-81338f54e7d7"
          ],
          "failures": [],
          "pending": [],
          "skipped": [],
          "duration": 43492,
          "root": false,
          "rootEmpty": false,
          "_timeout": 2000
        }
      ],
      "passes": [],
      "failures": [],
      "pending": [],
      "skipped": [],
      "duration": 0,
      "root": true,
      "rootEmpty": true,
      "_timeout": 2000
    }
  ],
  "meta": {
    "mocha": {
      "version": "7.0.1"
    },
    "mochawesome": {
      "options": {
        "quiet": false,
        "reportFilename": "mochawesome",
        "saveHtml": false,
        "saveJson": true,
        "consoleReporter": "spec",
        "useInlineDiffs": false,
        "code": true
      },
      "version": "7.1.3"
    },
    "marge": {
      "options": {
        "reportDir": "cypress/reports/json",
        "overwrite": false,
        "html": false,
        "json": true
      },
      "version": "6.2.0"
    }
  }
}