{
  "stats": {
    "suites": 1,
    "tests": 1,
    "passes": 1,
    "pending": 0,
    "failures": 0,
    "start": "2026-07-14T09:49:32.211Z",
    "end": "2026-07-14T09:50:02.471Z",
    "duration": 30260,
    "testsRegistered": 1,
    "passPercent": 100,
    "pendingPercent": 0,
    "other": 0,
    "hasOther": false,
    "skipped": 0,
    "hasSkipped": false
  },
  "results": [
    {
      "uuid": "e7ef5935-ef82-41c2-9fa7-0a6c4acd9488",
      "title": "",
      "fullFile": "cypress\\e2e\\DataFlow\\Basic Information\\Email.cy.js",
      "file": "cypress\\e2e\\DataFlow\\Basic Information\\Email.cy.js",
      "beforeHooks": [],
      "afterHooks": [],
      "tests": [],
      "suites": [
        {
          "uuid": "6abd31f7-1587-44ce-8aaa-5e2097d458e2",
          "title": "Email",
          "fullFile": "",
          "file": "",
          "beforeHooks": [],
          "afterHooks": [],
          "tests": [
            {
              "title": "Email",
              "fullTitle": "Email Email",
              "timedOut": null,
              "duration": 28501,
              "state": "passed",
              "speed": "slow",
              "pass": true,
              "fail": false,
              "pending": false,
              "context": null,
              "code": "const selectedEnvironments = _urls.default.selectedEnvironment;\nconst selectUrl = _urls.default.environments[selectedEnvironments];\ncy.visit(selectUrl);\nconst P1 = new _Elements.default();\nP1.login();\ncy.get('body').then($bodyText => {\n  const bodyText = $bodyText.text();\n  if (bodyText.includes('Edit Profile')) {\n    cy.contains('Edit Profile').click();\n  } else {\n    cy.contains('Complete Profile').eq(0).click();\n  }\n});\ncy.get('input[placeholder=\"Age\"]').invoke('val').then(textField => {\n  const valueLength = textField.length;\n  console.log('text', textField);\n  console.log('valuele', valueLength);\n  if (valueLength > 0) {\n    P1.Email();\n  } else {\n    cy.get('select[class=\"chakra-select css-161pkch\"]').eq(1).select('Male');\n    cy.wait(1000);\n    cy.get('div[placeholder=\"Age\"]').type(26);\n    cy.wait(1000);\n    cy.get('span[class=\"chakra-switch__track css-p27qcy\"]').click();\n    cy.wait(1000);\n    cy.contains('Save and continue').click();\n    cy.wait(500);\n    cy.get('body').then($bodyText => {\n      const bodyText = $bodyText.text();\n      expect(bodyText).to.contains('Basic Info Updated Successfully');\n      cy.wait(1000);\n      P1.Email();\n    });\n  }\n});",
              "err": {},
              "uuid": "66d3f492-d118-4275-8178-bdae69a317eb",
              "parentUUID": "6abd31f7-1587-44ce-8aaa-5e2097d458e2",
              "isHook": false,
              "skipped": false
            }
          ],
          "suites": [],
          "passes": [
            "66d3f492-d118-4275-8178-bdae69a317eb"
          ],
          "failures": [],
          "pending": [],
          "skipped": [],
          "duration": 28501,
          "root": false,
          "rootEmpty": false,
          "_timeout": 2000
        }
      ],
      "passes": [],
      "failures": [],
      "pending": [],
      "skipped": [],
      "duration": 0,
      "root": true,
      "rootEmpty": true,
      "_timeout": 2000
    }
  ],
  "meta": {
    "mocha": {
      "version": "7.0.1"
    },
    "mochawesome": {
      "options": {
        "quiet": false,
        "reportFilename": "mochawesome",
        "saveHtml": false,
        "saveJson": true,
        "consoleReporter": "spec",
        "useInlineDiffs": false,
        "code": true
      },
      "version": "7.1.3"
    },
    "marge": {
      "options": {
        "reportDir": "cypress/reports/json",
        "overwrite": false,
        "html": false,
        "json": true
      },
      "version": "6.2.0"
    }
  }
}