{
  "stats": {
    "suites": 1,
    "tests": 1,
    "passes": 1,
    "pending": 0,
    "failures": 0,
    "start": "2026-08-20T10:24:54.659Z",
    "end": "2026-08-20T10:25:14.793Z",
    "duration": 20134,
    "testsRegistered": 1,
    "passPercent": 100,
    "pendingPercent": 0,
    "other": 0,
    "hasOther": false,
    "skipped": 0,
    "hasSkipped": false
  },
  "results": [
    {
      "uuid": "214352ee-2703-45aa-a8b1-8217534fc6c5",
      "title": "",
      "fullFile": "cypress\\e2e\\DataFlow\\Insuranceinformation\\Nameof insurer.cy.js",
      "file": "cypress\\e2e\\DataFlow\\Insuranceinformation\\Nameof insurer.cy.js",
      "beforeHooks": [],
      "afterHooks": [],
      "tests": [],
      "suites": [
        {
          "uuid": "fc6f3d82-af2d-4c6d-9363-b6b3d1f25b57",
          "title": "Insuranceype",
          "fullFile": "",
          "file": "",
          "beforeHooks": [],
          "afterHooks": [],
          "tests": [
            {
              "title": "Insuranceype",
              "fullTitle": "Insuranceype Insuranceype",
              "timedOut": null,
              "duration": 18682,
              "state": "passed",
              "speed": "slow",
              "pass": true,
              "fail": false,
              "pending": false,
              "context": null,
              "code": "const selectedEnvironments = _urls.default.selectedEnvironment;\nconst selectUrl = _urls.default.environments[selectedEnvironments];\ncy.visit(selectUrl);\nconst P1 = new _Elements.default();\nP1.login();\ncy.get('body').then($bodyText => {\n  const bodyText = $bodyText.text();\n  if (bodyText.includes('Edit Profile')) {\n    cy.contains('Edit Profile').click();\n  } else {\n    cy.contains('Complete Profile').eq(0).click();\n  }\n});\ncy.contains('Insurance Information').click();\ncy.wait(1000);\ncy.get('body').then($bodyText => {\n  const bodyText = $bodyText.text();\n  if (bodyText.includes('Add Insurance')) {\n    let Insurance = 'input[placeholder=\"Name of Insurance Company\"]';\n    cy.get(Insurance).type('Others');\n    cy.wait(1000);\n    cy.get(Insurance).should('have.value', 'Others');\n    cy.wait(1000);\n  } else {\n    cy.contains('Add Another Insurance').then($button => {\n      if ($button.prop('disabled')) {\n        cy.log('Maximum limit is reached');\n      } else {\n        cy.contains('Add Another Insurance').click();\n        cy.wait(1000);\n        let Insurance = 'input[placeholder=\"Name of insurer\"]';\n        cy.get(Insurance).type('Others');\n        cy.wait(1000);\n        cy.get(Insurance).should('have.value', 'Others');\n        cy.wait(1000);\n        cy.contains('Cancel').click();\n      }\n    });\n  }\n});",
              "err": {},
              "uuid": "b3b8bf64-ca8b-4713-91a5-0133be8a7c5f",
              "parentUUID": "fc6f3d82-af2d-4c6d-9363-b6b3d1f25b57",
              "isHook": false,
              "skipped": false
            }
          ],
          "suites": [],
          "passes": [
            "b3b8bf64-ca8b-4713-91a5-0133be8a7c5f"
          ],
          "failures": [],
          "pending": [],
          "skipped": [],
          "duration": 18682,
          "root": false,
          "rootEmpty": false,
          "_timeout": 2000
        }
      ],
      "passes": [],
      "failures": [],
      "pending": [],
      "skipped": [],
      "duration": 0,
      "root": true,
      "rootEmpty": true,
      "_timeout": 2000
    }
  ],
  "meta": {
    "mocha": {
      "version": "7.0.1"
    },
    "mochawesome": {
      "options": {
        "quiet": false,
        "reportFilename": "mochawesome",
        "saveHtml": false,
        "saveJson": true,
        "consoleReporter": "spec",
        "useInlineDiffs": false,
        "code": true
      },
      "version": "7.1.3"
    },
    "marge": {
      "options": {
        "reportDir": "cypress/reports/json",
        "overwrite": false,
        "html": false,
        "json": true
      },
      "version": "6.2.0"
    }
  }
}