{
  "stats": {
    "suites": 1,
    "tests": 5,
    "passes": 5,
    "pending": 0,
    "failures": 0,
    "start": "2026-09-08T10:55:10.998Z",
    "end": "2026-09-08T10:55:21.283Z",
    "duration": 10285,
    "testsRegistered": 5,
    "passPercent": 100,
    "pendingPercent": 0,
    "other": 0,
    "hasOther": false,
    "skipped": 0,
    "hasSkipped": false
  },
  "results": [
    {
      "uuid": "f0ee49da-b32e-4493-b5e2-5b422511df54",
      "title": "",
      "fullFile": "cypress\\e2e\\UI\\Terms & Conditions\\Privacy Policy Hyperlink (inline text link).cy.js",
      "file": "cypress\\e2e\\UI\\Terms & Conditions\\Privacy Policy Hyperlink (inline text link).cy.js",
      "beforeHooks": [],
      "afterHooks": [],
      "tests": [],
      "suites": [
        {
          "uuid": "32481689-f600-414f-8028-25f3ce1a84a6",
          "title": "Privacy Policy Hyperlink (inline text link)",
          "fullFile": "",
          "file": "",
          "beforeHooks": [],
          "afterHooks": [],
          "tests": [
            {
              "title": "should verify href attribute",
              "fullTitle": "Privacy Policy Hyperlink (inline text link) should verify href attribute",
              "timedOut": null,
              "duration": 3339,
              "state": "passed",
              "speed": "fast",
              "pass": true,
              "fail": false,
              "pending": false,
              "context": null,
              "code": "cy.get('a[href=\"https://www.pococare.com/privacypolicy\"]').first().should('be.visible').and('have.attr', 'href', 'https://www.pococare.com/privacypolicy');",
              "err": {},
              "uuid": "a7d72384-a6bc-446f-80cf-be6af622ae9d",
              "parentUUID": "32481689-f600-414f-8028-25f3ce1a84a6",
              "isHook": false,
              "skipped": false
            },
            {
              "title": "should verify href attribute",
              "fullTitle": "Privacy Policy Hyperlink (inline text link) should verify href attribute",
              "timedOut": null,
              "duration": 1654,
              "state": "passed",
              "speed": "fast",
              "pass": true,
              "fail": false,
              "pending": false,
              "context": null,
              "code": "cy.get('a[href=\"https://www.pococare.com/privacypolicy\"]').first().should('be.visible').and('have.attr', 'href', 'https://www.pococare.com/privacypolicy');",
              "err": {},
              "uuid": "8a8a34c8-e42c-4ce4-b079-c249a6fb2df2",
              "parentUUID": "32481689-f600-414f-8028-25f3ce1a84a6",
              "isHook": false,
              "skipped": false
            },
            {
              "title": "should verify link color",
              "fullTitle": "Privacy Policy Hyperlink (inline text link) should verify link color",
              "timedOut": null,
              "duration": 1200,
              "state": "passed",
              "speed": "fast",
              "pass": true,
              "fail": false,
              "pending": false,
              "context": null,
              "code": "cy.get('a[href=\"https://www.pococare.com/privacypolicy\"]').first().should('have.css', 'color', 'rgb(0, 123, 255)');",
              "err": {},
              "uuid": "b05c105b-ae2e-4954-b601-e3cdc354004a",
              "parentUUID": "32481689-f600-414f-8028-25f3ce1a84a6",
              "isHook": false,
              "skipped": false
            },
            {
              "title": "should verify text-decoration is none by default",
              "fullTitle": "Privacy Policy Hyperlink (inline text link) should verify text-decoration is none by default",
              "timedOut": null,
              "duration": 1176,
              "state": "passed",
              "speed": "fast",
              "pass": true,
              "fail": false,
              "pending": false,
              "context": null,
              "code": "cy.get('a[href=\"https://www.pococare.com/privacypolicy\"]').first().should('have.css', 'text-decoration-line', 'none');",
              "err": {},
              "uuid": "5e1f32a2-1b63-43a0-a2fa-7e3bd58c2337",
              "parentUUID": "32481689-f600-414f-8028-25f3ce1a84a6",
              "isHook": false,
              "skipped": false
            },
            {
              "title": "should verify text-decoration-line is none (not underline)",
              "fullTitle": "Privacy Policy Hyperlink (inline text link) should verify text-decoration-line is none (not underline)",
              "timedOut": null,
              "duration": 1469,
              "state": "passed",
              "speed": "fast",
              "pass": true,
              "fail": false,
              "pending": false,
              "context": null,
              "code": "cy.get('a[href=\"https://www.pococare.com/privacypolicy\"]').first().should('have.css', 'text-decoration-line', 'none'); // ✅ corrected from 'underline'",
              "err": {},
              "uuid": "a117a7c7-e9b3-4086-9e7f-59cade6576a0",
              "parentUUID": "32481689-f600-414f-8028-25f3ce1a84a6",
              "isHook": false,
              "skipped": false
            }
          ],
          "suites": [],
          "passes": [
            "a7d72384-a6bc-446f-80cf-be6af622ae9d",
            "8a8a34c8-e42c-4ce4-b079-c249a6fb2df2",
            "b05c105b-ae2e-4954-b601-e3cdc354004a",
            "5e1f32a2-1b63-43a0-a2fa-7e3bd58c2337",
            "a117a7c7-e9b3-4086-9e7f-59cade6576a0"
          ],
          "failures": [],
          "pending": [],
          "skipped": [],
          "duration": 8838,
          "root": false,
          "rootEmpty": false,
          "_timeout": 2000
        }
      ],
      "passes": [],
      "failures": [],
      "pending": [],
      "skipped": [],
      "duration": 0,
      "root": true,
      "rootEmpty": true,
      "_timeout": 2000
    }
  ],
  "meta": {
    "mocha": {
      "version": "7.0.1"
    },
    "mochawesome": {
      "options": {
        "quiet": false,
        "reportFilename": "mochawesome",
        "saveHtml": false,
        "saveJson": true,
        "consoleReporter": "spec",
        "useInlineDiffs": false,
        "code": true
      },
      "version": "7.1.3"
    },
    "marge": {
      "options": {
        "reportDir": "cypress/reports/json",
        "overwrite": false,
        "html": false,
        "json": true
      },
      "version": "6.2.0"
    }
  }
}