{
  "stats": {
    "suites": 1,
    "tests": 1,
    "passes": 0,
    "pending": 0,
    "failures": 1,
    "start": "2026-06-12T06:18:52.667Z",
    "end": "2026-06-12T06:19:03.906Z",
    "duration": 11239,
    "testsRegistered": 1,
    "passPercent": 0,
    "pendingPercent": 0,
    "other": 0,
    "hasOther": false,
    "skipped": 0,
    "hasSkipped": false
  },
  "results": [
    {
      "uuid": "c8b5064a-d576-4bd6-bca2-5106873f0d23",
      "title": "",
      "fullFile": "cypress\\e2e\\DataFlow\\1st page\\icnrn.cy.js",
      "file": "cypress\\e2e\\DataFlow\\1st page\\icnrn.cy.js",
      "beforeHooks": [],
      "afterHooks": [],
      "tests": [],
      "suites": [
        {
          "uuid": "287a0aad-8b40-408d-8399-3ec6a6ebea36",
          "title": "Incorming Call-Not registered number",
          "fullFile": "",
          "file": "",
          "beforeHooks": [],
          "afterHooks": [],
          "tests": [
            {
              "title": "Incorming Call-Not registered number",
              "fullTitle": "Incorming Call-Not registered number Incorming Call-Not registered number",
              "timedOut": null,
              "duration": 10058,
              "state": "failed",
              "speed": null,
              "pass": false,
              "fail": true,
              "pending": false,
              "context": "{\n  \"title\": \"cypress-mochawesome-reporter-screenshots\",\n  \"value\": [\n    [\n      \"\\\\1st page\\\\icnrn.cy.js\\\\Incorming Call-Not registered number -- Incorming Call-Not registered number -- before all hook (failed).png\"\n    ]\n  ]\n}",
              "code": "cy.get('body').then($bodyText => {\n  const bodyText = $bodyText.text();\n  if (bodyText.includes('New')) {\n    cy.wait(1500);\n    cy.contains('New').click();\n    cy.wait(2000);\n    cy.get('p[class=\"text ticketBasicDetails_value__wibkg\"]').eq(1).should('contain', 'Direct');\n    cy.contains('No').scrollIntoView().click();\n    cy.wait(2000);\n    cy.get('body').then($bodyText => {\n      const bodyText = $bodyText.text();\n      expect(bodyText).to.include('General Enquiry');\n      cy.wait(2000);\n      expect(bodyText).to.include('TestDemo');\n    });\n    cy.contains('TestDemo').scrollIntoView().click();\n  }\n});",
              "err": {
                "message": "AssertionError: expected 'You need to enable JavaScript to run this app.Live CallsTicketsLogoutTicket Number: 2576Call DetailsCall from Phone:91XXXXX951Caller Type:BeneficiarySource of Call:QR Code ScanClient Of:PococareCampusId:N/ASubscriberMobile:91XXXXX951SubscriberName:KarthikAmbulance Service Count:18Doctor Consultation Count:19isGMC:NoPOC:Poc N/APoc N/AAddress:48/1, AS Char St, Mamulpet, Sultanpete, Bengaluru, Karnataka 560002, India,Bengaluru Urban,Karnataka,560002,IndiaOperationAssessmentCompleted :1/3Emergency CheckHi,this is  from Pococare. Is there a medical emergency?YesMaybeNoUnderstood. I will still assist you. Please let me know how we can help you today.Select OptionMay I understand how I can assist you today?Insurance/Hospital QueryDemo callAmbulance BookingTest CallPococare general enquirySelect PatientPlease help me with the patient’s name so that I can proceed.KarthikRavi SherigarIf not found: \"I am not able to locate the patient in our system. May I have the patient\\'s mobile number so that I can search in our database?\"Find BeneficiaryBy Mobile NumberBy Company Name & Beneficiary NameEmergency ResolvedComment\"serviceWorker\"in navigator&&navigator.serviceWorker.register(\"/firebase-messaging-sw.js\").then(e=>{console.log(\"SW registered: \",e)}).catch(e=>{console.log(\"SW registration failed: \",e)})' to include 'General Enquiry'\n\nBecause this error occurred during a `before all` hook we are skipping the remaining tests in the current suite: `Incorming Call-Not register...`",
                "estack": "AssertionError: expected 'You need to enable JavaScript to run this app.Live CallsTicketsLogoutTicket Number: 2576Call DetailsCall from Phone:91XXXXX951Caller Type:BeneficiarySource of Call:QR Code ScanClient Of:PococareCampusId:N/ASubscriberMobile:91XXXXX951SubscriberName:KarthikAmbulance Service Count:18Doctor Consultation Count:19isGMC:NoPOC:Poc N/APoc N/AAddress:48/1, AS Char St, Mamulpet, Sultanpete, Bengaluru, Karnataka 560002, India,Bengaluru Urban,Karnataka,560002,IndiaOperationAssessmentCompleted :1/3Emergency CheckHi,this is  from Pococare. Is there a medical emergency?YesMaybeNoUnderstood. I will still assist you. Please let me know how we can help you today.Select OptionMay I understand how I can assist you today?Insurance/Hospital QueryDemo callAmbulance BookingTest CallPococare general enquirySelect PatientPlease help me with the patient’s name so that I can proceed.KarthikRavi SherigarIf not found: \"I am not able to locate the patient in our system. May I have the patient\\'s mobile number so that I can search in our database?\"Find BeneficiaryBy Mobile NumberBy Company Name & Beneficiary NameEmergency ResolvedComment\"serviceWorker\"in navigator&&navigator.serviceWorker.register(\"/firebase-messaging-sw.js\").then(e=>{console.log(\"SW registered: \",e)}).catch(e=>{console.log(\"SW registration failed: \",e)})' to include 'General Enquiry'\n\nBecause this error occurred during a `before all` hook we are skipping the remaining tests in the current suite: `Incorming Call-Not register...`\n    at Context.eval (webpack:///./cypress/support/login5-icnrn.js:66:34)",
                "diff": null
              },
              "uuid": "cf906965-25cf-401f-a3d7-daaacfbd8e3a",
              "parentUUID": "287a0aad-8b40-408d-8399-3ec6a6ebea36",
              "isHook": false,
              "skipped": false
            }
          ],
          "suites": [],
          "passes": [],
          "failures": [
            "cf906965-25cf-401f-a3d7-daaacfbd8e3a"
          ],
          "pending": [],
          "skipped": [],
          "duration": 10058,
          "root": false,
          "rootEmpty": false,
          "_timeout": 2000
        }
      ],
      "passes": [],
      "failures": [],
      "pending": [],
      "skipped": [],
      "duration": 0,
      "root": true,
      "rootEmpty": true,
      "_timeout": 2000
    }
  ],
  "meta": {
    "mocha": {
      "version": "7.0.1"
    },
    "mochawesome": {
      "options": {
        "quiet": false,
        "reportFilename": "mochawesome",
        "saveHtml": false,
        "saveJson": true,
        "consoleReporter": "spec",
        "useInlineDiffs": false,
        "code": true
      },
      "version": "7.1.4"
    },
    "marge": {
      "options": {
        "reportDir": "cypress/reports/json",
        "overwrite": false,
        "html": false,
        "json": true
      },
      "version": "6.3.2"
    }
  }
}