{
  "stats": {
    "suites": 1,
    "tests": 1,
    "passes": 1,
    "pending": 0,
    "failures": 0,
    "start": "2026-08-20T10:20:47.984Z",
    "end": "2026-08-20T10:21:16.499Z",
    "duration": 28515,
    "testsRegistered": 1,
    "passPercent": 100,
    "pendingPercent": 0,
    "other": 0,
    "hasOther": false,
    "skipped": 0,
    "hasSkipped": false
  },
  "results": [
    {
      "uuid": "dd3ecd1d-f2dc-4336-8bf2-1f1539165160",
      "title": "",
      "fullFile": "cypress\\e2e\\DataFlow\\Emergency Contact\\Relationship_Mother-In-Law.cy.js",
      "file": "cypress\\e2e\\DataFlow\\Emergency Contact\\Relationship_Mother-In-Law.cy.js",
      "beforeHooks": [],
      "afterHooks": [],
      "tests": [],
      "suites": [
        {
          "uuid": "2c67df0d-c5d2-441a-84dc-0dc22987897f",
          "title": "Relationship_Mother-In-Law",
          "fullFile": "",
          "file": "",
          "beforeHooks": [],
          "afterHooks": [],
          "tests": [
            {
              "title": "Relationship_Mother-In-Law",
              "fullTitle": "Relationship_Mother-In-Law Relationship_Mother-In-Law",
              "timedOut": null,
              "duration": 26938,
              "state": "passed",
              "speed": "slow",
              "pass": true,
              "fail": false,
              "pending": false,
              "context": null,
              "code": "const selectedEnvironments = _urls.default.selectedEnvironment;\nconst selectUrl = _urls.default.environments[selectedEnvironments];\ncy.visit(selectUrl);\nconst P1 = new _Elements.default();\nP1.login();\ncy.get('body').then($bodyText => {\n  const bodyText = $bodyText.text();\n  if (bodyText.includes('Edit Profile')) {\n    cy.contains('Edit Profile').click();\n  } else {\n    cy.contains('Complete Profile').eq(0).click();\n  }\n});\ncy.contains('Emergency Contact').click();\ncy.wait(1000);\ncy.contains('Add Another Contact').then($btn => {\n  if ($btn.is(':disabled')) {\n    P1.EmergencyNumbersStoring();\n    cy.wait(500);\n    cy.get('svg[class=\"EmergencyContact_redIcon__xfuA3\"]').eq(2).click();\n    cy.wait(1000);\n    cy.get(`button[class=\"chakra-button css-18zw69y\"]`).click();\n    cy.wait(1000);\n    cy.contains('Add Another Contact').should('not.be.disabled');\n    cy.wait(500);\n    cy.contains('Add Another Contact').click();\n    cy.wait(1000);\n    let relation = 'select[class=\"chakra-select css-161pkch\"]';\n    cy.get(relation).eq(1).select('Mother-In-Law');\n    cy.wait(1000);\n    cy.get(relation).eq(1).invoke('val').should('match', /Mother-In-Law/i);\n    cy.wait(1000);\n    cy.contains('Cancel').click();\n    cy.wait(500);\n    P1.EmergencyNumbersRetrieving();\n  } else {\n    cy.contains('Add Another Contact').click();\n    cy.wait(1000);\n    let relation = 'select[class=\"chakra-select css-161pkch\"]';\n    cy.get(relation).eq(1).select('Mother-In-Law');\n    cy.wait(1000);\n    cy.get(relation).eq(1).invoke('val').should('match', /Mother-In-Law/i);\n    cy.wait(1000);\n    cy.contains('Cancel').click();\n  }\n});",
              "err": {},
              "uuid": "b59d575e-99e3-40ef-9bba-32f40449878f",
              "parentUUID": "2c67df0d-c5d2-441a-84dc-0dc22987897f",
              "isHook": false,
              "skipped": false
            }
          ],
          "suites": [],
          "passes": [
            "b59d575e-99e3-40ef-9bba-32f40449878f"
          ],
          "failures": [],
          "pending": [],
          "skipped": [],
          "duration": 26938,
          "root": false,
          "rootEmpty": false,
          "_timeout": 2000
        }
      ],
      "passes": [],
      "failures": [],
      "pending": [],
      "skipped": [],
      "duration": 0,
      "root": true,
      "rootEmpty": true,
      "_timeout": 2000
    }
  ],
  "meta": {
    "mocha": {
      "version": "7.0.1"
    },
    "mochawesome": {
      "options": {
        "quiet": false,
        "reportFilename": "mochawesome",
        "saveHtml": false,
        "saveJson": true,
        "consoleReporter": "spec",
        "useInlineDiffs": false,
        "code": true
      },
      "version": "7.1.3"
    },
    "marge": {
      "options": {
        "reportDir": "cypress/reports/json",
        "overwrite": false,
        "html": false,
        "json": true
      },
      "version": "6.2.0"
    }
  }
}