{
  "stats": {
    "suites": 1,
    "tests": 1,
    "passes": 0,
    "pending": 0,
    "failures": 1,
    "start": "2026-06-12T06:23:27.850Z",
    "end": "2026-06-12T06:23:55.495Z",
    "duration": 27645,
    "testsRegistered": 1,
    "passPercent": 0,
    "pendingPercent": 0,
    "other": 0,
    "hasOther": false,
    "skipped": 0,
    "hasSkipped": false
  },
  "results": [
    {
      "uuid": "4d1cf553-0dbb-4baf-8dfc-077e46ffb6f9",
      "title": "",
      "fullFile": "cypress\\e2e\\DataFlow\\3rd Page\\Assement results-Beneficiary Name.cy.js",
      "file": "cypress\\e2e\\DataFlow\\3rd Page\\Assement results-Beneficiary Name.cy.js",
      "beforeHooks": [],
      "afterHooks": [],
      "tests": [],
      "suites": [
        {
          "uuid": "ff218cd2-a70a-49f8-9d4d-975473593d3b",
          "title": "Assement results-Beneficiary Name.cy",
          "fullFile": "",
          "file": "",
          "beforeHooks": [],
          "afterHooks": [],
          "tests": [
            {
              "title": "Assement results-Beneficiary Name.cy",
              "fullTitle": "Assement results-Beneficiary Name.cy Assement results-Beneficiary Name.cy",
              "timedOut": null,
              "duration": 26140,
              "state": "failed",
              "speed": null,
              "pass": false,
              "fail": true,
              "pending": false,
              "context": "{\n  \"title\": \"cypress-mochawesome-reporter-screenshots\",\n  \"value\": [\n    [\n      \"\\\\3rd Page\\\\Assement results-Beneficiary Name.cy.js\\\\Assement results-Beneficiary Name.cy -- Assement results-Beneficiary Name.cy (failed).png\"\n    ]\n  ]\n}",
              "code": "cy.get('body').then($bodyText => {\n  const bodyText = $bodyText.text();\n  if (bodyText.includes('New')) {\n    cy.contains('New').click();\n    cy.wait(1500);\n    cy.get('input[class=\"radioButton_radio__Dmg-B\"]').eq(3).scrollIntoView().click();\n    cy.wait(1500);\n    cy.get('input[class=\"radioButton_radio__Dmg-B\"]').eq(7).scrollIntoView().click();\n    cy.wait(1500);\n    cy.get('label[class=\"radioButton_label__jC0Qn\"]').eq(3).invoke('text').then(PN => {\n      cy.log('PN', PN);\n      cy.wait(1500);\n      cy.contains('Save Assessment').scrollIntoView().click();\n      cy.wait(1500);\n      cy.get('input[type=\"radio\"]').eq(0).click();\n      cy.wait(1500);\n      cy.get('input[type=\"radio\"]').eq(0).click();\n      cy.wait(1500);\n      cy.contains('Start Emergency').click();\n      cy.wait(1500);\n      cy.get('img[class=\"icon undefined\"]').eq(5).click();\n      cy.wait(1500);\n      cy.get('p[class=\"text ticketBasicDetails_value__wibkg\"]').eq(3).invoke('text').then(text => {\n        cy.log('text', text);\n        expect(text.trim().toLowerCase()).to.equal(PN.toLowerCase());\n      });\n      cy.wait(1000);\n      cy.get('img[class=\"icon undefined\"]').eq(5).click();\n      cy.wait(1000);\n      cy.contains('Emergency Resolved').scrollIntoView().click();\n      cy.wait(2000);\n    });\n  }\n});",
              "err": {
                "message": "AssertionError: Timed out retrying after 10000ms: Expected to find content: 'Start Emergency' but never did.",
                "estack": "AssertionError: Timed out retrying after 10000ms: Expected to find content: 'Start Emergency' but never did.\n    at Context.eval (webpack:///./cypress/e2e/DataFlow/3rd Page/Assement results-Beneficiary Name.cy.js:31:23)",
                "diff": null
              },
              "uuid": "114ac9ff-1dac-43d3-bbf3-00d08081cd07",
              "parentUUID": "ff218cd2-a70a-49f8-9d4d-975473593d3b",
              "isHook": false,
              "skipped": false
            }
          ],
          "suites": [],
          "passes": [],
          "failures": [
            "114ac9ff-1dac-43d3-bbf3-00d08081cd07"
          ],
          "pending": [],
          "skipped": [],
          "duration": 26140,
          "root": false,
          "rootEmpty": false,
          "_timeout": 2000
        }
      ],
      "passes": [],
      "failures": [],
      "pending": [],
      "skipped": [],
      "duration": 0,
      "root": true,
      "rootEmpty": true,
      "_timeout": 2000
    }
  ],
  "meta": {
    "mocha": {
      "version": "7.0.1"
    },
    "mochawesome": {
      "options": {
        "quiet": false,
        "reportFilename": "mochawesome",
        "saveHtml": false,
        "saveJson": true,
        "consoleReporter": "spec",
        "useInlineDiffs": false,
        "code": true
      },
      "version": "7.1.4"
    },
    "marge": {
      "options": {
        "reportDir": "cypress/reports/json",
        "overwrite": false,
        "html": false,
        "json": true
      },
      "version": "6.3.2"
    }
  }
}