{
  "stats": {
    "suites": 1,
    "tests": 1,
    "passes": 1,
    "pending": 0,
    "failures": 0,
    "start": "2026-09-08T10:53:25.300Z",
    "end": "2026-09-08T10:53:30.141Z",
    "duration": 4841,
    "testsRegistered": 1,
    "passPercent": 100,
    "pendingPercent": 0,
    "other": 0,
    "hasOther": false,
    "skipped": 0,
    "hasSkipped": false
  },
  "results": [
    {
      "uuid": "44f2a0f5-8ed4-4906-987e-0833c476914e",
      "title": "",
      "fullFile": "cypress\\e2e\\UI\\Privacy policy\\HYPERLINK ELEMENT.cy.js",
      "file": "cypress\\e2e\\UI\\Privacy policy\\HYPERLINK ELEMENT.cy.js",
      "beforeHooks": [],
      "afterHooks": [],
      "tests": [],
      "suites": [
        {
          "uuid": "5935ca61-21a8-472f-96cb-8c0ddd59dcb0",
          "title": "HYPERLINK ELEMENT",
          "fullFile": "",
          "file": "",
          "beforeHooks": [],
          "afterHooks": [],
          "tests": [
            {
              "title": "Validates the \"Skip to main content\" Navigation Link",
              "fullTitle": "HYPERLINK ELEMENT Validates the \"Skip to main content\" Navigation Link",
              "timedOut": null,
              "duration": 3455,
              "state": "passed",
              "speed": "fast",
              "pass": true,
              "fail": false,
              "pending": false,
              "context": null,
              "code": "// Locator\ncy.contains('a', 'Skip to main content').as('skipLink');\n// DOM & Visibility\ncy.get('@skipLink').should('exist').and('be.visible');\n// Link URL & Attributes\ncy.get('@skipLink').should('have.attr', 'href', '#content');\n// Interaction States (Focus)\ncy.get('@skipLink').focus().should('have.css', 'outline');\n// Typography & Color\ncy.get('@skipLink').should($el => {\n  // Here, $el represents the raw DOM element. We use Chai-jQuery assertions.\n  expect($el).to.have.css('background-color', 'rgb(255, 255, 255)');\n  expect($el).to.have.css('color'); // You can omit the value if you just want to check it exists\n  expect($el).to.have.css('border-color');\n});",
              "err": {},
              "uuid": "96b0d5a1-dbbc-4002-b074-13b50a5422e3",
              "parentUUID": "5935ca61-21a8-472f-96cb-8c0ddd59dcb0",
              "isHook": false,
              "skipped": false
            }
          ],
          "suites": [],
          "passes": [
            "96b0d5a1-dbbc-4002-b074-13b50a5422e3"
          ],
          "failures": [],
          "pending": [],
          "skipped": [],
          "duration": 3455,
          "root": false,
          "rootEmpty": false,
          "_timeout": 2000
        }
      ],
      "passes": [],
      "failures": [],
      "pending": [],
      "skipped": [],
      "duration": 0,
      "root": true,
      "rootEmpty": true,
      "_timeout": 2000
    }
  ],
  "meta": {
    "mocha": {
      "version": "7.0.1"
    },
    "mochawesome": {
      "options": {
        "quiet": false,
        "reportFilename": "mochawesome",
        "saveHtml": false,
        "saveJson": true,
        "consoleReporter": "spec",
        "useInlineDiffs": false,
        "code": true
      },
      "version": "7.1.3"
    },
    "marge": {
      "options": {
        "reportDir": "cypress/reports/json",
        "overwrite": false,
        "html": false,
        "json": true
      },
      "version": "6.2.0"
    }
  }
}