{
  "stats": {
    "suites": 1,
    "tests": 1,
    "passes": 1,
    "pending": 0,
    "failures": 0,
    "start": "2026-08-20T10:16:32.052Z",
    "end": "2026-08-20T10:17:01.436Z",
    "duration": 29384,
    "testsRegistered": 1,
    "passPercent": 100,
    "pendingPercent": 0,
    "other": 0,
    "hasOther": false,
    "skipped": 0,
    "hasSkipped": false
  },
  "results": [
    {
      "uuid": "c241aa8f-527d-4e06-8eb2-c8050f5ea15f",
      "title": "",
      "fullFile": "cypress\\e2e\\DataFlow\\Emergency Contact\\MobileNumber.cy.js",
      "file": "cypress\\e2e\\DataFlow\\Emergency Contact\\MobileNumber.cy.js",
      "beforeHooks": [],
      "afterHooks": [],
      "tests": [],
      "suites": [
        {
          "uuid": "264248fa-288a-4a01-b5c2-3822bf0e786a",
          "title": "MobileNumber",
          "fullFile": "",
          "file": "",
          "beforeHooks": [],
          "afterHooks": [],
          "tests": [
            {
              "title": "MobileNumber",
              "fullTitle": "MobileNumber MobileNumber",
              "timedOut": null,
              "duration": 27681,
              "state": "passed",
              "speed": "slow",
              "pass": true,
              "fail": false,
              "pending": false,
              "context": null,
              "code": "const selectedEnvironments = _urls.default.selectedEnvironment;\nconst selectUrl = _urls.default.environments[selectedEnvironments];\ncy.visit(selectUrl);\nconst P1 = new _Elements.default();\nP1.login();\ncy.get('body').then($bodyText => {\n  const bodyText = $bodyText.text();\n  if (bodyText.includes('Edit Profile')) {\n    cy.contains('Edit Profile').click();\n  } else {\n    cy.contains('Complete Profile').eq(0).click();\n  }\n});\ncy.contains('Emergency Contact').click();\ncy.wait(1000);\ncy.contains('Add Another Contact').then($btn => {\n  if ($btn.is(':disabled')) {\n    P1.EmergencyNumbersStoring();\n    cy.wait(500);\n    cy.get('svg[class=\"EmergencyContact_redIcon__xfuA3\"]').eq(2).click();\n    cy.wait(1000);\n    cy.get(`button[class=\"chakra-button css-18zw69y\"]`).click();\n    cy.wait(1000);\n    cy.contains('Add Another Contact').should('not.be.disabled');\n    cy.wait(500);\n    cy.contains('Add Another Contact').click();\n    cy.wait(1000);\n    let relation = 'input[placeholder=\"Mobile Number\"]';\n    cy.get(relation).type('9019803837');\n    cy.wait(1000);\n    cy.get(relation).should('have.value', '90198-03837');\n    cy.wait(1000);\n    cy.contains('Cancel').click();\n    cy.wait(500);\n    P1.EmergencyNumbersRetrieving();\n  } else {\n    cy.contains('Add Another Contact').click();\n    cy.wait(1000);\n    let relation = 'input[placeholder=\"Mobile Number\"]';\n    cy.get(relation).type('9019803837');\n    cy.wait(1000);\n    cy.get(relation).should('have.value', '90198-03837');\n    cy.wait(1000);\n    cy.contains('Cancel').click();\n  }\n});",
              "err": {},
              "uuid": "28fa1525-ebd5-4b97-8c75-f7128b2dbe95",
              "parentUUID": "264248fa-288a-4a01-b5c2-3822bf0e786a",
              "isHook": false,
              "skipped": false
            }
          ],
          "suites": [],
          "passes": [
            "28fa1525-ebd5-4b97-8c75-f7128b2dbe95"
          ],
          "failures": [],
          "pending": [],
          "skipped": [],
          "duration": 27681,
          "root": false,
          "rootEmpty": false,
          "_timeout": 2000
        }
      ],
      "passes": [],
      "failures": [],
      "pending": [],
      "skipped": [],
      "duration": 0,
      "root": true,
      "rootEmpty": true,
      "_timeout": 2000
    }
  ],
  "meta": {
    "mocha": {
      "version": "7.0.1"
    },
    "mochawesome": {
      "options": {
        "quiet": false,
        "reportFilename": "mochawesome",
        "saveHtml": false,
        "saveJson": true,
        "consoleReporter": "spec",
        "useInlineDiffs": false,
        "code": true
      },
      "version": "7.1.3"
    },
    "marge": {
      "options": {
        "reportDir": "cypress/reports/json",
        "overwrite": false,
        "html": false,
        "json": true
      },
      "version": "6.2.0"
    }
  }
}