{
  "stats": {
    "suites": 1,
    "tests": 1,
    "passes": 1,
    "pending": 0,
    "failures": 0,
    "start": "2026-08-04T05:56:44.101Z",
    "end": "2026-08-04T05:56:49.382Z",
    "duration": 5281,
    "testsRegistered": 1,
    "passPercent": 100,
    "pendingPercent": 0,
    "other": 0,
    "hasOther": false,
    "skipped": 0,
    "hasSkipped": false
  },
  "results": [
    {
      "uuid": "fae777aa-809c-44e5-a142-ec6d30dff696",
      "title": "",
      "fullFile": "cypress\\e2e\\UI\\Aboutus\\MISSION PARAGRAPH 2.cy.js",
      "file": "cypress\\e2e\\UI\\Aboutus\\MISSION PARAGRAPH 2.cy.js",
      "beforeHooks": [],
      "afterHooks": [],
      "tests": [],
      "suites": [
        {
          "uuid": "1a10d450-89a5-48d6-8fe1-e85fa951e4eb",
          "title": "MISSION PARAGRAPH 2",
          "fullFile": "",
          "file": "",
          "beforeHooks": [],
          "afterHooks": [],
          "tests": [
            {
              "title": "TC09 - Mission paragraph #2 content",
              "fullTitle": "MISSION PARAGRAPH 2 TC09 - Mission paragraph #2 content",
              "timedOut": null,
              "duration": 3807,
              "state": "passed",
              "speed": "fast",
              "pass": true,
              "fail": false,
              "pending": false,
              "context": null,
              "code": "cy.contains('p, div', 'leveraging cutting-edge technology').should('be.visible');",
              "err": {},
              "uuid": "68c4096d-801c-4cc6-ad64-32cbc390b750",
              "parentUUID": "1a10d450-89a5-48d6-8fe1-e85fa951e4eb",
              "isHook": false,
              "skipped": false
            }
          ],
          "suites": [],
          "passes": [
            "68c4096d-801c-4cc6-ad64-32cbc390b750"
          ],
          "failures": [],
          "pending": [],
          "skipped": [],
          "duration": 3807,
          "root": false,
          "rootEmpty": false,
          "_timeout": 2000
        }
      ],
      "passes": [],
      "failures": [],
      "pending": [],
      "skipped": [],
      "duration": 0,
      "root": true,
      "rootEmpty": true,
      "_timeout": 2000
    }
  ],
  "meta": {
    "mocha": {
      "version": "7.0.1"
    },
    "mochawesome": {
      "options": {
        "quiet": false,
        "reportFilename": "mochawesome",
        "saveHtml": false,
        "saveJson": true,
        "consoleReporter": "spec",
        "useInlineDiffs": false,
        "code": true
      },
      "version": "7.1.3"
    },
    "marge": {
      "options": {
        "reportDir": "cypress/reports/json",
        "overwrite": false,
        "html": false,
        "json": true
      },
      "version": "6.2.0"
    }
  }
}