{
  "stats": {
    "suites": 1,
    "tests": 4,
    "passes": 4,
    "pending": 0,
    "failures": 0,
    "start": "2026-08-20T10:37:18.649Z",
    "end": "2026-08-20T10:37:33.245Z",
    "duration": 14596,
    "testsRegistered": 4,
    "passPercent": 100,
    "pendingPercent": 0,
    "other": 0,
    "hasOther": false,
    "skipped": 0,
    "hasSkipped": false
  },
  "results": [
    {
      "uuid": "788a9b26-bff0-479c-ae92-0a5bd605a74c",
      "title": "",
      "fullFile": "cypress\\e2e\\UI\\Aboutus\\FOUNDER CARD 1.cy.js",
      "file": "cypress\\e2e\\UI\\Aboutus\\FOUNDER CARD 1.cy.js",
      "beforeHooks": [],
      "afterHooks": [],
      "tests": [],
      "suites": [
        {
          "uuid": "03290b27-42eb-41f4-bdd5-7e8dec3a2c1f",
          "title": "FOUNDER CARD 1",
          "fullFile": "",
          "file": "",
          "beforeHooks": [],
          "afterHooks": [],
          "tests": [
            {
              "title": "TC11 - Founder card 1 name \"Raman Rangarajan Iyengar (Ranga)\"",
              "fullTitle": "FOUNDER CARD 1 TC11 - Founder card 1 name \"Raman Rangarajan Iyengar (Ranga)\"",
              "timedOut": null,
              "duration": 4304,
              "state": "passed",
              "speed": "fast",
              "pass": true,
              "fail": false,
              "pending": false,
              "context": null,
              "code": "cy.contains('h3, h4, h5', 'Raman Rangarajan Iyengar').should('be.visible').and('contain.text', 'Ranga');",
              "err": {},
              "uuid": "e1a32fa6-b939-40b2-842f-b151105aab11",
              "parentUUID": "03290b27-42eb-41f4-bdd5-7e8dec3a2c1f",
              "isHook": false,
              "skipped": false
            },
            {
              "title": "TC12 - Founder card 1 role label \"Founder\"",
              "fullTitle": "FOUNDER CARD 1 TC12 - Founder card 1 role label \"Founder\"",
              "timedOut": null,
              "duration": 2831,
              "state": "passed",
              "speed": "fast",
              "pass": true,
              "fail": false,
              "pending": false,
              "context": null,
              "code": "cy.contains('Founder').filter(':visible').first().should('be.visible');",
              "err": {},
              "uuid": "d30f2c94-0979-43ca-9f90-2617c24f30b6",
              "parentUUID": "03290b27-42eb-41f4-bdd5-7e8dec3a2c1f",
              "isHook": false,
              "skipped": false
            },
            {
              "title": "TC13 - Founder card 1 bio paragraph",
              "fullTitle": "FOUNDER CARD 1 TC13 - Founder card 1 bio paragraph",
              "timedOut": null,
              "duration": 2816,
              "state": "passed",
              "speed": "fast",
              "pass": true,
              "fail": false,
              "pending": false,
              "context": null,
              "code": "cy.contains('p, div', 'IIT Kharagpur (Class of 1996) and IIM Lucknow').should('be.visible');",
              "err": {},
              "uuid": "4c69ce4e-d153-44e0-b607-b12b80e1173f",
              "parentUUID": "03290b27-42eb-41f4-bdd5-7e8dec3a2c1f",
              "isHook": false,
              "skipped": false
            },
            {
              "title": "TC14 - Founder card 1 profile image",
              "fullTitle": "FOUNDER CARD 1 TC14 - Founder card 1 profile image",
              "timedOut": null,
              "duration": 2761,
              "state": "passed",
              "speed": "fast",
              "pass": true,
              "fail": false,
              "pending": false,
              "context": null,
              "code": "cy.contains('Raman Rangarajan Iyengar').parents().find('img').first().as('img1');\ncy.get('@img1').should('be.visible').and('have.attr', 'src').and('not.be.empty');\ncy.get('@img1').should('have.attr', 'alt');\ncy.get('@img1').then($img => {\n  expect($img[0].naturalWidth).to.be.greaterThan(0).and.equal(234);\n  expect($img[0].naturalHeight).to.be.greaterThan(0).and.equal(94);\n});",
              "err": {},
              "uuid": "54faf9d1-4516-4ba7-9475-7ff8dcf2bbad",
              "parentUUID": "03290b27-42eb-41f4-bdd5-7e8dec3a2c1f",
              "isHook": false,
              "skipped": false
            }
          ],
          "suites": [],
          "passes": [
            "e1a32fa6-b939-40b2-842f-b151105aab11",
            "d30f2c94-0979-43ca-9f90-2617c24f30b6",
            "4c69ce4e-d153-44e0-b607-b12b80e1173f",
            "54faf9d1-4516-4ba7-9475-7ff8dcf2bbad"
          ],
          "failures": [],
          "pending": [],
          "skipped": [],
          "duration": 12712,
          "root": false,
          "rootEmpty": false,
          "_timeout": 2000
        }
      ],
      "passes": [],
      "failures": [],
      "pending": [],
      "skipped": [],
      "duration": 0,
      "root": true,
      "rootEmpty": true,
      "_timeout": 2000
    }
  ],
  "meta": {
    "mocha": {
      "version": "7.0.1"
    },
    "mochawesome": {
      "options": {
        "quiet": false,
        "reportFilename": "mochawesome",
        "saveHtml": false,
        "saveJson": true,
        "consoleReporter": "spec",
        "useInlineDiffs": false,
        "code": true
      },
      "version": "7.1.3"
    },
    "marge": {
      "options": {
        "reportDir": "cypress/reports/json",
        "overwrite": false,
        "html": false,
        "json": true
      },
      "version": "6.2.0"
    }
  }
}