{
  "stats": {
    "suites": 1,
    "tests": 1,
    "passes": 0,
    "pending": 0,
    "failures": 1,
    "start": "2026-06-12T05:35:45.272Z",
    "end": "2026-06-12T05:36:00.715Z",
    "duration": 15443,
    "testsRegistered": 1,
    "passPercent": 0,
    "pendingPercent": 0,
    "other": 0,
    "hasOther": false,
    "skipped": 0,
    "hasSkipped": false
  },
  "results": [
    {
      "uuid": "5e657587-8de2-4f12-9f5c-da243882e140",
      "title": "",
      "fullFile": "cypress\\e2e\\DataFlow\\Medical Profile\\Blood Group_A-.cy.js",
      "file": "cypress\\e2e\\DataFlow\\Medical Profile\\Blood Group_A-.cy.js",
      "beforeHooks": [],
      "afterHooks": [],
      "tests": [],
      "suites": [
        {
          "uuid": "1a696cf3-e60e-4f74-8908-1dde6e167739",
          "title": "BG",
          "fullFile": "",
          "file": "",
          "beforeHooks": [],
          "afterHooks": [],
          "tests": [
            {
              "title": "BG",
              "fullTitle": "BG BG",
              "timedOut": null,
              "duration": 14133,
              "state": "failed",
              "speed": null,
              "pass": false,
              "fail": true,
              "pending": false,
              "context": "{\n  \"title\": \"cypress-mochawesome-reporter-screenshots\",\n  \"value\": [\n    [\n      \"\\\\DataFlow\\\\Medical Profile\\\\Blood Group_A-.cy.js\\\\BG -- BG (failed).png\"\n    ]\n  ]\n}",
              "code": "const selectedEnvironments = _urls.default.selectedEnvironment;\nconst selectUrl = _urls.default.environments[selectedEnvironments];\ncy.visit(selectUrl);\nconst P1 = new _Elements.default();\ncy.wait(1500);\ncy.contains('Login').click();\ncy.wait(1500);\ncy.get('input[id=\"email\"]').type(_UNPASS.default.Un);\ncy.wait(1500);\ncy.get('button[type=\"submit\"]').click();\ncy.wait(3500);\nP1.PTA();\ncy.wait(1000);\nP1.OTP();\ncy.wait(1000);\ncy.contains('Verify').click();\ncy.wait(1500);\ncy.get('body').then($bodyText => {\n  const bodyText = $bodyText.text();\n  if (bodyText.includes('Edit Profile')) {\n    cy.contains('Edit Profile').click();\n  } else {\n    cy.contains('Complete Profile').eq(0).click();\n  }\n});\ncy.contains('Medical Profile').click();\ncy.wait(1000);\nlet BG = 'select[class=\"chakra-select css-161pkch\"]';\ncy.wait(1000);\ncy.get(BG).eq(0).select('A-');\ncy.wait(1000);\ncy.get(BG).eq(0).should('have.value', 'A-');",
              "err": {
                "message": "AssertionError: Timed out retrying after 10000ms: Expected to find element: `input[id=\"email\"]`, but never found it.",
                "estack": "AssertionError: Timed out retrying after 10000ms: Expected to find element: `input[id=\"email\"]`, but never found it.\n    at Context.eval (webpack:///./cypress/e2e/DataFlow/Medical Profile/Blood Group_A-.cy.js:14:11)",
                "diff": null
              },
              "uuid": "c4ca7f08-cf65-4ced-ab1c-44444bb91b79",
              "parentUUID": "1a696cf3-e60e-4f74-8908-1dde6e167739",
              "isHook": false,
              "skipped": false
            }
          ],
          "suites": [],
          "passes": [],
          "failures": [
            "c4ca7f08-cf65-4ced-ab1c-44444bb91b79"
          ],
          "pending": [],
          "skipped": [],
          "duration": 14133,
          "root": false,
          "rootEmpty": false,
          "_timeout": 2000
        }
      ],
      "passes": [],
      "failures": [],
      "pending": [],
      "skipped": [],
      "duration": 0,
      "root": true,
      "rootEmpty": true,
      "_timeout": 2000
    }
  ],
  "meta": {
    "mocha": {
      "version": "7.0.1"
    },
    "mochawesome": {
      "options": {
        "quiet": false,
        "reportFilename": "mochawesome",
        "saveHtml": false,
        "saveJson": true,
        "consoleReporter": "spec",
        "useInlineDiffs": false,
        "code": true
      },
      "version": "7.1.3"
    },
    "marge": {
      "options": {
        "reportDir": "cypress/reports/json",
        "overwrite": false,
        "html": false,
        "json": true
      },
      "version": "6.2.0"
    }
  }
}