{
  "stats": {
    "suites": 1,
    "tests": 1,
    "passes": 1,
    "pending": 0,
    "failures": 0,
    "start": "2026-07-31T12:04:47.761Z",
    "end": "2026-07-31T12:04:49.958Z",
    "duration": 2197,
    "testsRegistered": 1,
    "passPercent": 100,
    "pendingPercent": 0,
    "other": 0,
    "hasOther": false,
    "skipped": 0,
    "hasSkipped": false
  },
  "results": [
    {
      "uuid": "e36b3de9-fe6c-44aa-af1a-9f1745c90ba2",
      "title": "",
      "fullFile": "cypress\\e2e\\UI\\Customer login page\\FOOTER COPYRIGHT TEXT.cy.js",
      "file": "cypress\\e2e\\UI\\Customer login page\\FOOTER COPYRIGHT TEXT.cy.js",
      "beforeHooks": [],
      "afterHooks": [],
      "tests": [],
      "suites": [
        {
          "uuid": "4570513c-a2b7-4ebe-a67c-8264b297c797",
          "title": "FOOTER COPYRIGHT TEXT",
          "fullFile": "",
          "file": "",
          "beforeHooks": [],
          "afterHooks": [],
          "tests": [
            {
              "title": "should assert footer copyright text is present and correct",
              "fullTitle": "FOOTER COPYRIGHT TEXT should assert footer copyright text is present and correct",
              "timedOut": null,
              "duration": 844,
              "state": "passed",
              "speed": "fast",
              "pass": true,
              "fail": false,
              "pending": false,
              "context": null,
              "code": "cy.contains('© 2025 Copyright POCOCARE. All Rights Reserved').should('be.visible');",
              "err": {},
              "uuid": "20bc8a15-34f3-463a-8dac-1058f434156e",
              "parentUUID": "4570513c-a2b7-4ebe-a67c-8264b297c797",
              "isHook": false,
              "skipped": false
            }
          ],
          "suites": [],
          "passes": [
            "20bc8a15-34f3-463a-8dac-1058f434156e"
          ],
          "failures": [],
          "pending": [],
          "skipped": [],
          "duration": 844,
          "root": false,
          "rootEmpty": false,
          "_timeout": 2000
        }
      ],
      "passes": [],
      "failures": [],
      "pending": [],
      "skipped": [],
      "duration": 0,
      "root": true,
      "rootEmpty": true,
      "_timeout": 2000
    }
  ],
  "meta": {
    "mocha": {
      "version": "7.0.1"
    },
    "mochawesome": {
      "options": {
        "quiet": false,
        "reportFilename": "mochawesome",
        "saveHtml": false,
        "saveJson": true,
        "consoleReporter": "spec",
        "useInlineDiffs": false,
        "code": true
      },
      "version": "7.1.3"
    },
    "marge": {
      "options": {
        "reportDir": "cypress/reports/json",
        "overwrite": false,
        "html": false,
        "json": true
      },
      "version": "6.2.0"
    }
  }
}