{
  "stats": {
    "suites": 1,
    "tests": 1,
    "passes": 0,
    "pending": 0,
    "failures": 1,
    "start": "2026-06-12T05:19:32.655Z",
    "end": "2026-06-12T05:20:05.249Z",
    "duration": 32594,
    "testsRegistered": 1,
    "passPercent": 0,
    "pendingPercent": 0,
    "other": 0,
    "hasOther": false,
    "skipped": 0,
    "hasSkipped": false
  },
  "results": [
    {
      "uuid": "76c7838b-9b3d-4fa2-a8cb-2c2dd474f25c",
      "title": "",
      "fullFile": "cypress\\e2e\\DataFlow\\Address\\Addresslabel_Home.cy.js",
      "file": "cypress\\e2e\\DataFlow\\Address\\Addresslabel_Home.cy.js",
      "beforeHooks": [],
      "afterHooks": [],
      "tests": [],
      "suites": [
        {
          "uuid": "3151e668-d313-425d-918a-e013fa955e77",
          "title": "Addresslabel_Home",
          "fullFile": "",
          "file": "",
          "beforeHooks": [],
          "afterHooks": [],
          "tests": [
            {
              "title": "Age",
              "fullTitle": "Addresslabel_Home Age",
              "timedOut": null,
              "duration": 31114,
              "state": "failed",
              "speed": null,
              "pass": false,
              "fail": true,
              "pending": false,
              "context": "{\n  \"title\": \"cypress-mochawesome-reporter-screenshots\",\n  \"value\": [\n    [\n      \"\\\\DataFlow\\\\Address\\\\Addresslabel_Home.cy.js\\\\Addresslabel_Home -- Age (failed).png\"\n    ]\n  ]\n}",
              "code": "const selectedEnvironments = _urls.default.selectedEnvironment;\nconst selectUrl = _urls.default.environments[selectedEnvironments];\ncy.visit(selectUrl);\nconst P1 = new _Elements.default();\n// cy.wait(1500);\n// cy.contains('Login').click();\n// cy.wait(1500);\ncy.get('input[placeholder=\"Email\"]').type(_UNPASS.default.Un);\ncy.wait(1500);\ncy.contains('Get OTP').click();\ncy.wait(3500);\nP1.PTA();\ncy.wait(1000);\nP1.OTP();\ncy.wait(1000);\ncy.contains('Verify').click();\ncy.wait(1500);\ncy.get('body').then($bodyText => {\n  const bodyText = $bodyText.text();\n  if (bodyText.includes('Edit Profile')) {\n    cy.contains('Edit Profile').click();\n  } else {\n    cy.contains('Complete Profile').eq(0).click();\n  }\n});\ncy.contains('Address').click();\ncy.wait(1000);\ncy.contains('Add Another Address').then($button => {\n  if ($button.prop('disabled')) {\n    cy.log('Maximum limit is reached');\n  } else {\n    cy.contains('Add Another Address').click();\n    cy.wait(1000);\n    cy.contains('Add New').click();\n    cy.wait(1000);\n    cy.get('select[class=\"chakra-select css-161pkch\"]').eq(0).scrollIntoView().select('Home');\n    cy.wait(1000);\n    cy.get('select[class=\"chakra-select css-161pkch\"]').eq(0).scrollIntoView().should('have.value', 'Home');\n    cy.wait(1000);\n    cy.contains('Cancel').click();\n  }\n});",
              "err": {
                "message": "AssertionError: Timed out retrying after 10000ms: Expected to find element: `select[class=\"chakra-select css-161pkch\"]`, but never found it.",
                "estack": "AssertionError: Timed out retrying after 10000ms: Expected to find element: `select[class=\"chakra-select css-161pkch\"]`, but never found it.\n    at Context.eval (webpack:///./cypress/e2e/DataFlow/Address/Addresslabel_Home.cy.js:42:19)",
                "diff": null
              },
              "uuid": "3365d4ef-a77a-42f6-bc30-42f12632f81c",
              "parentUUID": "3151e668-d313-425d-918a-e013fa955e77",
              "isHook": false,
              "skipped": false
            }
          ],
          "suites": [],
          "passes": [],
          "failures": [
            "3365d4ef-a77a-42f6-bc30-42f12632f81c"
          ],
          "pending": [],
          "skipped": [],
          "duration": 31114,
          "root": false,
          "rootEmpty": false,
          "_timeout": 2000
        }
      ],
      "passes": [],
      "failures": [],
      "pending": [],
      "skipped": [],
      "duration": 0,
      "root": true,
      "rootEmpty": true,
      "_timeout": 2000
    }
  ],
  "meta": {
    "mocha": {
      "version": "7.0.1"
    },
    "mochawesome": {
      "options": {
        "quiet": false,
        "reportFilename": "mochawesome",
        "saveHtml": false,
        "saveJson": true,
        "consoleReporter": "spec",
        "useInlineDiffs": false,
        "code": true
      },
      "version": "7.1.3"
    },
    "marge": {
      "options": {
        "reportDir": "cypress/reports/json",
        "overwrite": false,
        "html": false,
        "json": true
      },
      "version": "6.2.0"
    }
  }
}