{
  "stats": {
    "suites": 1,
    "tests": 1,
    "passes": 1,
    "pending": 0,
    "failures": 0,
    "start": "2026-07-31T12:07:09.661Z",
    "end": "2026-07-31T12:07:13.598Z",
    "duration": 3937,
    "testsRegistered": 1,
    "passPercent": 100,
    "pendingPercent": 0,
    "other": 0,
    "hasOther": false,
    "skipped": 0,
    "hasSkipped": false
  },
  "results": [
    {
      "uuid": "ac1a15ae-7702-4529-a388-62ae79eaa7a2",
      "title": "",
      "fullFile": "cypress\\e2e\\UI\\Terms & Conditions\\Footer Contact Info Block.cy.js",
      "file": "cypress\\e2e\\UI\\Terms & Conditions\\Footer Contact Info Block.cy.js",
      "beforeHooks": [],
      "afterHooks": [],
      "tests": [],
      "suites": [
        {
          "uuid": "6dd987f5-61b1-4de9-8b9c-fbc52a5a5443",
          "title": "Footer Contact Info Block",
          "fullFile": "",
          "file": "",
          "beforeHooks": [],
          "afterHooks": [],
          "tests": [
            {
              "title": "should verify address, phone, email text and position",
              "fullTitle": "Footer Contact Info Block should verify address, phone, email text and position",
              "timedOut": null,
              "duration": 2694,
              "state": "passed",
              "speed": "fast",
              "pass": true,
              "fail": false,
              "pending": false,
              "context": null,
              "code": "cy.contains('Bengaluru, India').should('be.visible');\ncy.get('a[href^=\"tel:\"]').should('contain.text', '+91 80560 66766').and('have.css', 'color');\ncy.get('a[href^=\"mailto:\"]').should('contain.text', 'info@pococare.com');",
              "err": {},
              "uuid": "ce238a36-9604-481d-8961-934a95b04292",
              "parentUUID": "6dd987f5-61b1-4de9-8b9c-fbc52a5a5443",
              "isHook": false,
              "skipped": false
            }
          ],
          "suites": [],
          "passes": [
            "ce238a36-9604-481d-8961-934a95b04292"
          ],
          "failures": [],
          "pending": [],
          "skipped": [],
          "duration": 2694,
          "root": false,
          "rootEmpty": false,
          "_timeout": 2000
        }
      ],
      "passes": [],
      "failures": [],
      "pending": [],
      "skipped": [],
      "duration": 0,
      "root": true,
      "rootEmpty": true,
      "_timeout": 2000
    }
  ],
  "meta": {
    "mocha": {
      "version": "7.0.1"
    },
    "mochawesome": {
      "options": {
        "quiet": false,
        "reportFilename": "mochawesome",
        "saveHtml": false,
        "saveJson": true,
        "consoleReporter": "spec",
        "useInlineDiffs": false,
        "code": true
      },
      "version": "7.1.3"
    },
    "marge": {
      "options": {
        "reportDir": "cypress/reports/json",
        "overwrite": false,
        "html": false,
        "json": true
      },
      "version": "6.2.0"
    }
  }
}