{
  "stats": {
    "suites": 1,
    "tests": 1,
    "passes": 1,
    "pending": 0,
    "failures": 0,
    "start": "2026-09-08T10:54:33.788Z",
    "end": "2026-09-08T10:54:38.523Z",
    "duration": 4735,
    "testsRegistered": 1,
    "passPercent": 100,
    "pendingPercent": 0,
    "other": 0,
    "hasOther": false,
    "skipped": 0,
    "hasSkipped": false
  },
  "results": [
    {
      "uuid": "f429feb8-850d-4e1b-9258-e791339e6ba1",
      "title": "",
      "fullFile": "cypress\\e2e\\UI\\Terms & Conditions\\Grievance Officer Contact Block.cy.js",
      "file": "cypress\\e2e\\UI\\Terms & Conditions\\Grievance Officer Contact Block.cy.js",
      "beforeHooks": [],
      "afterHooks": [],
      "tests": [],
      "suites": [
        {
          "uuid": "7ad35582-f157-4586-b362-1592a2def5a1",
          "title": "Grievance Officer Contact Block",
          "fullFile": "",
          "file": "",
          "beforeHooks": [],
          "afterHooks": [],
          "tests": [
            {
              "title": "should verify name and mailto link",
              "fullTitle": "Grievance Officer Contact Block should verify name and mailto link",
              "timedOut": null,
              "duration": 3325,
              "state": "passed",
              "speed": "fast",
              "pass": true,
              "fail": false,
              "pending": false,
              "context": null,
              "code": "cy.contains('Amitav Ash').should('be.visible');\ncy.get('a[href=\"mailto:amitav.a@pococare.com\"]').should('be.visible').and('have.attr', 'href', 'mailto:amitav.a@pococare.com');",
              "err": {},
              "uuid": "4675ffff-c565-46bd-87f0-8ce0075d82ab",
              "parentUUID": "7ad35582-f157-4586-b362-1592a2def5a1",
              "isHook": false,
              "skipped": false
            }
          ],
          "suites": [],
          "passes": [
            "4675ffff-c565-46bd-87f0-8ce0075d82ab"
          ],
          "failures": [],
          "pending": [],
          "skipped": [],
          "duration": 3325,
          "root": false,
          "rootEmpty": false,
          "_timeout": 2000
        }
      ],
      "passes": [],
      "failures": [],
      "pending": [],
      "skipped": [],
      "duration": 0,
      "root": true,
      "rootEmpty": true,
      "_timeout": 2000
    }
  ],
  "meta": {
    "mocha": {
      "version": "7.0.1"
    },
    "mochawesome": {
      "options": {
        "quiet": false,
        "reportFilename": "mochawesome",
        "saveHtml": false,
        "saveJson": true,
        "consoleReporter": "spec",
        "useInlineDiffs": false,
        "code": true
      },
      "version": "7.1.3"
    },
    "marge": {
      "options": {
        "reportDir": "cypress/reports/json",
        "overwrite": false,
        "html": false,
        "json": true
      },
      "version": "6.2.0"
    }
  }
}